[1.786s] DEBUG:colcon:Command line arguments: ['/usr/bin/colcon', 'build']
[1.786s] DEBUG:colcon:Parsed command line arguments: Namespace(ament_cmake_args=None, base_paths=['.'], build_base='build', catkin_cmake_args=None, catkin_skip_building_tests=False, cmake_args=None, cmake_clean_cache=False, cmake_clean_first=False, cmake_force_configure=False, cmake_target=None, cmake_target_skip_unavailable=False, continue_on_error=False, event_handlers=None, executor='parallel', ignore_user_meta=False, install_base='install', log_base=None, log_level=None, main=<bound method BuildVerb.main of <colcon_core.verb.build.BuildVerb object at 0x7f9f5e3588>>, merge_install=False, metas=['./colcon.meta'], packages_above=None, packages_above_and_dependencies=None, packages_above_depth=None, packages_end=None, packages_ignore=None, packages_ignore_regex=None, packages_select=None, packages_select_build_failed=False, packages_select_by_dep=None, packages_select_regex=None, packages_select_test_failures=False, packages_skip=None, packages_skip_build_finished=False, packages_skip_by_dep=None, packages_skip_regex=None, packages_skip_test_passed=False, packages_skip_up_to=None, packages_start=None, packages_up_to=None, packages_up_to_regex=None, parallel_workers=4, paths=None, symlink_install=False, test_result_base=None, verb_extension=<colcon_core.verb.build.BuildVerb object at 0x7f9f5e3588>, verb_name='build', verb_parser=<colcon_defaults.argument_parser.defaults.DefaultArgumentsDecorator object at 0x7f9f5e38d0>)
[1.823s] Level 1:colcon.colcon_core.package_discovery:discover_packages(colcon_meta) check parameters
[1.823s] Level 1:colcon.colcon_core.package_discovery:discover_packages(recursive) check parameters
[1.824s] Level 1:colcon.colcon_core.package_discovery:discover_packages(ignore) check parameters
[1.824s] Level 1:colcon.colcon_core.package_discovery:discover_packages(path) check parameters
[1.824s] Level 1:colcon.colcon_core.package_discovery:discover_packages(colcon_meta) discover
[1.826s] Level 1:colcon.colcon_core.package_discovery:discover_packages(recursive) discover
[1.826s] INFO:colcon.colcon_core.package_discovery:Crawling recursively for packages in '/slambot/ros2'
[1.826s] Level 1:colcon.colcon_core.package_identification:_identify(.) by extensions ['ignore', 'ignore_ament_install']
[1.827s] Level 1:colcon.colcon_core.package_identification:_identify(.) by extension 'ignore'
[1.827s] Level 1:colcon.colcon_core.package_identification:_identify(.) by extension 'ignore_ament_install'
[1.827s] Level 1:colcon.colcon_core.package_identification:_identify(.) by extensions ['colcon_pkg']
[1.828s] Level 1:colcon.colcon_core.package_identification:_identify(.) by extension 'colcon_pkg'
[1.828s] Level 1:colcon.colcon_core.package_identification:_identify(.) by extensions ['colcon_meta']
[1.828s] Level 1:colcon.colcon_core.package_identification:_identify(.) by extension 'colcon_meta'
[1.829s] Level 1:colcon.colcon_core.package_identification:_identify(.) by extensions ['ros']
[1.829s] Level 1:colcon.colcon_core.package_identification:_identify(.) by extension 'ros'
[1.895s] Level 1:colcon.colcon_core.package_identification:_identify(.) by extensions ['cmake', 'python']
[1.896s] Level 1:colcon.colcon_core.package_identification:_identify(.) by extension 'cmake'
[1.896s] Level 1:colcon.colcon_core.package_identification:_identify(.) by extension 'python'
[1.896s] Level 1:colcon.colcon_core.package_identification:_identify(.) by extensions ['python_setup_py']
[1.897s] Level 1:colcon.colcon_core.package_identification:_identify(.) by extension 'python_setup_py'
[1.897s] Level 1:colcon.colcon_core.package_identification:_identify(build) by extensions ['ignore', 'ignore_ament_install']
[1.898s] Level 1:colcon.colcon_core.package_identification:_identify(build) by extension 'ignore'
[1.898s] Level 1:colcon.colcon_core.package_identification:_identify(build) ignored
[1.900s] Level 1:colcon.colcon_core.package_identification:_identify(install) by extensions ['ignore', 'ignore_ament_install']
[1.900s] Level 1:colcon.colcon_core.package_identification:_identify(install) by extension 'ignore'
[1.901s] Level 1:colcon.colcon_core.package_identification:_identify(install) ignored
[1.901s] Level 1:colcon.colcon_core.package_identification:_identify(log) by extensions ['ignore', 'ignore_ament_install']
[1.901s] Level 1:colcon.colcon_core.package_identification:_identify(log) by extension 'ignore'
[1.902s] Level 1:colcon.colcon_core.package_identification:_identify(log) ignored
[1.902s] Level 1:colcon.colcon_core.package_identification:_identify(src) by extensions ['ignore', 'ignore_ament_install']
[1.903s] Level 1:colcon.colcon_core.package_identification:_identify(src) by extension 'ignore'
[1.903s] Level 1:colcon.colcon_core.package_identification:_identify(src) by extension 'ignore_ament_install'
[1.903s] Level 1:colcon.colcon_core.package_identification:_identify(src) by extensions ['colcon_pkg']
[1.903s] Level 1:colcon.colcon_core.package_identification:_identify(src) by extension 'colcon_pkg'
[1.904s] Level 1:colcon.colcon_core.package_identification:_identify(src) by extensions ['colcon_meta']
[1.904s] Level 1:colcon.colcon_core.package_identification:_identify(src) by extension 'colcon_meta'
[1.904s] Level 1:colcon.colcon_core.package_identification:_identify(src) by extensions ['ros']
[1.904s] Level 1:colcon.colcon_core.package_identification:_identify(src) by extension 'ros'
[1.905s] Level 1:colcon.colcon_core.package_identification:_identify(src) by extensions ['cmake', 'python']
[1.905s] Level 1:colcon.colcon_core.package_identification:_identify(src) by extension 'cmake'
[1.905s] Level 1:colcon.colcon_core.package_identification:_identify(src) by extension 'python'
[1.905s] Level 1:colcon.colcon_core.package_identification:_identify(src) by extensions ['python_setup_py']
[1.906s] Level 1:colcon.colcon_core.package_identification:_identify(src) by extension 'python_setup_py'
[1.907s] Level 1:colcon.colcon_core.package_identification:_identify(src/ros_tutorials) by extensions ['ignore', 'ignore_ament_install']
[1.907s] Level 1:colcon.colcon_core.package_identification:_identify(src/ros_tutorials) by extension 'ignore'
[1.908s] Level 1:colcon.colcon_core.package_identification:_identify(src/ros_tutorials) by extension 'ignore_ament_install'
[1.908s] Level 1:colcon.colcon_core.package_identification:_identify(src/ros_tutorials) by extensions ['colcon_pkg']
[1.908s] Level 1:colcon.colcon_core.package_identification:_identify(src/ros_tutorials) by extension 'colcon_pkg'
[1.909s] Level 1:colcon.colcon_core.package_identification:_identify(src/ros_tutorials) by extensions ['colcon_meta']
[1.909s] Level 1:colcon.colcon_core.package_identification:_identify(src/ros_tutorials) by extension 'colcon_meta'
[1.909s] Level 1:colcon.colcon_core.package_identification:_identify(src/ros_tutorials) by extensions ['ros']
[1.909s] Level 1:colcon.colcon_core.package_identification:_identify(src/ros_tutorials) by extension 'ros'
[1.910s] Level 1:colcon.colcon_core.package_identification:_identify(src/ros_tutorials) by extensions ['cmake', 'python']
[1.910s] Level 1:colcon.colcon_core.package_identification:_identify(src/ros_tutorials) by extension 'cmake'
[1.910s] Level 1:colcon.colcon_core.package_identification:_identify(src/ros_tutorials) by extension 'python'
[1.910s] Level 1:colcon.colcon_core.package_identification:_identify(src/ros_tutorials) by extensions ['python_setup_py']
[1.911s] Level 1:colcon.colcon_core.package_identification:_identify(src/ros_tutorials) by extension 'python_setup_py'
[1.912s] Level 1:colcon.colcon_core.package_identification:_identify(src/ros_tutorials/ros_tutorials) by extensions ['ignore', 'ignore_ament_install']
[1.912s] Level 1:colcon.colcon_core.package_identification:_identify(src/ros_tutorials/ros_tutorials) by extension 'ignore'
[1.912s] Level 1:colcon.colcon_core.package_identification:_identify(src/ros_tutorials/ros_tutorials) ignored
[1.913s] Level 1:colcon.colcon_core.package_identification:_identify(src/ros_tutorials/roscpp_tutorials) by extensions ['ignore', 'ignore_ament_install']
[1.914s] Level 1:colcon.colcon_core.package_identification:_identify(src/ros_tutorials/roscpp_tutorials) by extension 'ignore'
[1.914s] Level 1:colcon.colcon_core.package_identification:_identify(src/ros_tutorials/roscpp_tutorials) ignored
[1.915s] Level 1:colcon.colcon_core.package_identification:_identify(src/ros_tutorials/rospy_tutorials) by extensions ['ignore', 'ignore_ament_install']
[1.915s] Level 1:colcon.colcon_core.package_identification:_identify(src/ros_tutorials/rospy_tutorials) by extension 'ignore'
[1.915s] Level 1:colcon.colcon_core.package_identification:_identify(src/ros_tutorials/rospy_tutorials) ignored
[1.916s] Level 1:colcon.colcon_core.package_identification:_identify(src/ros_tutorials/turtlesim) by extensions ['ignore', 'ignore_ament_install']
[1.916s] Level 1:colcon.colcon_core.package_identification:_identify(src/ros_tutorials/turtlesim) by extension 'ignore'
[1.917s] Level 1:colcon.colcon_core.package_identification:_identify(src/ros_tutorials/turtlesim) by extension 'ignore_ament_install'
[1.917s] Level 1:colcon.colcon_core.package_identification:_identify(src/ros_tutorials/turtlesim) by extensions ['colcon_pkg']
[1.917s] Level 1:colcon.colcon_core.package_identification:_identify(src/ros_tutorials/turtlesim) by extension 'colcon_pkg'
[1.917s] Level 1:colcon.colcon_core.package_identification:_identify(src/ros_tutorials/turtlesim) by extensions ['colcon_meta']
[1.918s] Level 1:colcon.colcon_core.package_identification:_identify(src/ros_tutorials/turtlesim) by extension 'colcon_meta'
[1.918s] Level 1:colcon.colcon_core.package_identification:_identify(src/ros_tutorials/turtlesim) by extensions ['ros']
[1.918s] Level 1:colcon.colcon_core.package_identification:_identify(src/ros_tutorials/turtlesim) by extension 'ros'
[1.936s] DEBUG:colcon.colcon_core.package_identification:Package 'src/ros_tutorials/turtlesim' with type 'ros.ament_cmake' and name 'turtlesim'
[1.937s] Level 1:colcon.colcon_core.package_identification:_identify(src/rplidar_ros2) by extensions ['ignore', 'ignore_ament_install']
[1.937s] Level 1:colcon.colcon_core.package_identification:_identify(src/rplidar_ros2) by extension 'ignore'
[1.938s] Level 1:colcon.colcon_core.package_identification:_identify(src/rplidar_ros2) by extension 'ignore_ament_install'
[1.938s] Level 1:colcon.colcon_core.package_identification:_identify(src/rplidar_ros2) by extensions ['colcon_pkg']
[1.938s] Level 1:colcon.colcon_core.package_identification:_identify(src/rplidar_ros2) by extension 'colcon_pkg'
[1.939s] Level 1:colcon.colcon_core.package_identification:_identify(src/rplidar_ros2) by extensions ['colcon_meta']
[1.939s] Level 1:colcon.colcon_core.package_identification:_identify(src/rplidar_ros2) by extension 'colcon_meta'
[1.939s] Level 1:colcon.colcon_core.package_identification:_identify(src/rplidar_ros2) by extensions ['ros']
[1.939s] Level 1:colcon.colcon_core.package_identification:_identify(src/rplidar_ros2) by extension 'ros'
[1.942s] DEBUG:colcon.colcon_core.package_identification:Package 'src/rplidar_ros2' with type 'ros.ament_cmake' and name 'rplidar_ros'
[1.943s] Level 1:colcon.colcon_core.package_discovery:discover_packages(recursive) using defaults
[1.944s] Level 1:colcon.colcon_core.package_discovery:discover_packages(ignore) discover
[1.944s] Level 1:colcon.colcon_core.package_discovery:discover_packages(ignore) using defaults
[1.945s] Level 1:colcon.colcon_core.package_discovery:discover_packages(path) discover
[1.945s] Level 1:colcon.colcon_core.package_discovery:discover_packages(path) using defaults
[2.129s] Level 5:colcon.colcon_core.verb:set package 'rplidar_ros' build argument 'cmake_args' from command line to 'None'
[2.130s] Level 5:colcon.colcon_core.verb:set package 'rplidar_ros' build argument 'cmake_target' from command line to 'None'
[2.130s] Level 5:colcon.colcon_core.verb:set package 'rplidar_ros' build argument 'cmake_target_skip_unavailable' from command line to 'False'
[2.130s] Level 5:colcon.colcon_core.verb:set package 'rplidar_ros' build argument 'cmake_clean_cache' from command line to 'False'
[2.130s] Level 5:colcon.colcon_core.verb:set package 'rplidar_ros' build argument 'cmake_clean_first' from command line to 'False'
[2.130s] Level 5:colcon.colcon_core.verb:set package 'rplidar_ros' build argument 'cmake_force_configure' from command line to 'False'
[2.131s] Level 5:colcon.colcon_core.verb:set package 'rplidar_ros' build argument 'ament_cmake_args' from command line to 'None'
[2.131s] Level 5:colcon.colcon_core.verb:set package 'rplidar_ros' build argument 'catkin_cmake_args' from command line to 'None'
[2.131s] Level 5:colcon.colcon_core.verb:set package 'rplidar_ros' build argument 'catkin_skip_building_tests' from command line to 'False'
[2.131s] DEBUG:colcon.colcon_core.verb:Building package 'rplidar_ros' with the following arguments: {'ament_cmake_args': None, 'build_base': '/slambot/ros2/build/rplidar_ros', 'catkin_cmake_args': None, 'catkin_skip_building_tests': False, 'cmake_args': None, 'cmake_clean_cache': False, 'cmake_clean_first': False, 'cmake_force_configure': False, 'cmake_target': None, 'cmake_target_skip_unavailable': False, 'install_base': '/slambot/ros2/install/rplidar_ros', 'merge_install': False, 'path': '/slambot/ros2/src/rplidar_ros2', 'symlink_install': False, 'test_result_base': None}
[2.153s] Level 5:colcon.colcon_core.verb:set package 'turtlesim' build argument 'cmake_args' from command line to 'None'
[2.153s] Level 5:colcon.colcon_core.verb:set package 'turtlesim' build argument 'cmake_target' from command line to 'None'
[2.153s] Level 5:colcon.colcon_core.verb:set package 'turtlesim' build argument 'cmake_target_skip_unavailable' from command line to 'False'
[2.153s] Level 5:colcon.colcon_core.verb:set package 'turtlesim' build argument 'cmake_clean_cache' from command line to 'False'
[2.154s] Level 5:colcon.colcon_core.verb:set package 'turtlesim' build argument 'cmake_clean_first' from command line to 'False'
[2.154s] Level 5:colcon.colcon_core.verb:set package 'turtlesim' build argument 'cmake_force_configure' from command line to 'False'
[2.154s] Level 5:colcon.colcon_core.verb:set package 'turtlesim' build argument 'ament_cmake_args' from command line to 'None'
[2.154s] Level 5:colcon.colcon_core.verb:set package 'turtlesim' build argument 'catkin_cmake_args' from command line to 'None'
[2.154s] Level 5:colcon.colcon_core.verb:set package 'turtlesim' build argument 'catkin_skip_building_tests' from command line to 'False'
[2.155s] DEBUG:colcon.colcon_core.verb:Building package 'turtlesim' with the following arguments: {'ament_cmake_args': None, 'build_base': '/slambot/ros2/build/turtlesim', 'catkin_cmake_args': None, 'catkin_skip_building_tests': False, 'cmake_args': None, 'cmake_clean_cache': False, 'cmake_clean_first': False, 'cmake_force_configure': False, 'cmake_target': None, 'cmake_target_skip_unavailable': False, 'install_base': '/slambot/ros2/install/turtlesim', 'merge_install': False, 'path': '/slambot/ros2/src/ros_tutorials/turtlesim', 'symlink_install': False, 'test_result_base': None}
[2.156s] INFO:colcon.colcon_core.executor:Executing jobs using 'parallel' executor
[2.168s] DEBUG:colcon.colcon_parallel_executor.executor.parallel:run_until_complete
[2.170s] INFO:colcon.colcon_ros.task.ament_cmake.build:Building ROS package in '/slambot/ros2/src/rplidar_ros2' with build type 'ament_cmake'
[2.172s] INFO:colcon.colcon_cmake.task.cmake.build:Building CMake package in '/slambot/ros2/src/rplidar_ros2'
[2.195s] INFO:colcon.colcon_core.plugin_system:Skipping extension 'colcon_core.shell.bat': Not used on non-Windows systems
[2.196s] INFO:colcon.colcon_core.shell:Skip shell extension 'powershell' for command environment: Not usable outside of PowerShell
[2.196s] DEBUG:colcon.colcon_core.shell:Skip shell extension 'dsv' for command environment
[2.237s] INFO:colcon.colcon_ros.task.ament_cmake.build:Building ROS package in '/slambot/ros2/src/ros_tutorials/turtlesim' with build type 'ament_cmake'
[2.239s] INFO:colcon.colcon_cmake.task.cmake.build:Building CMake package in '/slambot/ros2/src/ros_tutorials/turtlesim'
[2.243s] INFO:colcon.colcon_core.shell:Skip shell extension 'powershell' for command environment: Not usable outside of PowerShell
[2.244s] DEBUG:colcon.colcon_core.shell:Skip shell extension 'dsv' for command environment
[2.293s] DEBUG:colcon.colcon_core.event_handler.log_command:Invoking command in '/slambot/ros2/build/rplidar_ros': CMAKE_PREFIX_PATH=/workspace/install/jetbot_ros:${CMAKE_PREFIX_PATH} /usr/bin/cmake /slambot/ros2/src/rplidar_ros2 -DCMAKE_INSTALL_PREFIX=/slambot/ros2/install/rplidar_ros
[2.325s] DEBUG:colcon.colcon_core.event_handler.log_command:Invoking command in '/slambot/ros2/build/turtlesim': CMAKE_PREFIX_PATH=/workspace/install/jetbot_ros:${CMAKE_PREFIX_PATH} /usr/bin/cmake --build /slambot/ros2/build/turtlesim -- -j4 -l4
[3.537s] DEBUG:colcon.colcon_core.event_handler.log_command:Invoked command in '/slambot/ros2/build/turtlesim' returned '0': CMAKE_PREFIX_PATH=/workspace/install/jetbot_ros:${CMAKE_PREFIX_PATH} /usr/bin/cmake --build /slambot/ros2/build/turtlesim -- -j4 -l4
[4.365s] DEBUG:colcon.colcon_core.event_handler.log_command:Invoking command in '/slambot/ros2/build/turtlesim': CMAKE_PREFIX_PATH=/workspace/install/jetbot_ros:${CMAKE_PREFIX_PATH} /usr/bin/cmake --build /slambot/ros2/build/turtlesim --target install -- -j4 -l4
[5.927s] Level 1:colcon.colcon_core.environment:create_environment_scripts_only(turtlesim)
[5.931s] DEBUG:colcon.colcon_core.event_handler.log_command:Invoked command in '/slambot/ros2/build/turtlesim' returned '0': CMAKE_PREFIX_PATH=/workspace/install/jetbot_ros:${CMAKE_PREFIX_PATH} /usr/bin/cmake --build /slambot/ros2/build/turtlesim --target install -- -j4 -l4
[5.948s] Level 1:colcon.colcon_core.environment:checking '/slambot/ros2/install/turtlesim' for CMake module files
[5.952s] Level 1:colcon.colcon_core.environment:checking '/slambot/ros2/install/turtlesim' for CMake config files
[5.956s] Level 1:colcon.colcon_core.shell:create_environment_hook('turtlesim', 'cmake_prefix_path')
[5.961s] INFO:colcon.colcon_core.shell:Creating environment hook '/slambot/ros2/install/turtlesim/share/turtlesim/hook/cmake_prefix_path.ps1'
[5.964s] INFO:colcon.colcon_core.shell:Creating environment descriptor '/slambot/ros2/install/turtlesim/share/turtlesim/hook/cmake_prefix_path.dsv'
[5.967s] INFO:colcon.colcon_core.shell:Creating environment hook '/slambot/ros2/install/turtlesim/share/turtlesim/hook/cmake_prefix_path.sh'
[5.973s] Level 1:colcon.colcon_core.environment:checking '/slambot/ros2/install/turtlesim/lib'
[5.974s] Level 1:colcon.colcon_core.shell:create_environment_hook('turtlesim', 'ld_library_path_lib')
[5.978s] INFO:colcon.colcon_core.shell:Creating environment hook '/slambot/ros2/install/turtlesim/share/turtlesim/hook/ld_library_path_lib.ps1'
[5.980s] INFO:colcon.colcon_core.shell:Creating environment descriptor '/slambot/ros2/install/turtlesim/share/turtlesim/hook/ld_library_path_lib.dsv'
[5.982s] INFO:colcon.colcon_core.shell:Creating environment hook '/slambot/ros2/install/turtlesim/share/turtlesim/hook/ld_library_path_lib.sh'
[5.984s] Level 1:colcon.colcon_core.environment:checking '/slambot/ros2/install/turtlesim/bin'
[5.984s] Level 1:colcon.colcon_core.environment:checking '/slambot/ros2/install/turtlesim/lib/pkgconfig/turtlesim.pc'
[5.985s] Level 1:colcon.colcon_core.environment:checking '/slambot/ros2/install/turtlesim/lib/python3.6/site-packages'
[5.985s] Level 1:colcon.colcon_core.shell:create_environment_hook('turtlesim', 'pythonpath')
[5.989s] INFO:colcon.colcon_core.shell:Creating environment hook '/slambot/ros2/install/turtlesim/share/turtlesim/hook/pythonpath.ps1'
[5.990s] INFO:colcon.colcon_core.shell:Creating environment descriptor '/slambot/ros2/install/turtlesim/share/turtlesim/hook/pythonpath.dsv'
[5.993s] INFO:colcon.colcon_core.shell:Creating environment hook '/slambot/ros2/install/turtlesim/share/turtlesim/hook/pythonpath.sh'
[6.000s] INFO:colcon.colcon_core.shell:Creating package script '/slambot/ros2/install/turtlesim/share/turtlesim/package.ps1'
[6.006s] INFO:colcon.colcon_core.shell:Creating package descriptor '/slambot/ros2/install/turtlesim/share/turtlesim/package.dsv'
[6.009s] INFO:colcon.colcon_core.shell:Creating package script '/slambot/ros2/install/turtlesim/share/turtlesim/package.sh'
[6.015s] INFO:colcon.colcon_core.shell:Creating package script '/slambot/ros2/install/turtlesim/share/turtlesim/package.bash'
[6.020s] INFO:colcon.colcon_core.shell:Creating package script '/slambot/ros2/install/turtlesim/share/turtlesim/package.zsh'
[6.025s] Level 1:colcon.colcon_core.environment:create_file_with_runtime_dependencies(/slambot/ros2/install/turtlesim/share/colcon-core/packages/turtlesim)
[6.721s] Level 1:colcon.colcon_core.environment:create_environment_scripts_only(turtlesim)
[6.727s] Level 1:colcon.colcon_core.environment:checking '/slambot/ros2/install/turtlesim' for CMake module files
[6.732s] Level 1:colcon.colcon_core.environment:checking '/slambot/ros2/install/turtlesim' for CMake config files
[6.735s] Level 1:colcon.colcon_core.shell:create_environment_hook('turtlesim', 'cmake_prefix_path')
[6.739s] INFO:colcon.colcon_core.shell:Creating environment hook '/slambot/ros2/install/turtlesim/share/turtlesim/hook/cmake_prefix_path.ps1'
[6.741s] INFO:colcon.colcon_core.shell:Creating environment descriptor '/slambot/ros2/install/turtlesim/share/turtlesim/hook/cmake_prefix_path.dsv'
[6.743s] INFO:colcon.colcon_core.shell:Creating environment hook '/slambot/ros2/install/turtlesim/share/turtlesim/hook/cmake_prefix_path.sh'
[6.747s] Level 1:colcon.colcon_core.environment:checking '/slambot/ros2/install/turtlesim/lib'
[6.747s] Level 1:colcon.colcon_core.shell:create_environment_hook('turtlesim', 'ld_library_path_lib')
[6.751s] INFO:colcon.colcon_core.shell:Creating environment hook '/slambot/ros2/install/turtlesim/share/turtlesim/hook/ld_library_path_lib.ps1'
[6.752s] INFO:colcon.colcon_core.shell:Creating environment descriptor '/slambot/ros2/install/turtlesim/share/turtlesim/hook/ld_library_path_lib.dsv'
[6.754s] INFO:colcon.colcon_core.shell:Creating environment hook '/slambot/ros2/install/turtlesim/share/turtlesim/hook/ld_library_path_lib.sh'
[6.756s] Level 1:colcon.colcon_core.environment:checking '/slambot/ros2/install/turtlesim/bin'
[6.756s] Level 1:colcon.colcon_core.environment:checking '/slambot/ros2/install/turtlesim/lib/pkgconfig/turtlesim.pc'
[6.757s] Level 1:colcon.colcon_core.environment:checking '/slambot/ros2/install/turtlesim/lib/python3.6/site-packages'
[6.757s] Level 1:colcon.colcon_core.shell:create_environment_hook('turtlesim', 'pythonpath')
[6.760s] INFO:colcon.colcon_core.shell:Creating environment hook '/slambot/ros2/install/turtlesim/share/turtlesim/hook/pythonpath.ps1'
[6.762s] INFO:colcon.colcon_core.shell:Creating environment descriptor '/slambot/ros2/install/turtlesim/share/turtlesim/hook/pythonpath.dsv'
[6.764s] INFO:colcon.colcon_core.shell:Creating environment hook '/slambot/ros2/install/turtlesim/share/turtlesim/hook/pythonpath.sh'
[6.769s] INFO:colcon.colcon_core.shell:Creating package script '/slambot/ros2/install/turtlesim/share/turtlesim/package.ps1'
[6.772s] INFO:colcon.colcon_core.shell:Creating package descriptor '/slambot/ros2/install/turtlesim/share/turtlesim/package.dsv'
[6.775s] INFO:colcon.colcon_core.shell:Creating package script '/slambot/ros2/install/turtlesim/share/turtlesim/package.sh'
[6.777s] INFO:colcon.colcon_core.shell:Creating package script '/slambot/ros2/install/turtlesim/share/turtlesim/package.bash'
[6.779s] INFO:colcon.colcon_core.shell:Creating package script '/slambot/ros2/install/turtlesim/share/turtlesim/package.zsh'
[6.781s] Level 1:colcon.colcon_core.environment:create_file_with_runtime_dependencies(/slambot/ros2/install/turtlesim/share/colcon-core/packages/turtlesim)
[12.316s] DEBUG:colcon.colcon_core.event_handler.log_command:Invoked command in '/slambot/ros2/build/rplidar_ros' returned '0': CMAKE_PREFIX_PATH=/workspace/install/jetbot_ros:${CMAKE_PREFIX_PATH} /usr/bin/cmake /slambot/ros2/src/rplidar_ros2 -DCMAKE_INSTALL_PREFIX=/slambot/ros2/install/rplidar_ros
[12.324s] DEBUG:colcon.colcon_core.event_handler.log_command:Invoking command in '/slambot/ros2/build/rplidar_ros': CMAKE_PREFIX_PATH=/workspace/install/jetbot_ros:${CMAKE_PREFIX_PATH} /usr/bin/cmake --build /slambot/ros2/build/rplidar_ros -- -j4 -l4
[44.131s] DEBUG:colcon.colcon_core.event_handler.log_command:Invoked command in '/slambot/ros2/build/rplidar_ros' returned '0': CMAKE_PREFIX_PATH=/workspace/install/jetbot_ros:${CMAKE_PREFIX_PATH} /usr/bin/cmake --build /slambot/ros2/build/rplidar_ros -- -j4 -l4
[44.290s] DEBUG:colcon.colcon_core.event_handler.log_command:Invoking command in '/slambot/ros2/build/rplidar_ros': CMAKE_PREFIX_PATH=/workspace/install/jetbot_ros:${CMAKE_PREFIX_PATH} /usr/bin/cmake --build /slambot/ros2/build/rplidar_ros --target install -- -j4 -l4
[44.826s] Level 1:colcon.colcon_core.environment:create_environment_scripts_only(rplidar_ros)
[44.833s] Level 1:colcon.colcon_core.environment:checking '/slambot/ros2/install/rplidar_ros' for CMake module files
[44.835s] DEBUG:colcon.colcon_core.event_handler.log_command:Invoked command in '/slambot/ros2/build/rplidar_ros' returned '0': CMAKE_PREFIX_PATH=/workspace/install/jetbot_ros:${CMAKE_PREFIX_PATH} /usr/bin/cmake --build /slambot/ros2/build/rplidar_ros --target install -- -j4 -l4
[44.837s] Level 1:colcon.colcon_core.environment:checking '/slambot/ros2/install/rplidar_ros' for CMake config files
[44.838s] Level 1:colcon.colcon_core.shell:create_environment_hook('rplidar_ros', 'cmake_prefix_path')
[44.841s] INFO:colcon.colcon_core.shell:Creating environment hook '/slambot/ros2/install/rplidar_ros/share/rplidar_ros/hook/cmake_prefix_path.ps1'
[44.844s] INFO:colcon.colcon_core.shell:Creating environment descriptor '/slambot/ros2/install/rplidar_ros/share/rplidar_ros/hook/cmake_prefix_path.dsv'
[44.846s] INFO:colcon.colcon_core.shell:Creating environment hook '/slambot/ros2/install/rplidar_ros/share/rplidar_ros/hook/cmake_prefix_path.sh'
[44.849s] Level 1:colcon.colcon_core.environment:checking '/slambot/ros2/install/rplidar_ros/lib'
[44.850s] Level 1:colcon.colcon_core.shell:create_environment_hook('rplidar_ros', 'ld_library_path_lib')
[44.854s] INFO:colcon.colcon_core.shell:Creating environment hook '/slambot/ros2/install/rplidar_ros/share/rplidar_ros/hook/ld_library_path_lib.ps1'
[44.856s] INFO:colcon.colcon_core.shell:Creating environment descriptor '/slambot/ros2/install/rplidar_ros/share/rplidar_ros/hook/ld_library_path_lib.dsv'
[44.857s] INFO:colcon.colcon_core.shell:Creating environment hook '/slambot/ros2/install/rplidar_ros/share/rplidar_ros/hook/ld_library_path_lib.sh'
[44.858s] Level 1:colcon.colcon_core.environment:checking '/slambot/ros2/install/rplidar_ros/bin'
[44.859s] Level 1:colcon.colcon_core.environment:checking '/slambot/ros2/install/rplidar_ros/lib/pkgconfig/rplidar_ros.pc'
[44.859s] Level 1:colcon.colcon_core.environment:checking '/slambot/ros2/install/rplidar_ros/lib/python3.6/site-packages'
[44.863s] INFO:colcon.colcon_core.shell:Creating package script '/slambot/ros2/install/rplidar_ros/share/rplidar_ros/package.ps1'
[44.865s] INFO:colcon.colcon_core.shell:Creating package descriptor '/slambot/ros2/install/rplidar_ros/share/rplidar_ros/package.dsv'
[44.867s] INFO:colcon.colcon_core.shell:Creating package script '/slambot/ros2/install/rplidar_ros/share/rplidar_ros/package.sh'
[44.869s] INFO:colcon.colcon_core.shell:Creating package script '/slambot/ros2/install/rplidar_ros/share/rplidar_ros/package.bash'
[44.870s] INFO:colcon.colcon_core.shell:Creating package script '/slambot/ros2/install/rplidar_ros/share/rplidar_ros/package.zsh'
[44.872s] Level 1:colcon.colcon_core.environment:create_file_with_runtime_dependencies(/slambot/ros2/install/rplidar_ros/share/colcon-core/packages/rplidar_ros)
[45.029s] Level 1:colcon.colcon_core.environment:create_environment_scripts_only(rplidar_ros)
[45.035s] Level 1:colcon.colcon_core.environment:checking '/slambot/ros2/install/rplidar_ros' for CMake module files
[45.038s] Level 1:colcon.colcon_core.environment:checking '/slambot/ros2/install/rplidar_ros' for CMake config files
[45.039s] Level 1:colcon.colcon_core.shell:create_environment_hook('rplidar_ros', 'cmake_prefix_path')
[45.043s] INFO:colcon.colcon_core.shell:Creating environment hook '/slambot/ros2/install/rplidar_ros/share/rplidar_ros/hook/cmake_prefix_path.ps1'
[45.045s] INFO:colcon.colcon_core.shell:Creating environment descriptor '/slambot/ros2/install/rplidar_ros/share/rplidar_ros/hook/cmake_prefix_path.dsv'
[45.047s] INFO:colcon.colcon_core.shell:Creating environment hook '/slambot/ros2/install/rplidar_ros/share/rplidar_ros/hook/cmake_prefix_path.sh'
[45.051s] Level 1:colcon.colcon_core.environment:checking '/slambot/ros2/install/rplidar_ros/lib'
[45.052s] Level 1:colcon.colcon_core.shell:create_environment_hook('rplidar_ros', 'ld_library_path_lib')
[45.055s] INFO:colcon.colcon_core.shell:Creating environment hook '/slambot/ros2/install/rplidar_ros/share/rplidar_ros/hook/ld_library_path_lib.ps1'
[45.057s] INFO:colcon.colcon_core.shell:Creating environment descriptor '/slambot/ros2/install/rplidar_ros/share/rplidar_ros/hook/ld_library_path_lib.dsv'
[45.059s] INFO:colcon.colcon_core.shell:Creating environment hook '/slambot/ros2/install/rplidar_ros/share/rplidar_ros/hook/ld_library_path_lib.sh'
[45.061s] Level 1:colcon.colcon_core.environment:checking '/slambot/ros2/install/rplidar_ros/bin'
[45.061s] Level 1:colcon.colcon_core.environment:checking '/slambot/ros2/install/rplidar_ros/lib/pkgconfig/rplidar_ros.pc'
[45.062s] Level 1:colcon.colcon_core.environment:checking '/slambot/ros2/install/rplidar_ros/lib/python3.6/site-packages'
[45.066s] INFO:colcon.colcon_core.shell:Creating package script '/slambot/ros2/install/rplidar_ros/share/rplidar_ros/package.ps1'
[45.069s] INFO:colcon.colcon_core.shell:Creating package descriptor '/slambot/ros2/install/rplidar_ros/share/rplidar_ros/package.dsv'
[45.072s] INFO:colcon.colcon_core.shell:Creating package script '/slambot/ros2/install/rplidar_ros/share/rplidar_ros/package.sh'
[45.075s] INFO:colcon.colcon_core.shell:Creating package script '/slambot/ros2/install/rplidar_ros/share/rplidar_ros/package.bash'
[45.077s] INFO:colcon.colcon_core.shell:Creating package script '/slambot/ros2/install/rplidar_ros/share/rplidar_ros/package.zsh'
[45.079s] Level 1:colcon.colcon_core.environment:create_file_with_runtime_dependencies(/slambot/ros2/install/rplidar_ros/share/colcon-core/packages/rplidar_ros)
[45.080s] DEBUG:colcon.colcon_parallel_executor.executor.parallel:closing loop
[45.083s] DEBUG:colcon.colcon_parallel_executor.executor.parallel:loop closed
[45.084s] DEBUG:colcon.colcon_parallel_executor.executor.parallel:run_until_complete finished with '0'
[45.084s] DEBUG:colcon.colcon_core.event_reactor:joining thread
[45.123s] INFO:colcon.colcon_core.plugin_system:Skipping extension 'colcon_notification.desktop_notification.notify_send': Could not find 'notify-send'
[45.124s] INFO:colcon.colcon_core.plugin_system:Skipping extension 'colcon_notification.desktop_notification.terminal_notifier': Not used on non-Darwin systems
[45.125s] INFO:colcon.colcon_core.plugin_system:Skipping extension 'colcon_notification.desktop_notification.win32': Not used on non-Windows systems
[45.125s] INFO:colcon.colcon_notification.desktop_notification:Sending desktop notification using 'notify2'
[45.125s] DEBUG:colcon.colcon_notification.desktop_notification.notify2:Failed to initialize notify2: org.freedesktop.DBus.Error.NotSupported: Unable to autolaunch a dbus-daemon without a $DISPLAY for X11
[45.126s] DEBUG:colcon.colcon_core.event_reactor:joined thread
[45.130s] INFO:colcon.colcon_core.shell:Creating prefix script '/slambot/ros2/install/local_setup.ps1'
[45.138s] INFO:colcon.colcon_core.shell:Creating prefix util module '/slambot/ros2/install/_local_setup_util_ps1.py'
[45.147s] INFO:colcon.colcon_core.shell:Creating prefix chain script '/slambot/ros2/install/setup.ps1'
[45.167s] INFO:colcon.colcon_core.shell:Creating prefix script '/slambot/ros2/install/local_setup.sh'
[45.172s] INFO:colcon.colcon_core.shell:Creating prefix util module '/slambot/ros2/install/_local_setup_util_sh.py'
[45.175s] INFO:colcon.colcon_core.shell:Creating prefix chain script '/slambot/ros2/install/setup.sh'
[45.196s] INFO:colcon.colcon_core.shell:Creating prefix script '/slambot/ros2/install/local_setup.bash'
[45.199s] INFO:colcon.colcon_core.shell:Creating prefix chain script '/slambot/ros2/install/setup.bash'
[45.219s] INFO:colcon.colcon_core.shell:Creating prefix script '/slambot/ros2/install/local_setup.zsh'
[45.222s] INFO:colcon.colcon_core.shell:Creating prefix chain script '/slambot/ros2/install/setup.zsh'
