[0.079s] Invoking command in '/slambot/ros2/build/turtlesim': CMAKE_PREFIX_PATH=/workspace/install/jetbot_ros:${CMAKE_PREFIX_PATH} /usr/bin/cmake /slambot/ros2/src/ros_tutorials/turtlesim -DCMAKE_INSTALL_PREFIX=/slambot/ros2/install/turtlesim
[0.607s] -- The C compiler identification is GNU 7.5.0
[1.029s] -- The CXX compiler identification is GNU 7.5.0
[1.049s] -- Check for working C compiler: /usr/bin/cc
[1.315s] -- Check for working C compiler: /usr/bin/cc -- works
[1.320s] -- Detecting C compiler ABI info
[1.563s] -- Detecting C compiler ABI info - done
[1.583s] -- Detecting C compile features
[2.309s] -- Detecting C compile features - done
[2.320s] -- Check for working CXX compiler: /usr/bin/c++
[2.607s] -- Check for working CXX compiler: /usr/bin/c++ -- works
[2.609s] -- Detecting CXX compiler ABI info
[2.887s] -- Detecting CXX compiler ABI info - done
[2.904s] -- Detecting CXX compile features
[4.119s] -- Detecting CXX compile features - done
[4.134s] -- Found ament_cmake: 0.9.9 (/opt/ros/foxy/install/share/ament_cmake/cmake)
[4.273s] -- Found PythonInterp: /usr/bin/python3 (found suitable version "3.6.9", minimum required is "3") 
[4.274s] -- Using PYTHON_EXECUTABLE: /usr/bin/python3
[5.413s] -- Found ament_index_cpp: 1.1.0 (/opt/ros/foxy/install/share/ament_index_cpp/cmake)
[5.432s] -- Found geometry_msgs: 2.0.4 (/opt/ros/foxy/install/share/geometry_msgs/cmake)
[5.576s] -- Using all available rosidl_typesupport_c: rosidl_typesupport_fastrtps_c;rosidl_typesupport_introspection_c
[5.614s] -- Found rosidl_adapter: 1.2.1 (/opt/ros/foxy/install/share/rosidl_adapter/cmake)
[5.944s] -- Found OpenSSL: /usr/lib/aarch64-linux-gnu/libcrypto.so (found version "1.1.1") 
[6.041s] -- Found FastRTPS: /opt/ros/foxy/install/include  
[6.384s] -- Using all available rosidl_typesupport_cpp: rosidl_typesupport_fastrtps_cpp;rosidl_typesupport_introspection_cpp
[6.826s] -- Found rclcpp: 2.4.0 (/opt/ros/foxy/install/share/rclcpp/cmake)
[7.034s] -- Found rmw_implementation_cmake: 1.0.3 (/opt/ros/foxy/install/share/rmw_implementation_cmake/cmake)
[7.041s] -- Using RMW implementation 'rmw_cyclonedds_cpp' as default
[7.046s] -- Looking for pthread.h
[7.319s] -- Looking for pthread.h - found
[7.322s] -- Looking for pthread_create
[7.580s] -- Looking for pthread_create - not found
[7.580s] -- Looking for pthread_create in pthreads
[7.805s] -- Looking for pthread_create in pthreads - not found
[7.806s] -- Looking for pthread_create in pthread
[8.064s] -- Looking for pthread_create in pthread - found
[8.067s] -- Found Threads: TRUE  
[8.679s] -- Found rclcpp_action: 2.4.0 (/opt/ros/foxy/install/share/rclcpp_action/cmake)
[9.034s] -- Found rosidl_default_generators: 1.0.1 (/opt/ros/foxy/install/share/rosidl_default_generators/cmake)
[9.094s] -- Found std_srvs: 2.0.4 (/opt/ros/foxy/install/share/std_srvs/cmake)
[9.257s] -- Found PythonInterp: /usr/bin/python3 (found version "3.6.9") 
[10.401s] -- Found ament_cmake_ros: 0.9.2 (/opt/ros/foxy/install/share/ament_cmake_ros/cmake)
[10.967s] -- Using all available rosidl_typesupport_c: rosidl_typesupport_fastrtps_c;rosidl_typesupport_introspection_c
[11.088s] -- Using all available rosidl_typesupport_cpp: rosidl_typesupport_fastrtps_cpp;rosidl_typesupport_introspection_cpp
[11.230s] -- Found PythonInterp: /usr/bin/python3 (found suitable version "3.6.9", minimum required is "3.5") 
[11.239s] -- Found python_cmake_module: 0.8.1 (/opt/ros/foxy/install/share/python_cmake_module/cmake)
[11.368s] -- Found PythonLibs: /usr/lib/aarch64-linux-gnu/libpython3.6m.so (found suitable version "3.6.9", minimum required is "3.5") 
[11.368s] -- Using PYTHON_EXECUTABLE: /usr/bin/python3
[11.369s] -- Using PYTHON_INCLUDE_DIRS: /usr/include/python3.6m
[11.370s] -- Using PYTHON_LIBRARIES: /usr/lib/aarch64-linux-gnu/libpython3.6m.so
[11.475s] -- Found PythonExtra: .so  
[11.820s] -- Configuring done
[12.676s] -- Generating done
[12.694s] -- Build files have been written to: /slambot/ros2/build/turtlesim
[12.730s] Invoked command in '/slambot/ros2/build/turtlesim' returned '0': CMAKE_PREFIX_PATH=/workspace/install/jetbot_ros:${CMAKE_PREFIX_PATH} /usr/bin/cmake /slambot/ros2/src/ros_tutorials/turtlesim -DCMAKE_INSTALL_PREFIX=/slambot/ros2/install/turtlesim
[12.733s] Invoking command in '/slambot/ros2/build/turtlesim': CMAKE_PREFIX_PATH=/workspace/install/jetbot_ros:${CMAKE_PREFIX_PATH} /usr/bin/cmake --build /slambot/ros2/build/turtlesim -- -j4 -l4
[12.913s] [35m[1mScanning dependencies of target turtlesim__cpp[0m
[12.914s] [  1%] [34m[1mGenerating C code for ROS interfaces[0m
[12.957s] [  2%] [34m[1mGenerating C++ code for ROS interfaces[0m
[19.594s] [  2%] Built target turtlesim__cpp
[19.643s] [  4%] [34m[1mGenerating C++ type support for eProsima Fast-RTPS[0m
[19.644s] [  4%] [34m[1mGenerating C++ introspection for ROS interfaces[0m
[19.646s] [  5%] [34m[1mGenerating C++ type support dispatch for ROS interfaces[0m
[21.313s] [35m[1mScanning dependencies of target turtlesim__rosidl_generator_c[0m
[21.417s] [  6%] [32mBuilding C object CMakeFiles/turtlesim__rosidl_generator_c.dir/rosidl_generator_c/turtlesim/action/detail/rotate_absolute__functions.c.o[0m
[21.857s] [  7%] [32mBuilding C object CMakeFiles/turtlesim__rosidl_generator_c.dir/rosidl_generator_c/turtlesim/msg/detail/color__functions.c.o[0m
[22.308s] [  8%] [32mBuilding C object CMakeFiles/turtlesim__rosidl_generator_c.dir/rosidl_generator_c/turtlesim/msg/detail/pose__functions.c.o[0m
[22.487s] [  9%] [32mBuilding C object CMakeFiles/turtlesim__rosidl_generator_c.dir/rosidl_generator_c/turtlesim/srv/detail/kill__functions.c.o[0m
[22.665s] [ 10%] [32mBuilding C object CMakeFiles/turtlesim__rosidl_generator_c.dir/rosidl_generator_c/turtlesim/srv/detail/set_pen__functions.c.o[0m
[22.835s] [ 11%] [32mBuilding C object CMakeFiles/turtlesim__rosidl_generator_c.dir/rosidl_generator_c/turtlesim/srv/detail/spawn__functions.c.o[0m
[23.021s] [ 12%] [32mBuilding C object CMakeFiles/turtlesim__rosidl_generator_c.dir/rosidl_generator_c/turtlesim/srv/detail/teleport_absolute__functions.c.o[0m
[23.245s] [ 13%] [32mBuilding C object CMakeFiles/turtlesim__rosidl_generator_c.dir/rosidl_generator_c/turtlesim/srv/detail/teleport_relative__functions.c.o[0m
[23.428s] [ 14%] [32m[1mLinking C shared library libturtlesim__rosidl_generator_c.so[0m
[23.601s] [ 14%] Built target turtlesim__rosidl_generator_c
[23.649s] [ 15%] [34m[1mGenerating C introspection for ROS interfaces[0m
[24.221s] [35m[1mScanning dependencies of target turtlesim__rosidl_typesupport_cpp[0m
[24.420s] [ 16%] [32mBuilding CXX object CMakeFiles/turtlesim__rosidl_typesupport_cpp.dir/rosidl_typesupport_cpp/turtlesim/action/rotate_absolute__type_support.cpp.o[0m
[25.558s] [35m[1mScanning dependencies of target turtlesim__rosidl_typesupport_introspection_cpp[0m
[25.740s] [ 17%] [32mBuilding CXX object CMakeFiles/turtlesim__rosidl_typesupport_introspection_cpp.dir/rosidl_typesupport_introspection_cpp/turtlesim/action/detail/rotate_absolute__type_support.cpp.o[0m
[25.749s] [ 18%] [32mBuilding CXX object CMakeFiles/turtlesim__rosidl_typesupport_cpp.dir/rosidl_typesupport_cpp/turtlesim/msg/color__type_support.cpp.o[0m
[26.845s] [ 19%] [32mBuilding CXX object CMakeFiles/turtlesim__rosidl_typesupport_cpp.dir/rosidl_typesupport_cpp/turtlesim/msg/pose__type_support.cpp.o[0m
[26.961s] [35m[1mScanning dependencies of target turtlesim__rosidl_typesupport_fastrtps_cpp[0m
[27.036s] [ 20%] [32mBuilding CXX object CMakeFiles/turtlesim__rosidl_typesupport_introspection_cpp.dir/rosidl_typesupport_introspection_cpp/turtlesim/msg/detail/color__type_support.cpp.o[0m
[27.105s] [ 21%] [32mBuilding CXX object CMakeFiles/turtlesim__rosidl_typesupport_fastrtps_cpp.dir/rosidl_typesupport_fastrtps_cpp/turtlesim/action/detail/dds_fastrtps/rotate_absolute__type_support.cpp.o[0m
[27.927s] [ 22%] [32mBuilding CXX object CMakeFiles/turtlesim__rosidl_typesupport_cpp.dir/rosidl_typesupport_cpp/turtlesim/srv/kill__type_support.cpp.o[0m
[28.091s] [ 23%] [32mBuilding CXX object CMakeFiles/turtlesim__rosidl_typesupport_introspection_cpp.dir/rosidl_typesupport_introspection_cpp/turtlesim/msg/detail/pose__type_support.cpp.o[0m
[29.029s] [ 24%] [32mBuilding CXX object CMakeFiles/turtlesim__rosidl_typesupport_cpp.dir/rosidl_typesupport_cpp/turtlesim/srv/set_pen__type_support.cpp.o[0m
[29.075s] [ 25%] [32mBuilding CXX object CMakeFiles/turtlesim__rosidl_typesupport_fastrtps_cpp.dir/rosidl_typesupport_fastrtps_cpp/turtlesim/msg/detail/dds_fastrtps/color__type_support.cpp.o[0m
[29.158s] [ 26%] [32mBuilding CXX object CMakeFiles/turtlesim__rosidl_typesupport_introspection_cpp.dir/rosidl_typesupport_introspection_cpp/turtlesim/srv/detail/kill__type_support.cpp.o[0m
[30.072s] [ 27%] [32mBuilding CXX object CMakeFiles/turtlesim__rosidl_typesupport_cpp.dir/rosidl_typesupport_cpp/turtlesim/srv/spawn__type_support.cpp.o[0m
[30.210s] [ 28%] [32mBuilding CXX object CMakeFiles/turtlesim__rosidl_typesupport_introspection_cpp.dir/rosidl_typesupport_introspection_cpp/turtlesim/srv/detail/set_pen__type_support.cpp.o[0m
[30.537s] [35m[1mScanning dependencies of target turtlesim__rosidl_typesupport_introspection_c[0m
[30.654s] [ 29%] [32mBuilding C object CMakeFiles/turtlesim__rosidl_typesupport_introspection_c.dir/rosidl_typesupport_introspection_c/turtlesim/action/detail/rotate_absolute__type_support.c.o[0m
[30.660s] [ 30%] [32mBuilding CXX object CMakeFiles/turtlesim__rosidl_typesupport_fastrtps_cpp.dir/rosidl_typesupport_fastrtps_cpp/turtlesim/msg/detail/dds_fastrtps/pose__type_support.cpp.o[0m
[30.841s] [ 31%] [32mBuilding C object CMakeFiles/turtlesim__rosidl_typesupport_introspection_c.dir/rosidl_typesupport_introspection_c/turtlesim/msg/detail/color__type_support.c.o[0m
[30.975s] [ 32%] [32mBuilding C object CMakeFiles/turtlesim__rosidl_typesupport_introspection_c.dir/rosidl_typesupport_introspection_c/turtlesim/msg/detail/pose__type_support.c.o[0m
[31.109s] [ 33%] [32mBuilding C object CMakeFiles/turtlesim__rosidl_typesupport_introspection_c.dir/rosidl_typesupport_introspection_c/turtlesim/srv/detail/kill__type_support.c.o[0m
[31.224s] [ 34%] [32mBuilding CXX object CMakeFiles/turtlesim__rosidl_typesupport_cpp.dir/rosidl_typesupport_cpp/turtlesim/srv/teleport_absolute__type_support.cpp.o[0m
[31.307s] [ 35%] [32mBuilding C object CMakeFiles/turtlesim__rosidl_typesupport_introspection_c.dir/rosidl_typesupport_introspection_c/turtlesim/srv/detail/set_pen__type_support.c.o[0m
[31.353s] [ 36%] [32mBuilding CXX object CMakeFiles/turtlesim__rosidl_typesupport_introspection_cpp.dir/rosidl_typesupport_introspection_cpp/turtlesim/srv/detail/spawn__type_support.cpp.o[0m
[31.456s] [ 37%] [32mBuilding C object CMakeFiles/turtlesim__rosidl_typesupport_introspection_c.dir/rosidl_typesupport_introspection_c/turtlesim/srv/detail/spawn__type_support.c.o[0m
[31.611s] [ 38%] [32mBuilding C object CMakeFiles/turtlesim__rosidl_typesupport_introspection_c.dir/rosidl_typesupport_introspection_c/turtlesim/srv/detail/teleport_absolute__type_support.c.o[0m
[31.776s] [ 39%] [32mBuilding C object CMakeFiles/turtlesim__rosidl_typesupport_introspection_c.dir/rosidl_typesupport_introspection_c/turtlesim/srv/detail/teleport_relative__type_support.c.o[0m
[32.003s] [ 40%] [32m[1mLinking C shared library libturtlesim__rosidl_typesupport_introspection_c.so[0m
[32.161s] [ 40%] Built target turtlesim__rosidl_typesupport_introspection_c
[32.209s] [ 41%] [32mBuilding CXX object CMakeFiles/turtlesim__rosidl_typesupport_introspection_cpp.dir/rosidl_typesupport_introspection_cpp/turtlesim/srv/detail/teleport_absolute__type_support.cpp.o[0m
[32.308s] [ 42%] [32mBuilding CXX object CMakeFiles/turtlesim__rosidl_typesupport_fastrtps_cpp.dir/rosidl_typesupport_fastrtps_cpp/turtlesim/srv/detail/dds_fastrtps/kill__type_support.cpp.o[0m
[32.355s] [ 43%] [32mBuilding CXX object CMakeFiles/turtlesim__rosidl_typesupport_cpp.dir/rosidl_typesupport_cpp/turtlesim/srv/teleport_relative__type_support.cpp.o[0m
[32.464s] [ 44%] [32mBuilding CXX object CMakeFiles/turtlesim__rosidl_typesupport_introspection_cpp.dir/rosidl_typesupport_introspection_cpp/turtlesim/srv/detail/teleport_relative__type_support.cpp.o[0m
[33.273s] [ 45%] [34m[1mGenerating C type support dispatch for ROS interfaces[0m
[33.401s] [ 46%] [32m[1mLinking CXX shared library libturtlesim__rosidl_typesupport_cpp.so[0m
[33.532s] [ 47%] [32m[1mLinking CXX shared library libturtlesim__rosidl_typesupport_introspection_cpp.so[0m
[33.618s] [ 47%] Built target turtlesim__rosidl_typesupport_cpp
[33.660s] [ 48%] [32mBuilding CXX object CMakeFiles/turtlesim__rosidl_typesupport_fastrtps_cpp.dir/rosidl_typesupport_fastrtps_cpp/turtlesim/srv/detail/dds_fastrtps/set_pen__type_support.cpp.o[0m
[33.841s] [ 48%] Built target turtlesim__rosidl_typesupport_introspection_cpp
[33.882s] [ 49%] [32mBuilding CXX object CMakeFiles/turtlesim__rosidl_typesupport_fastrtps_cpp.dir/rosidl_typesupport_fastrtps_cpp/turtlesim/srv/detail/dds_fastrtps/spawn__type_support.cpp.o[0m
[34.006s] [ 50%] [32mBuilding CXX object CMakeFiles/turtlesim__rosidl_typesupport_fastrtps_cpp.dir/rosidl_typesupport_fastrtps_cpp/turtlesim/srv/detail/dds_fastrtps/teleport_absolute__type_support.cpp.o[0m
[35.516s] [ 51%] [32mBuilding CXX object CMakeFiles/turtlesim__rosidl_typesupport_fastrtps_cpp.dir/rosidl_typesupport_fastrtps_cpp/turtlesim/srv/detail/dds_fastrtps/teleport_relative__type_support.cpp.o[0m
[36.967s] [ 52%] [32m[1mLinking CXX shared library libturtlesim__rosidl_typesupport_fastrtps_cpp.so[0m
[37.270s] [ 52%] Built target turtlesim__rosidl_typesupport_fastrtps_cpp
[37.314s] [ 53%] [34m[1mGenerating C type support for eProsima Fast-RTPS[0m
[37.729s] [35m[1mScanning dependencies of target turtlesim__rosidl_typesupport_c[0m
[37.812s] [ 54%] [32mBuilding CXX object CMakeFiles/turtlesim__rosidl_typesupport_c.dir/rosidl_typesupport_c/turtlesim/action/rotate_absolute__type_support.cpp.o[0m
[37.814s] [ 55%] [32mBuilding CXX object CMakeFiles/turtlesim__rosidl_typesupport_c.dir/rosidl_typesupport_c/turtlesim/msg/color__type_support.cpp.o[0m
[37.818s] [ 56%] [32mBuilding CXX object CMakeFiles/turtlesim__rosidl_typesupport_c.dir/rosidl_typesupport_c/turtlesim/msg/pose__type_support.cpp.o[0m
[37.943s] [ 57%] [32mBuilding CXX object CMakeFiles/turtlesim__rosidl_typesupport_c.dir/rosidl_typesupport_c/turtlesim/srv/kill__type_support.cpp.o[0m
[37.956s] [ 58%] [32mBuilding CXX object CMakeFiles/turtlesim__rosidl_typesupport_c.dir/rosidl_typesupport_c/turtlesim/srv/set_pen__type_support.cpp.o[0m
[38.035s] [ 59%] [32mBuilding CXX object CMakeFiles/turtlesim__rosidl_typesupport_c.dir/rosidl_typesupport_c/turtlesim/srv/spawn__type_support.cpp.o[0m
[38.082s] [ 60%] [32mBuilding CXX object CMakeFiles/turtlesim__rosidl_typesupport_c.dir/rosidl_typesupport_c/turtlesim/srv/teleport_absolute__type_support.cpp.o[0m
[38.083s] [ 61%] [32mBuilding CXX object CMakeFiles/turtlesim__rosidl_typesupport_c.dir/rosidl_typesupport_c/turtlesim/srv/teleport_relative__type_support.cpp.o[0m
[38.213s] [ 62%] [32m[1mLinking CXX shared library libturtlesim__rosidl_typesupport_c.so[0m
[38.364s] [ 62%] Built target turtlesim__rosidl_typesupport_c
[43.301s] [35m[1mScanning dependencies of target turtlesim__rosidl_typesupport_fastrtps_c[0m
[43.449s] [ 63%] [32mBuilding CXX object CMakeFiles/turtlesim__rosidl_typesupport_fastrtps_c.dir/rosidl_typesupport_fastrtps_c/turtlesim/msg/detail/color__type_support_c.cpp.o[0m
[43.450s] [ 64%] [32mBuilding CXX object CMakeFiles/turtlesim__rosidl_typesupport_fastrtps_c.dir/rosidl_typesupport_fastrtps_c/turtlesim/srv/detail/kill__type_support_c.cpp.o[0m
[43.454s] [ 66%] [32mBuilding CXX object CMakeFiles/turtlesim__rosidl_typesupport_fastrtps_c.dir/rosidl_typesupport_fastrtps_c/turtlesim/msg/detail/pose__type_support_c.cpp.o[0m
[43.455s] [ 66%] [32mBuilding CXX object CMakeFiles/turtlesim__rosidl_typesupport_fastrtps_c.dir/rosidl_typesupport_fastrtps_c/turtlesim/action/detail/rotate_absolute__type_support_c.cpp.o[0m
[44.811s] [ 67%] [32mBuilding CXX object CMakeFiles/turtlesim__rosidl_typesupport_fastrtps_c.dir/rosidl_typesupport_fastrtps_c/turtlesim/srv/detail/set_pen__type_support_c.cpp.o[0m
[44.821s] [ 68%] [32mBuilding CXX object CMakeFiles/turtlesim__rosidl_typesupport_fastrtps_c.dir/rosidl_typesupport_fastrtps_c/turtlesim/srv/detail/spawn__type_support_c.cpp.o[0m
[44.855s] [ 69%] [32mBuilding CXX object CMakeFiles/turtlesim__rosidl_typesupport_fastrtps_c.dir/rosidl_typesupport_fastrtps_c/turtlesim/srv/detail/teleport_absolute__type_support_c.cpp.o[0m
[45.032s] [ 70%] [32mBuilding CXX object CMakeFiles/turtlesim__rosidl_typesupport_fastrtps_c.dir/rosidl_typesupport_fastrtps_c/turtlesim/srv/detail/teleport_relative__type_support_c.cpp.o[0m
[46.674s] [ 71%] [32m[1mLinking CXX shared library libturtlesim__rosidl_typesupport_fastrtps_c.so[0m
[46.976s] [ 71%] Built target turtlesim__rosidl_typesupport_fastrtps_c
[47.015s] [35m[1mScanning dependencies of target turtlesim[0m
[47.057s] [ 71%] Built target turtlesim
[47.101s] [ 72%] [34m[1mGenerating include/turtlesim/moc_turtle_frame.cpp[0m
[47.102s] [35m[1mScanning dependencies of target mimic[0m
[47.104s] [35m[1mScanning dependencies of target draw_square[0m
[47.107s] [35m[1mScanning dependencies of target turtlesim__py[0m
[47.158s] [ 73%] [34m[1mGenerating Python code for ROS interfaces[0m
[47.338s] [ 74%] [32mBuilding CXX object CMakeFiles/mimic.dir/tutorials/mimic.cpp.o[0m
[47.340s] [ 75%] [32mBuilding CXX object CMakeFiles/draw_square.dir/tutorials/draw_square.cpp.o[0m
[47.464s] [35m[1mScanning dependencies of target turtlesim_node[0m
[47.977s] [ 76%] [32mBuilding CXX object CMakeFiles/turtlesim_node.dir/src/turtlesim.cpp.o[0m
[60.605s] [ 77%] [32mBuilding CXX object CMakeFiles/turtlesim_node.dir/src/turtle.cpp.o[0m
[66.205s] [ 77%] Built target turtlesim__py
[66.284s] [ 78%] [32mBuilding CXX object CMakeFiles/turtlesim_node.dir/src/turtle_frame.cpp.o[0m
[72.559s] [ 79%] [32m[1mLinking CXX executable mimic[0m
[74.998s] [ 80%] [32m[1mLinking CXX executable draw_square[0m
[75.086s] [ 80%] Built target mimic
[75.140s] [35m[1mScanning dependencies of target turtle_teleop_key[0m
[75.905s] [ 81%] [32mBuilding CXX object CMakeFiles/turtle_teleop_key.dir/tutorials/teleop_turtle_key.cpp.o[0m
[77.615s] [ 81%] Built target draw_square
[77.667s] [35m[1mScanning dependencies of target turtlesim__python[0m
[78.163s] [ 82%] [32mBuilding C object CMakeFiles/turtlesim__python.dir/rosidl_generator_py/turtlesim/action/_rotate_absolute_s.c.o[0m
[78.939s] [ 83%] [32mBuilding C object CMakeFiles/turtlesim__python.dir/rosidl_generator_py/turtlesim/msg/_color_s.c.o[0m
[79.317s] [ 84%] [32mBuilding C object CMakeFiles/turtlesim__python.dir/rosidl_generator_py/turtlesim/msg/_pose_s.c.o[0m
[79.739s] [ 85%] [32mBuilding C object CMakeFiles/turtlesim__python.dir/rosidl_generator_py/turtlesim/srv/_kill_s.c.o[0m
[80.205s] [ 86%] [32mBuilding C object CMakeFiles/turtlesim__python.dir/rosidl_generator_py/turtlesim/srv/_set_pen_s.c.o[0m
[80.612s] [ 87%] [32mBuilding C object CMakeFiles/turtlesim__python.dir/rosidl_generator_py/turtlesim/srv/_spawn_s.c.o[0m
[81.040s] [ 88%] [32mBuilding C object CMakeFiles/turtlesim__python.dir/rosidl_generator_py/turtlesim/srv/_teleport_absolute_s.c.o[0m
[81.527s] [ 89%] [32mBuilding C object CMakeFiles/turtlesim__python.dir/rosidl_generator_py/turtlesim/srv/_teleport_relative_s.c.o[0m
[81.944s] [ 90%] [32m[1mLinking C shared library rosidl_generator_py/turtlesim/libturtlesim__python.so[0m
[82.245s] [ 90%] Built target turtlesim__python
[82.324s] [ 91%] [32mBuilding CXX object CMakeFiles/turtlesim_node.dir/include/turtlesim/moc_turtle_frame.cpp.o[0m
[95.794s] [35m[1mScanning dependencies of target turtlesim__rosidl_typesupport_introspection_c__pyext[0m
[95.950s] [ 92%] [32mBuilding C object CMakeFiles/turtlesim__rosidl_typesupport_introspection_c__pyext.dir/rosidl_generator_py/turtlesim/_turtlesim_s.ep.rosidl_typesupport_introspection_c.c.o[0m
[96.793s] [ 93%] [32m[1mLinking C shared library rosidl_generator_py/turtlesim/turtlesim_s__rosidl_typesupport_introspection_c.cpython-36m-aarch64-linux-gnu.so[0m
[97.011s] [ 93%] Built target turtlesim__rosidl_typesupport_introspection_c__pyext
[97.065s] [35m[1mScanning dependencies of target turtlesim__rosidl_typesupport_fastrtps_c__pyext[0m
[97.296s] [ 94%] [32mBuilding C object CMakeFiles/turtlesim__rosidl_typesupport_fastrtps_c__pyext.dir/rosidl_generator_py/turtlesim/_turtlesim_s.ep.rosidl_typesupport_fastrtps_c.c.o[0m
[97.845s] [ 95%] [32m[1mLinking CXX executable turtle_teleop_key[0m
[98.366s] [ 96%] [32m[1mLinking CXX shared library rosidl_generator_py/turtlesim/turtlesim_s__rosidl_typesupport_fastrtps_c.cpython-36m-aarch64-linux-gnu.so[0m
[98.855s] [ 96%] Built target turtlesim__rosidl_typesupport_fastrtps_c__pyext
[98.925s] [35m[1mScanning dependencies of target turtlesim__rosidl_typesupport_c__pyext[0m
[99.056s] [ 97%] [32mBuilding C object CMakeFiles/turtlesim__rosidl_typesupport_c__pyext.dir/rosidl_generator_py/turtlesim/_turtlesim_s.ep.rosidl_typesupport_c.c.o[0m
[99.909s] [ 98%] [32m[1mLinking C shared library rosidl_generator_py/turtlesim/turtlesim_s__rosidl_typesupport_c.cpython-36m-aarch64-linux-gnu.so[0m
[100.118s] [ 98%] Built target turtlesim__rosidl_typesupport_c__pyext
[100.169s] [ 98%] Built target turtle_teleop_key
[101.253s] [100%] [32m[1mLinking CXX executable turtlesim_node[0m
[107.624s] [100%] Built target turtlesim_node
[107.677s] Invoked command in '/slambot/ros2/build/turtlesim' returned '0': CMAKE_PREFIX_PATH=/workspace/install/jetbot_ros:${CMAKE_PREFIX_PATH} /usr/bin/cmake --build /slambot/ros2/build/turtlesim -- -j4 -l4
[108.453s] Invoking command in '/slambot/ros2/build/turtlesim': CMAKE_PREFIX_PATH=/workspace/install/jetbot_ros:${CMAKE_PREFIX_PATH} /usr/bin/cmake --build /slambot/ros2/build/turtlesim --target install -- -j4 -l4
[108.688s] [  1%] Built target turtlesim__cpp
[108.703s] [ 11%] Built target turtlesim__rosidl_generator_c
[108.850s] [ 21%] Built target turtlesim__rosidl_typesupport_cpp
[108.852s] [ 31%] Built target turtlesim__rosidl_typesupport_introspection_cpp
[108.878s] [ 41%] Built target turtlesim__rosidl_typesupport_introspection_c
[108.884s] [ 51%] Built target turtlesim__rosidl_typesupport_fastrtps_cpp
[108.962s] [ 61%] Built target turtlesim__rosidl_typesupport_c
[109.021s] [ 71%] Built target turtlesim__rosidl_typesupport_fastrtps_c
[109.104s] [ 71%] Built target turtlesim
[109.207s] [ 72%] Built target turtlesim__py
[109.243s] [ 74%] Built target mimic
[109.288s] [ 76%] Built target draw_square
[109.333s] [ 82%] Built target turtlesim_node
[109.343s] [ 84%] Built target turtle_teleop_key
[109.381s] [ 93%] Built target turtlesim__python
[109.497s] [ 95%] Built target turtlesim__rosidl_typesupport_introspection_c__pyext
[109.500s] [ 97%] Built target turtlesim__rosidl_typesupport_fastrtps_c__pyext
[109.604s] [100%] Built target turtlesim__rosidl_typesupport_c__pyext
[109.683s] [36mInstall the project...[0m
[109.723s] -- Install configuration: ""
[109.724s] -- Installing: /slambot/ros2/install/turtlesim/share/ament_index/resource_index/rosidl_interfaces/turtlesim
[109.725s] -- Installing: /slambot/ros2/install/turtlesim/include/turtlesim
[109.726s] -- Installing: /slambot/ros2/install/turtlesim/include/turtlesim/srv
[109.726s] -- Installing: /slambot/ros2/install/turtlesim/include/turtlesim/srv/kill.h
[109.727s] -- Installing: /slambot/ros2/install/turtlesim/include/turtlesim/srv/teleport_absolute.h
[109.727s] -- Installing: /slambot/ros2/install/turtlesim/include/turtlesim/srv/set_pen.h
[109.728s] -- Installing: /slambot/ros2/install/turtlesim/include/turtlesim/srv/spawn.h
[109.728s] -- Installing: /slambot/ros2/install/turtlesim/include/turtlesim/srv/teleport_relative.h
[109.729s] -- Installing: /slambot/ros2/install/turtlesim/include/turtlesim/srv/detail
[109.730s] -- Installing: /slambot/ros2/install/turtlesim/include/turtlesim/srv/detail/teleport_absolute__functions.h
[109.730s] -- Installing: /slambot/ros2/install/turtlesim/include/turtlesim/srv/detail/set_pen__functions.c
[109.731s] -- Installing: /slambot/ros2/install/turtlesim/include/turtlesim/srv/detail/spawn__struct.h
[109.731s] -- Installing: /slambot/ros2/install/turtlesim/include/turtlesim/srv/detail/teleport_relative__struct.h
[109.732s] -- Installing: /slambot/ros2/install/turtlesim/include/turtlesim/srv/detail/kill__functions.c
[109.732s] -- Installing: /slambot/ros2/install/turtlesim/include/turtlesim/srv/detail/kill__functions.h
[109.733s] -- Installing: /slambot/ros2/install/turtlesim/include/turtlesim/srv/detail/teleport_absolute__struct.h
[109.733s] -- Installing: /slambot/ros2/install/turtlesim/include/turtlesim/srv/detail/teleport_absolute__functions.c
[109.734s] -- Installing: /slambot/ros2/install/turtlesim/include/turtlesim/srv/detail/teleport_relative__functions.c
[109.734s] -- Installing: /slambot/ros2/install/turtlesim/include/turtlesim/srv/detail/kill__type_support.h
[109.735s] -- Installing: /slambot/ros2/install/turtlesim/include/turtlesim/srv/detail/teleport_absolute__type_support.h
[109.735s] -- Installing: /slambot/ros2/install/turtlesim/include/turtlesim/srv/detail/set_pen__struct.h
[109.736s] -- Installing: /slambot/ros2/install/turtlesim/include/turtlesim/srv/detail/spawn__functions.h
[109.736s] -- Installing: /slambot/ros2/install/turtlesim/include/turtlesim/srv/detail/spawn__functions.c
[109.737s] -- Installing: /slambot/ros2/install/turtlesim/include/turtlesim/srv/detail/spawn__type_support.h
[109.737s] -- Installing: /slambot/ros2/install/turtlesim/include/turtlesim/srv/detail/set_pen__functions.h
[109.738s] -- Installing: /slambot/ros2/install/turtlesim/include/turtlesim/srv/detail/set_pen__type_support.h
[109.738s] -- Installing: /slambot/ros2/install/turtlesim/include/turtlesim/srv/detail/teleport_relative__functions.h
[109.739s] -- Installing: /slambot/ros2/install/turtlesim/include/turtlesim/srv/detail/kill__struct.h
[109.739s] -- Installing: /slambot/ros2/install/turtlesim/include/turtlesim/srv/detail/teleport_relative__type_support.h
[109.740s] -- Installing: /slambot/ros2/install/turtlesim/include/turtlesim/action
[109.740s] -- Installing: /slambot/ros2/install/turtlesim/include/turtlesim/action/rotate_absolute.h
[109.741s] -- Installing: /slambot/ros2/install/turtlesim/include/turtlesim/action/detail
[109.741s] -- Installing: /slambot/ros2/install/turtlesim/include/turtlesim/action/detail/rotate_absolute__functions.c
[109.742s] -- Installing: /slambot/ros2/install/turtlesim/include/turtlesim/action/detail/rotate_absolute__struct.h
[109.742s] -- Installing: /slambot/ros2/install/turtlesim/include/turtlesim/action/detail/rotate_absolute__type_support.h
[109.743s] -- Installing: /slambot/ros2/install/turtlesim/include/turtlesim/action/detail/rotate_absolute__functions.h
[109.743s] -- Installing: /slambot/ros2/install/turtlesim/include/turtlesim/msg
[109.744s] -- Installing: /slambot/ros2/install/turtlesim/include/turtlesim/msg/color.h
[109.744s] -- Installing: /slambot/ros2/install/turtlesim/include/turtlesim/msg/detail
[109.745s] -- Installing: /slambot/ros2/install/turtlesim/include/turtlesim/msg/detail/color__type_support.h
[109.746s] -- Installing: /slambot/ros2/install/turtlesim/include/turtlesim/msg/detail/pose__type_support.h
[109.746s] -- Installing: /slambot/ros2/install/turtlesim/include/turtlesim/msg/detail/pose__struct.h
[109.747s] -- Installing: /slambot/ros2/install/turtlesim/include/turtlesim/msg/detail/pose__functions.h
[109.747s] -- Installing: /slambot/ros2/install/turtlesim/include/turtlesim/msg/detail/color__struct.h
[109.747s] -- Installing: /slambot/ros2/install/turtlesim/include/turtlesim/msg/detail/color__functions.c
[109.748s] -- Installing: /slambot/ros2/install/turtlesim/include/turtlesim/msg/detail/pose__functions.c
[109.749s] -- Installing: /slambot/ros2/install/turtlesim/include/turtlesim/msg/detail/color__functions.h
[109.749s] -- Installing: /slambot/ros2/install/turtlesim/include/turtlesim/msg/pose.h
[109.750s] -- Installing: /slambot/ros2/install/turtlesim/include/turtlesim/msg/rosidl_generator_c__visibility_control.h
[109.750s] -- Installing: /slambot/ros2/install/turtlesim/share/turtlesim/environment/library_path.sh
[109.751s] -- Installing: /slambot/ros2/install/turtlesim/share/turtlesim/environment/library_path.dsv
[109.751s] -- Installing: /slambot/ros2/install/turtlesim/lib/libturtlesim__rosidl_generator_c.so
[109.752s] -- Set runtime path of "/slambot/ros2/install/turtlesim/lib/libturtlesim__rosidl_generator_c.so" to ""
[109.752s] -- Up-to-date: /slambot/ros2/install/turtlesim/include/turtlesim
[109.753s] -- Up-to-date: /slambot/ros2/install/turtlesim/include/turtlesim/srv
[109.754s] -- Up-to-date: /slambot/ros2/install/turtlesim/include/turtlesim/srv/detail
[109.754s] -- Installing: /slambot/ros2/install/turtlesim/include/turtlesim/srv/detail/teleport_relative__rosidl_typesupport_fastrtps_c.h
[109.755s] -- Installing: /slambot/ros2/install/turtlesim/include/turtlesim/srv/detail/set_pen__rosidl_typesupport_fastrtps_c.h
[109.755s] -- Installing: /slambot/ros2/install/turtlesim/include/turtlesim/srv/detail/teleport_absolute__rosidl_typesupport_fastrtps_c.h
[109.756s] -- Installing: /slambot/ros2/install/turtlesim/include/turtlesim/srv/detail/kill__rosidl_typesupport_fastrtps_c.h
[109.756s] -- Installing: /slambot/ros2/install/turtlesim/include/turtlesim/srv/detail/spawn__rosidl_typesupport_fastrtps_c.h
[109.757s] -- Up-to-date: /slambot/ros2/install/turtlesim/include/turtlesim/action
[109.757s] -- Up-to-date: /slambot/ros2/install/turtlesim/include/turtlesim/action/detail
[109.758s] -- Installing: /slambot/ros2/install/turtlesim/include/turtlesim/action/detail/rotate_absolute__rosidl_typesupport_fastrtps_c.h
[109.758s] -- Up-to-date: /slambot/ros2/install/turtlesim/include/turtlesim/msg
[109.759s] -- Installing: /slambot/ros2/install/turtlesim/include/turtlesim/msg/rosidl_typesupport_fastrtps_c__visibility_control.h
[109.759s] -- Up-to-date: /slambot/ros2/install/turtlesim/include/turtlesim/msg/detail
[109.760s] -- Installing: /slambot/ros2/install/turtlesim/include/turtlesim/msg/detail/color__rosidl_typesupport_fastrtps_c.h
[109.760s] -- Installing: /slambot/ros2/install/turtlesim/include/turtlesim/msg/detail/pose__rosidl_typesupport_fastrtps_c.h
[109.761s] -- Installing: /slambot/ros2/install/turtlesim/lib/libturtlesim__rosidl_typesupport_fastrtps_c.so
[109.762s] -- Set runtime path of "/slambot/ros2/install/turtlesim/lib/libturtlesim__rosidl_typesupport_fastrtps_c.so" to ""
[109.762s] -- Up-to-date: /slambot/ros2/install/turtlesim/include/turtlesim
[109.763s] -- Up-to-date: /slambot/ros2/install/turtlesim/include/turtlesim/srv
[109.763s] -- Up-to-date: /slambot/ros2/install/turtlesim/include/turtlesim/srv/detail
[109.764s] -- Installing: /slambot/ros2/install/turtlesim/include/turtlesim/srv/detail/teleport_absolute__rosidl_typesupport_fastrtps_cpp.hpp
[109.764s] -- Installing: /slambot/ros2/install/turtlesim/include/turtlesim/srv/detail/set_pen__rosidl_typesupport_fastrtps_cpp.hpp
[109.765s] -- Installing: /slambot/ros2/install/turtlesim/include/turtlesim/srv/detail/teleport_relative__rosidl_typesupport_fastrtps_cpp.hpp
[109.765s] -- Installing: /slambot/ros2/install/turtlesim/include/turtlesim/srv/detail/spawn__rosidl_typesupport_fastrtps_cpp.hpp
[109.766s] -- Installing: /slambot/ros2/install/turtlesim/include/turtlesim/srv/detail/kill__rosidl_typesupport_fastrtps_cpp.hpp
[109.766s] -- Installing: /slambot/ros2/install/turtlesim/include/turtlesim/srv/detail/dds_fastrtps
[109.767s] -- Up-to-date: /slambot/ros2/install/turtlesim/include/turtlesim/action
[109.767s] -- Up-to-date: /slambot/ros2/install/turtlesim/include/turtlesim/action/detail
[109.768s] -- Installing: /slambot/ros2/install/turtlesim/include/turtlesim/action/detail/rotate_absolute__rosidl_typesupport_fastrtps_cpp.hpp
[109.769s] -- Installing: /slambot/ros2/install/turtlesim/include/turtlesim/action/detail/dds_fastrtps
[109.769s] -- Up-to-date: /slambot/ros2/install/turtlesim/include/turtlesim/msg
[109.770s] -- Up-to-date: /slambot/ros2/install/turtlesim/include/turtlesim/msg/detail
[109.770s] -- Installing: /slambot/ros2/install/turtlesim/include/turtlesim/msg/detail/pose__rosidl_typesupport_fastrtps_cpp.hpp
[109.771s] -- Installing: /slambot/ros2/install/turtlesim/include/turtlesim/msg/detail/color__rosidl_typesupport_fastrtps_cpp.hpp
[109.771s] -- Installing: /slambot/ros2/install/turtlesim/include/turtlesim/msg/detail/dds_fastrtps
[109.772s] -- Installing: /slambot/ros2/install/turtlesim/include/turtlesim/msg/rosidl_typesupport_fastrtps_cpp__visibility_control.h
[109.772s] -- Installing: /slambot/ros2/install/turtlesim/lib/libturtlesim__rosidl_typesupport_fastrtps_cpp.so
[109.773s] -- Set runtime path of "/slambot/ros2/install/turtlesim/lib/libturtlesim__rosidl_typesupport_fastrtps_cpp.so" to ""
[109.774s] -- Up-to-date: /slambot/ros2/install/turtlesim/include/turtlesim
[109.774s] -- Up-to-date: /slambot/ros2/install/turtlesim/include/turtlesim/srv
[109.775s] -- Up-to-date: /slambot/ros2/install/turtlesim/include/turtlesim/srv/detail
[109.775s] -- Installing: /slambot/ros2/install/turtlesim/include/turtlesim/srv/detail/spawn__type_support.c
[109.776s] -- Installing: /slambot/ros2/install/turtlesim/include/turtlesim/srv/detail/set_pen__type_support.c
[109.776s] -- Installing: /slambot/ros2/install/turtlesim/include/turtlesim/srv/detail/spawn__rosidl_typesupport_introspection_c.h
[109.777s] -- Installing: /slambot/ros2/install/turtlesim/include/turtlesim/srv/detail/kill__rosidl_typesupport_introspection_c.h
[109.777s] -- Installing: /slambot/ros2/install/turtlesim/include/turtlesim/srv/detail/set_pen__rosidl_typesupport_introspection_c.h
[109.778s] -- Installing: /slambot/ros2/install/turtlesim/include/turtlesim/srv/detail/teleport_relative__type_support.c
[109.778s] -- Installing: /slambot/ros2/install/turtlesim/include/turtlesim/srv/detail/teleport_absolute__type_support.c
[109.779s] -- Installing: /slambot/ros2/install/turtlesim/include/turtlesim/srv/detail/kill__type_support.c
[109.779s] -- Installing: /slambot/ros2/install/turtlesim/include/turtlesim/srv/detail/teleport_absolute__rosidl_typesupport_introspection_c.h
[109.780s] -- Installing: /slambot/ros2/install/turtlesim/include/turtlesim/srv/detail/teleport_relative__rosidl_typesupport_introspection_c.h
[109.780s] -- Up-to-date: /slambot/ros2/install/turtlesim/include/turtlesim/action
[109.781s] -- Up-to-date: /slambot/ros2/install/turtlesim/include/turtlesim/action/detail
[109.781s] -- Installing: /slambot/ros2/install/turtlesim/include/turtlesim/action/detail/rotate_absolute__type_support.c
[109.782s] -- Installing: /slambot/ros2/install/turtlesim/include/turtlesim/action/detail/rotate_absolute__rosidl_typesupport_introspection_c.h
[109.782s] -- Up-to-date: /slambot/ros2/install/turtlesim/include/turtlesim/msg
[109.783s] -- Up-to-date: /slambot/ros2/install/turtlesim/include/turtlesim/msg/detail
[109.783s] -- Installing: /slambot/ros2/install/turtlesim/include/turtlesim/msg/detail/pose__type_support.c
[109.785s] -- Installing: /slambot/ros2/install/turtlesim/include/turtlesim/msg/detail/color__type_support.c
[109.786s] -- Installing: /slambot/ros2/install/turtlesim/include/turtlesim/msg/detail/color__rosidl_typesupport_introspection_c.h
[109.786s] -- Installing: /slambot/ros2/install/turtlesim/include/turtlesim/msg/detail/pose__rosidl_typesupport_introspection_c.h
[109.787s] -- Installing: /slambot/ros2/install/turtlesim/include/turtlesim/msg/rosidl_typesupport_introspection_c__visibility_control.h
[109.788s] -- Installing: /slambot/ros2/install/turtlesim/lib/libturtlesim__rosidl_typesupport_introspection_c.so
[109.788s] -- Set runtime path of "/slambot/ros2/install/turtlesim/lib/libturtlesim__rosidl_typesupport_introspection_c.so" to ""
[109.789s] -- Installing: /slambot/ros2/install/turtlesim/lib/libturtlesim__rosidl_typesupport_c.so
[109.790s] -- Set runtime path of "/slambot/ros2/install/turtlesim/lib/libturtlesim__rosidl_typesupport_c.so" to ""
[109.790s] -- Up-to-date: /slambot/ros2/install/turtlesim/include/turtlesim
[109.791s] -- Up-to-date: /slambot/ros2/install/turtlesim/include/turtlesim/srv
[109.791s] -- Installing: /slambot/ros2/install/turtlesim/include/turtlesim/srv/spawn.hpp
[109.792s] -- Installing: /slambot/ros2/install/turtlesim/include/turtlesim/srv/teleport_relative.hpp
[109.793s] -- Installing: /slambot/ros2/install/turtlesim/include/turtlesim/srv/kill.hpp
[109.793s] -- Up-to-date: /slambot/ros2/install/turtlesim/include/turtlesim/srv/detail
[109.794s] -- Installing: /slambot/ros2/install/turtlesim/include/turtlesim/srv/detail/teleport_relative__traits.hpp
[109.794s] -- Installing: /slambot/ros2/install/turtlesim/include/turtlesim/srv/detail/kill__traits.hpp
[109.795s] -- Installing: /slambot/ros2/install/turtlesim/include/turtlesim/srv/detail/teleport_relative__struct.hpp
[109.796s] -- Installing: /slambot/ros2/install/turtlesim/include/turtlesim/srv/detail/spawn__struct.hpp
[109.796s] -- Installing: /slambot/ros2/install/turtlesim/include/turtlesim/srv/detail/spawn__builder.hpp
[109.797s] -- Installing: /slambot/ros2/install/turtlesim/include/turtlesim/srv/detail/teleport_absolute__traits.hpp
[109.797s] -- Installing: /slambot/ros2/install/turtlesim/include/turtlesim/srv/detail/teleport_absolute__builder.hpp
[109.798s] -- Installing: /slambot/ros2/install/turtlesim/include/turtlesim/srv/detail/teleport_absolute__struct.hpp
[109.798s] -- Installing: /slambot/ros2/install/turtlesim/include/turtlesim/srv/detail/kill__builder.hpp
[109.799s] -- Installing: /slambot/ros2/install/turtlesim/include/turtlesim/srv/detail/spawn__traits.hpp
[109.799s] -- Installing: /slambot/ros2/install/turtlesim/include/turtlesim/srv/detail/set_pen__traits.hpp
[109.800s] -- Installing: /slambot/ros2/install/turtlesim/include/turtlesim/srv/detail/set_pen__builder.hpp
[109.800s] -- Installing: /slambot/ros2/install/turtlesim/include/turtlesim/srv/detail/set_pen__struct.hpp
[109.801s] -- Installing: /slambot/ros2/install/turtlesim/include/turtlesim/srv/detail/teleport_relative__builder.hpp
[109.801s] -- Installing: /slambot/ros2/install/turtlesim/include/turtlesim/srv/detail/kill__struct.hpp
[109.802s] -- Installing: /slambot/ros2/install/turtlesim/include/turtlesim/srv/set_pen.hpp
[109.802s] -- Installing: /slambot/ros2/install/turtlesim/include/turtlesim/srv/teleport_absolute.hpp
[109.803s] -- Up-to-date: /slambot/ros2/install/turtlesim/include/turtlesim/action
[109.803s] -- Installing: /slambot/ros2/install/turtlesim/include/turtlesim/action/rotate_absolute.hpp
[109.804s] -- Up-to-date: /slambot/ros2/install/turtlesim/include/turtlesim/action/detail
[109.804s] -- Installing: /slambot/ros2/install/turtlesim/include/turtlesim/action/detail/rotate_absolute__traits.hpp
[109.805s] -- Installing: /slambot/ros2/install/turtlesim/include/turtlesim/action/detail/rotate_absolute__builder.hpp
[109.805s] -- Installing: /slambot/ros2/install/turtlesim/include/turtlesim/action/detail/rotate_absolute__struct.hpp
[109.806s] -- Up-to-date: /slambot/ros2/install/turtlesim/include/turtlesim/msg
[109.806s] -- Installing: /slambot/ros2/install/turtlesim/include/turtlesim/msg/pose.hpp
[109.807s] -- Installing: /slambot/ros2/install/turtlesim/include/turtlesim/msg/color.hpp
[109.807s] -- Up-to-date: /slambot/ros2/install/turtlesim/include/turtlesim/msg/detail
[109.808s] -- Installing: /slambot/ros2/install/turtlesim/include/turtlesim/msg/detail/pose__builder.hpp
[109.808s] -- Installing: /slambot/ros2/install/turtlesim/include/turtlesim/msg/detail/pose__struct.hpp
[109.808s] -- Installing: /slambot/ros2/install/turtlesim/include/turtlesim/msg/detail/pose__traits.hpp
[109.809s] -- Installing: /slambot/ros2/install/turtlesim/include/turtlesim/msg/detail/color__struct.hpp
[109.810s] -- Installing: /slambot/ros2/install/turtlesim/include/turtlesim/msg/detail/color__traits.hpp
[109.810s] -- Installing: /slambot/ros2/install/turtlesim/include/turtlesim/msg/detail/color__builder.hpp
[109.810s] -- Up-to-date: /slambot/ros2/install/turtlesim/include/turtlesim
[109.811s] -- Up-to-date: /slambot/ros2/install/turtlesim/include/turtlesim/srv
[109.812s] -- Up-to-date: /slambot/ros2/install/turtlesim/include/turtlesim/srv/detail
[109.812s] -- Installing: /slambot/ros2/install/turtlesim/include/turtlesim/srv/detail/teleport_relative__type_support.cpp
[109.813s] -- Installing: /slambot/ros2/install/turtlesim/include/turtlesim/srv/detail/kill__type_support.cpp
[109.813s] -- Installing: /slambot/ros2/install/turtlesim/include/turtlesim/srv/detail/spawn__rosidl_typesupport_introspection_cpp.hpp
[109.814s] -- Installing: /slambot/ros2/install/turtlesim/include/turtlesim/srv/detail/teleport_relative__rosidl_typesupport_introspection_cpp.hpp
[109.814s] -- Installing: /slambot/ros2/install/turtlesim/include/turtlesim/srv/detail/set_pen__type_support.cpp
[109.815s] -- Installing: /slambot/ros2/install/turtlesim/include/turtlesim/srv/detail/teleport_absolute__type_support.cpp
[109.815s] -- Installing: /slambot/ros2/install/turtlesim/include/turtlesim/srv/detail/spawn__type_support.cpp
[109.816s] -- Installing: /slambot/ros2/install/turtlesim/include/turtlesim/srv/detail/set_pen__rosidl_typesupport_introspection_cpp.hpp
[109.816s] -- Installing: /slambot/ros2/install/turtlesim/include/turtlesim/srv/detail/teleport_absolute__rosidl_typesupport_introspection_cpp.hpp
[109.817s] -- Installing: /slambot/ros2/install/turtlesim/include/turtlesim/srv/detail/kill__rosidl_typesupport_introspection_cpp.hpp
[109.817s] -- Up-to-date: /slambot/ros2/install/turtlesim/include/turtlesim/action
[109.818s] -- Up-to-date: /slambot/ros2/install/turtlesim/include/turtlesim/action/detail
[109.818s] -- Installing: /slambot/ros2/install/turtlesim/include/turtlesim/action/detail/rotate_absolute__type_support.cpp
[109.819s] -- Installing: /slambot/ros2/install/turtlesim/include/turtlesim/action/detail/rotate_absolute__rosidl_typesupport_introspection_cpp.hpp
[109.819s] -- Up-to-date: /slambot/ros2/install/turtlesim/include/turtlesim/msg
[109.820s] -- Up-to-date: /slambot/ros2/install/turtlesim/include/turtlesim/msg/detail
[109.820s] -- Installing: /slambot/ros2/install/turtlesim/include/turtlesim/msg/detail/color__type_support.cpp
[109.821s] -- Installing: /slambot/ros2/install/turtlesim/include/turtlesim/msg/detail/pose__rosidl_typesupport_introspection_cpp.hpp
[109.821s] -- Installing: /slambot/ros2/install/turtlesim/include/turtlesim/msg/detail/color__rosidl_typesupport_introspection_cpp.hpp
[109.822s] -- Installing: /slambot/ros2/install/turtlesim/include/turtlesim/msg/detail/pose__type_support.cpp
[109.822s] -- Installing: /slambot/ros2/install/turtlesim/lib/libturtlesim__rosidl_typesupport_introspection_cpp.so
[109.823s] -- Set runtime path of "/slambot/ros2/install/turtlesim/lib/libturtlesim__rosidl_typesupport_introspection_cpp.so" to ""
[109.823s] -- Installing: /slambot/ros2/install/turtlesim/lib/libturtlesim__rosidl_typesupport_cpp.so
[109.824s] -- Set runtime path of "/slambot/ros2/install/turtlesim/lib/libturtlesim__rosidl_typesupport_cpp.so" to ""
[109.824s] -- Installing: /slambot/ros2/install/turtlesim/share/turtlesim/environment/pythonpath.sh
[109.825s] -- Installing: /slambot/ros2/install/turtlesim/share/turtlesim/environment/pythonpath.dsv
[109.825s] -- Installing: /slambot/ros2/install/turtlesim/lib/python3.6/site-packages/turtlesim/__init__.py
[110.017s] Compiling '/slambot/ros2/install/turtlesim/lib/python3.6/site-packages/turtlesim/__init__.py'...
[110.039s] -- Installing: /slambot/ros2/install/turtlesim/lib/python3.6/site-packages/turtlesim/action
[110.040s] -- Installing: /slambot/ros2/install/turtlesim/lib/python3.6/site-packages/turtlesim/action/__init__.py
[110.042s] -- Installing: /slambot/ros2/install/turtlesim/lib/python3.6/site-packages/turtlesim/action/_rotate_absolute.py
[110.043s] -- Installing: /slambot/ros2/install/turtlesim/lib/python3.6/site-packages/turtlesim/action/_rotate_absolute_s.c
[110.043s] -- Installing: /slambot/ros2/install/turtlesim/lib/python3.6/site-packages/turtlesim/msg
[110.044s] -- Installing: /slambot/ros2/install/turtlesim/lib/python3.6/site-packages/turtlesim/msg/__init__.py
[110.045s] -- Installing: /slambot/ros2/install/turtlesim/lib/python3.6/site-packages/turtlesim/msg/_color.py
[110.066s] -- Installing: /slambot/ros2/install/turtlesim/lib/python3.6/site-packages/turtlesim/msg/_pose_s.c
[110.067s] -- Installing: /slambot/ros2/install/turtlesim/lib/python3.6/site-packages/turtlesim/msg/_pose.py
[110.067s] -- Installing: /slambot/ros2/install/turtlesim/lib/python3.6/site-packages/turtlesim/msg/_color_s.c
[110.068s] -- Installing: /slambot/ros2/install/turtlesim/lib/python3.6/site-packages/turtlesim/srv
[110.068s] -- Installing: /slambot/ros2/install/turtlesim/lib/python3.6/site-packages/turtlesim/srv/_teleport_relative.py
[110.071s] -- Installing: /slambot/ros2/install/turtlesim/lib/python3.6/site-packages/turtlesim/srv/_kill_s.c
[110.071s] -- Installing: /slambot/ros2/install/turtlesim/lib/python3.6/site-packages/turtlesim/srv/__init__.py
[110.072s] -- Installing: /slambot/ros2/install/turtlesim/lib/python3.6/site-packages/turtlesim/srv/_set_pen.py
[110.072s] -- Installing: /slambot/ros2/install/turtlesim/lib/python3.6/site-packages/turtlesim/srv/_teleport_absolute.py
[110.073s] -- Installing: /slambot/ros2/install/turtlesim/lib/python3.6/site-packages/turtlesim/srv/_teleport_absolute_s.c
[110.073s] -- Installing: /slambot/ros2/install/turtlesim/lib/python3.6/site-packages/turtlesim/srv/_spawn.py
[110.074s] -- Installing: /slambot/ros2/install/turtlesim/lib/python3.6/site-packages/turtlesim/srv/_teleport_relative_s.c
[110.075s] -- Installing: /slambot/ros2/install/turtlesim/lib/python3.6/site-packages/turtlesim/srv/_set_pen_s.c
[110.075s] -- Installing: /slambot/ros2/install/turtlesim/lib/python3.6/site-packages/turtlesim/srv/_spawn_s.c
[110.076s] -- Installing: /slambot/ros2/install/turtlesim/lib/python3.6/site-packages/turtlesim/srv/_kill.py
[110.077s] -- Installing: /slambot/ros2/install/turtlesim/lib/python3.6/site-packages/turtlesim/turtlesim_s__rosidl_typesupport_fastrtps_c.cpython-36m-aarch64-linux-gnu.so
[110.079s] -- Set runtime path of "/slambot/ros2/install/turtlesim/lib/python3.6/site-packages/turtlesim/turtlesim_s__rosidl_typesupport_fastrtps_c.cpython-36m-aarch64-linux-gnu.so" to ""
[110.080s] -- Installing: /slambot/ros2/install/turtlesim/lib/python3.6/site-packages/turtlesim/turtlesim_s__rosidl_typesupport_introspection_c.cpython-36m-aarch64-linux-gnu.so
[110.082s] -- Set runtime path of "/slambot/ros2/install/turtlesim/lib/python3.6/site-packages/turtlesim/turtlesim_s__rosidl_typesupport_introspection_c.cpython-36m-aarch64-linux-gnu.so" to ""
[110.083s] -- Installing: /slambot/ros2/install/turtlesim/lib/python3.6/site-packages/turtlesim/turtlesim_s__rosidl_typesupport_c.cpython-36m-aarch64-linux-gnu.so
[110.085s] -- Set runtime path of "/slambot/ros2/install/turtlesim/lib/python3.6/site-packages/turtlesim/turtlesim_s__rosidl_typesupport_c.cpython-36m-aarch64-linux-gnu.so" to ""
[110.086s] -- Installing: /slambot/ros2/install/turtlesim/lib/libturtlesim__python.so
[110.088s] -- Set runtime path of "/slambot/ros2/install/turtlesim/lib/libturtlesim__python.so" to ""
[110.089s] -- Installing: /slambot/ros2/install/turtlesim/share/turtlesim/action/RotateAbsolute.idl
[110.090s] -- Installing: /slambot/ros2/install/turtlesim/share/turtlesim/msg/Color.idl
[110.091s] -- Installing: /slambot/ros2/install/turtlesim/share/turtlesim/msg/Pose.idl
[110.092s] -- Installing: /slambot/ros2/install/turtlesim/share/turtlesim/srv/Kill.idl
[110.093s] -- Installing: /slambot/ros2/install/turtlesim/share/turtlesim/srv/SetPen.idl
[110.093s] -- Installing: /slambot/ros2/install/turtlesim/share/turtlesim/srv/Spawn.idl
[110.094s] -- Installing: /slambot/ros2/install/turtlesim/share/turtlesim/srv/TeleportAbsolute.idl
[110.097s] -- Installing: /slambot/ros2/install/turtlesim/share/turtlesim/srv/TeleportRelative.idl
[110.098s] -- Installing: /slambot/ros2/install/turtlesim/share/turtlesim/action/RotateAbsolute.action
[110.099s] -- Installing: /slambot/ros2/install/turtlesim/share/turtlesim/msg/Color.msg
[110.100s] -- Installing: /slambot/ros2/install/turtlesim/share/turtlesim/msg/Pose.msg
[110.100s] -- Installing: /slambot/ros2/install/turtlesim/share/turtlesim/srv/Kill.srv
[110.101s] -- Installing: /slambot/ros2/install/turtlesim/share/turtlesim/srv/Kill_Request.msg
[110.102s] -- Installing: /slambot/ros2/install/turtlesim/share/turtlesim/srv/Kill_Response.msg
[110.103s] -- Installing: /slambot/ros2/install/turtlesim/share/turtlesim/srv/SetPen.srv
[110.103s] -- Installing: /slambot/ros2/install/turtlesim/share/turtlesim/srv/SetPen_Request.msg
[110.104s] -- Installing: /slambot/ros2/install/turtlesim/share/turtlesim/srv/SetPen_Response.msg
[110.105s] -- Installing: /slambot/ros2/install/turtlesim/share/turtlesim/srv/Spawn.srv
[110.105s] -- Installing: /slambot/ros2/install/turtlesim/share/turtlesim/srv/Spawn_Request.msg
[110.106s] -- Installing: /slambot/ros2/install/turtlesim/share/turtlesim/srv/Spawn_Response.msg
[110.107s] -- Installing: /slambot/ros2/install/turtlesim/share/turtlesim/srv/TeleportAbsolute.srv
[110.107s] -- Installing: /slambot/ros2/install/turtlesim/share/turtlesim/srv/TeleportAbsolute_Request.msg
[110.108s] -- Installing: /slambot/ros2/install/turtlesim/share/turtlesim/srv/TeleportAbsolute_Response.msg
[110.109s] -- Installing: /slambot/ros2/install/turtlesim/share/turtlesim/srv/TeleportRelative.srv
[110.110s] -- Installing: /slambot/ros2/install/turtlesim/share/turtlesim/srv/TeleportRelative_Request.msg
[110.110s] -- Installing: /slambot/ros2/install/turtlesim/share/turtlesim/srv/TeleportRelative_Response.msg
[110.112s] -- Installing: /slambot/ros2/install/turtlesim/lib/turtlesim/turtlesim_node
[110.140s] -- Set runtime path of "/slambot/ros2/install/turtlesim/lib/turtlesim/turtlesim_node" to ""
[110.141s] -- Installing: /slambot/ros2/install/turtlesim/lib/turtlesim/turtle_teleop_key
[110.151s] -- Set runtime path of "/slambot/ros2/install/turtlesim/lib/turtlesim/turtle_teleop_key" to ""
[110.151s] -- Installing: /slambot/ros2/install/turtlesim/lib/turtlesim/draw_square
[110.166s] -- Set runtime path of "/slambot/ros2/install/turtlesim/lib/turtlesim/draw_square" to ""
[110.167s] -- Installing: /slambot/ros2/install/turtlesim/lib/turtlesim/mimic
[110.177s] -- Set runtime path of "/slambot/ros2/install/turtlesim/lib/turtlesim/mimic" to ""
[110.177s] -- Installing: /slambot/ros2/install/turtlesim/share/turtlesim/images
[110.179s] -- Installing: /slambot/ros2/install/turtlesim/share/turtlesim/images/crystal.png
[110.180s] -- Installing: /slambot/ros2/install/turtlesim/share/turtlesim/images/ardent.png
[110.181s] -- Installing: /slambot/ros2/install/turtlesim/share/turtlesim/images/bouncy.png
[110.182s] -- Installing: /slambot/ros2/install/turtlesim/share/turtlesim/images/foxy.png
[110.187s] -- Installing: /slambot/ros2/install/turtlesim/share/turtlesim/images/eloquent.png
[110.189s] -- Installing: /slambot/ros2/install/turtlesim/share/turtlesim/images/dashing.png
[110.190s] -- Installing: /slambot/ros2/install/turtlesim/share/turtlesim/launch
[110.191s] -- Installing: /slambot/ros2/install/turtlesim/share/turtlesim/launch/multisim.launch.py
[110.192s] -- Installing: /slambot/ros2/install/turtlesim/share/ament_index/resource_index/package_run_dependencies/turtlesim
[110.192s] -- Installing: /slambot/ros2/install/turtlesim/share/ament_index/resource_index/parent_prefix_path/turtlesim
[110.193s] -- Installing: /slambot/ros2/install/turtlesim/share/turtlesim/environment/ament_prefix_path.sh
[110.194s] -- Installing: /slambot/ros2/install/turtlesim/share/turtlesim/environment/ament_prefix_path.dsv
[110.195s] -- Installing: /slambot/ros2/install/turtlesim/share/turtlesim/environment/path.sh
[110.195s] -- Installing: /slambot/ros2/install/turtlesim/share/turtlesim/environment/path.dsv
[110.196s] -- Installing: /slambot/ros2/install/turtlesim/share/turtlesim/local_setup.bash
[110.196s] -- Installing: /slambot/ros2/install/turtlesim/share/turtlesim/local_setup.sh
[110.197s] -- Installing: /slambot/ros2/install/turtlesim/share/turtlesim/local_setup.zsh
[110.197s] -- Installing: /slambot/ros2/install/turtlesim/share/turtlesim/local_setup.dsv
[110.198s] -- Installing: /slambot/ros2/install/turtlesim/share/turtlesim/package.dsv
[110.198s] -- Installing: /slambot/ros2/install/turtlesim/share/ament_index/resource_index/packages/turtlesim
[110.199s] -- Installing: /slambot/ros2/install/turtlesim/share/turtlesim/cmake/turtlesim__rosidl_generator_cExport.cmake
[110.199s] -- Installing: /slambot/ros2/install/turtlesim/share/turtlesim/cmake/turtlesim__rosidl_generator_cExport-noconfig.cmake
[110.200s] -- Installing: /slambot/ros2/install/turtlesim/share/turtlesim/cmake/turtlesim__rosidl_typesupport_introspection_cExport.cmake
[110.200s] -- Installing: /slambot/ros2/install/turtlesim/share/turtlesim/cmake/turtlesim__rosidl_typesupport_introspection_cExport-noconfig.cmake
[110.201s] -- Installing: /slambot/ros2/install/turtlesim/share/turtlesim/cmake/turtlesim__rosidl_typesupport_cExport.cmake
[110.202s] -- Installing: /slambot/ros2/install/turtlesim/share/turtlesim/cmake/turtlesim__rosidl_typesupport_cExport-noconfig.cmake
[110.203s] -- Installing: /slambot/ros2/install/turtlesim/share/turtlesim/cmake/turtlesim__rosidl_generator_cppExport.cmake
[110.204s] -- Installing: /slambot/ros2/install/turtlesim/share/turtlesim/cmake/turtlesim__rosidl_typesupport_introspection_cppExport.cmake
[110.205s] -- Installing: /slambot/ros2/install/turtlesim/share/turtlesim/cmake/turtlesim__rosidl_typesupport_introspection_cppExport-noconfig.cmake
[110.206s] -- Installing: /slambot/ros2/install/turtlesim/share/turtlesim/cmake/turtlesim__rosidl_typesupport_cppExport.cmake
[110.207s] -- Installing: /slambot/ros2/install/turtlesim/share/turtlesim/cmake/turtlesim__rosidl_typesupport_cppExport-noconfig.cmake
[110.208s] -- Installing: /slambot/ros2/install/turtlesim/share/turtlesim/cmake/rosidl_cmake-extras.cmake
[110.209s] -- Installing: /slambot/ros2/install/turtlesim/share/turtlesim/cmake/ament_cmake_export_dependencies-extras.cmake
[110.210s] -- Installing: /slambot/ros2/install/turtlesim/share/turtlesim/cmake/ament_cmake_export_libraries-extras.cmake
[110.211s] -- Installing: /slambot/ros2/install/turtlesim/share/turtlesim/cmake/ament_cmake_export_targets-extras.cmake
[110.212s] -- Installing: /slambot/ros2/install/turtlesim/share/turtlesim/cmake/ament_cmake_export_include_directories-extras.cmake
[110.213s] -- Installing: /slambot/ros2/install/turtlesim/share/turtlesim/cmake/rosidl_cmake_export_typesupport_libraries-extras.cmake
[110.213s] -- Installing: /slambot/ros2/install/turtlesim/share/turtlesim/cmake/rosidl_cmake_export_typesupport_targets-extras.cmake
[110.214s] -- Installing: /slambot/ros2/install/turtlesim/share/turtlesim/cmake/turtlesimConfig.cmake
[110.215s] -- Installing: /slambot/ros2/install/turtlesim/share/turtlesim/cmake/turtlesimConfig-version.cmake
[110.216s] -- Installing: /slambot/ros2/install/turtlesim/share/turtlesim/package.xml
[110.235s] Invoked command in '/slambot/ros2/build/turtlesim' returned '0': CMAKE_PREFIX_PATH=/workspace/install/jetbot_ros:${CMAKE_PREFIX_PATH} /usr/bin/cmake --build /slambot/ros2/build/turtlesim --target install -- -j4 -l4
