[1.827s] DEBUG:colcon:Command line arguments: ['/usr/bin/colcon', 'build']
[1.828s] DEBUG:colcon:Parsed command line arguments: Namespace(ament_cmake_args=None, base_paths=['.'], build_base='build', catkin_cmake_args=None, catkin_skip_building_tests=False, cmake_args=None, cmake_clean_cache=False, cmake_clean_first=False, cmake_force_configure=False, cmake_target=None, cmake_target_skip_unavailable=False, continue_on_error=False, event_handlers=None, executor='parallel', ignore_user_meta=False, install_base='install', log_base=None, log_level=None, main=<bound method BuildVerb.main of <colcon_core.verb.build.BuildVerb object at 0x7f9c470588>>, merge_install=False, metas=['./colcon.meta'], packages_above=None, packages_above_and_dependencies=None, packages_above_depth=None, packages_end=None, packages_ignore=None, packages_ignore_regex=None, packages_select=None, packages_select_build_failed=False, packages_select_by_dep=None, packages_select_regex=None, packages_select_test_failures=False, packages_skip=None, packages_skip_build_finished=False, packages_skip_by_dep=None, packages_skip_regex=None, packages_skip_test_passed=False, packages_skip_up_to=None, packages_start=None, packages_up_to=None, packages_up_to_regex=None, parallel_workers=4, paths=None, symlink_install=False, test_result_base=None, verb_extension=<colcon_core.verb.build.BuildVerb object at 0x7f9c470588>, verb_name='build', verb_parser=<colcon_defaults.argument_parser.defaults.DefaultArgumentsDecorator object at 0x7f9c4708d0>)
[1.867s] Level 1:colcon.colcon_core.package_discovery:discover_packages(colcon_meta) check parameters
[1.868s] Level 1:colcon.colcon_core.package_discovery:discover_packages(recursive) check parameters
[1.868s] Level 1:colcon.colcon_core.package_discovery:discover_packages(ignore) check parameters
[1.868s] Level 1:colcon.colcon_core.package_discovery:discover_packages(path) check parameters
[1.868s] Level 1:colcon.colcon_core.package_discovery:discover_packages(colcon_meta) discover
[1.870s] Level 1:colcon.colcon_core.package_discovery:discover_packages(recursive) discover
[1.870s] INFO:colcon.colcon_core.package_discovery:Crawling recursively for packages in '/slambot/ros2'
[1.871s] Level 1:colcon.colcon_core.package_identification:_identify(.) by extensions ['ignore', 'ignore_ament_install']
[1.871s] Level 1:colcon.colcon_core.package_identification:_identify(.) by extension 'ignore'
[1.871s] Level 1:colcon.colcon_core.package_identification:_identify(.) by extension 'ignore_ament_install'
[1.872s] Level 1:colcon.colcon_core.package_identification:_identify(.) by extensions ['colcon_pkg']
[1.872s] Level 1:colcon.colcon_core.package_identification:_identify(.) by extension 'colcon_pkg'
[1.872s] Level 1:colcon.colcon_core.package_identification:_identify(.) by extensions ['colcon_meta']
[1.872s] Level 1:colcon.colcon_core.package_identification:_identify(.) by extension 'colcon_meta'
[1.873s] Level 1:colcon.colcon_core.package_identification:_identify(.) by extensions ['ros']
[1.873s] Level 1:colcon.colcon_core.package_identification:_identify(.) by extension 'ros'
[1.943s] Level 1:colcon.colcon_core.package_identification:_identify(.) by extensions ['cmake', 'python']
[1.944s] Level 1:colcon.colcon_core.package_identification:_identify(.) by extension 'cmake'
[1.944s] Level 1:colcon.colcon_core.package_identification:_identify(.) by extension 'python'
[1.944s] Level 1:colcon.colcon_core.package_identification:_identify(.) by extensions ['python_setup_py']
[1.945s] Level 1:colcon.colcon_core.package_identification:_identify(.) by extension 'python_setup_py'
[1.945s] Level 1:colcon.colcon_core.package_identification:_identify(build) by extensions ['ignore', 'ignore_ament_install']
[1.946s] Level 1:colcon.colcon_core.package_identification:_identify(build) by extension 'ignore'
[1.946s] Level 1:colcon.colcon_core.package_identification:_identify(build) ignored
[1.948s] Level 1:colcon.colcon_core.package_identification:_identify(install) by extensions ['ignore', 'ignore_ament_install']
[1.948s] Level 1:colcon.colcon_core.package_identification:_identify(install) by extension 'ignore'
[1.949s] Level 1:colcon.colcon_core.package_identification:_identify(install) ignored
[1.949s] Level 1:colcon.colcon_core.package_identification:_identify(log) by extensions ['ignore', 'ignore_ament_install']
[1.950s] Level 1:colcon.colcon_core.package_identification:_identify(log) by extension 'ignore'
[1.950s] Level 1:colcon.colcon_core.package_identification:_identify(log) ignored
[1.951s] Level 1:colcon.colcon_core.package_identification:_identify(src) by extensions ['ignore', 'ignore_ament_install']
[1.951s] Level 1:colcon.colcon_core.package_identification:_identify(src) by extension 'ignore'
[1.952s] Level 1:colcon.colcon_core.package_identification:_identify(src) by extension 'ignore_ament_install'
[1.952s] Level 1:colcon.colcon_core.package_identification:_identify(src) by extensions ['colcon_pkg']
[1.952s] Level 1:colcon.colcon_core.package_identification:_identify(src) by extension 'colcon_pkg'
[1.953s] Level 1:colcon.colcon_core.package_identification:_identify(src) by extensions ['colcon_meta']
[1.953s] Level 1:colcon.colcon_core.package_identification:_identify(src) by extension 'colcon_meta'
[1.953s] Level 1:colcon.colcon_core.package_identification:_identify(src) by extensions ['ros']
[1.953s] Level 1:colcon.colcon_core.package_identification:_identify(src) by extension 'ros'
[1.954s] Level 1:colcon.colcon_core.package_identification:_identify(src) by extensions ['cmake', 'python']
[1.954s] Level 1:colcon.colcon_core.package_identification:_identify(src) by extension 'cmake'
[1.955s] Level 1:colcon.colcon_core.package_identification:_identify(src) by extension 'python'
[1.955s] Level 1:colcon.colcon_core.package_identification:_identify(src) by extensions ['python_setup_py']
[1.955s] Level 1:colcon.colcon_core.package_identification:_identify(src) by extension 'python_setup_py'
[1.956s] Level 1:colcon.colcon_core.package_identification:_identify(src/ros_tutorials) by extensions ['ignore', 'ignore_ament_install']
[1.957s] Level 1:colcon.colcon_core.package_identification:_identify(src/ros_tutorials) by extension 'ignore'
[1.957s] Level 1:colcon.colcon_core.package_identification:_identify(src/ros_tutorials) by extension 'ignore_ament_install'
[1.958s] Level 1:colcon.colcon_core.package_identification:_identify(src/ros_tutorials) by extensions ['colcon_pkg']
[1.958s] Level 1:colcon.colcon_core.package_identification:_identify(src/ros_tutorials) by extension 'colcon_pkg'
[1.959s] Level 1:colcon.colcon_core.package_identification:_identify(src/ros_tutorials) by extensions ['colcon_meta']
[1.959s] Level 1:colcon.colcon_core.package_identification:_identify(src/ros_tutorials) by extension 'colcon_meta'
[1.959s] Level 1:colcon.colcon_core.package_identification:_identify(src/ros_tutorials) by extensions ['ros']
[1.960s] Level 1:colcon.colcon_core.package_identification:_identify(src/ros_tutorials) by extension 'ros'
[1.960s] Level 1:colcon.colcon_core.package_identification:_identify(src/ros_tutorials) by extensions ['cmake', 'python']
[1.960s] Level 1:colcon.colcon_core.package_identification:_identify(src/ros_tutorials) by extension 'cmake'
[1.961s] Level 1:colcon.colcon_core.package_identification:_identify(src/ros_tutorials) by extension 'python'
[1.961s] Level 1:colcon.colcon_core.package_identification:_identify(src/ros_tutorials) by extensions ['python_setup_py']
[1.962s] Level 1:colcon.colcon_core.package_identification:_identify(src/ros_tutorials) by extension 'python_setup_py'
[1.962s] Level 1:colcon.colcon_core.package_identification:_identify(src/ros_tutorials/ros_tutorials) by extensions ['ignore', 'ignore_ament_install']
[1.963s] Level 1:colcon.colcon_core.package_identification:_identify(src/ros_tutorials/ros_tutorials) by extension 'ignore'
[1.963s] Level 1:colcon.colcon_core.package_identification:_identify(src/ros_tutorials/ros_tutorials) ignored
[1.964s] Level 1:colcon.colcon_core.package_identification:_identify(src/ros_tutorials/roscpp_tutorials) by extensions ['ignore', 'ignore_ament_install']
[1.965s] Level 1:colcon.colcon_core.package_identification:_identify(src/ros_tutorials/roscpp_tutorials) by extension 'ignore'
[1.965s] Level 1:colcon.colcon_core.package_identification:_identify(src/ros_tutorials/roscpp_tutorials) ignored
[1.966s] Level 1:colcon.colcon_core.package_identification:_identify(src/ros_tutorials/rospy_tutorials) by extensions ['ignore', 'ignore_ament_install']
[1.966s] Level 1:colcon.colcon_core.package_identification:_identify(src/ros_tutorials/rospy_tutorials) by extension 'ignore'
[1.967s] Level 1:colcon.colcon_core.package_identification:_identify(src/ros_tutorials/rospy_tutorials) ignored
[1.967s] Level 1:colcon.colcon_core.package_identification:_identify(src/ros_tutorials/turtlesim) by extensions ['ignore', 'ignore_ament_install']
[1.968s] Level 1:colcon.colcon_core.package_identification:_identify(src/ros_tutorials/turtlesim) by extension 'ignore'
[1.968s] Level 1:colcon.colcon_core.package_identification:_identify(src/ros_tutorials/turtlesim) by extension 'ignore_ament_install'
[1.968s] Level 1:colcon.colcon_core.package_identification:_identify(src/ros_tutorials/turtlesim) by extensions ['colcon_pkg']
[1.969s] Level 1:colcon.colcon_core.package_identification:_identify(src/ros_tutorials/turtlesim) by extension 'colcon_pkg'
[1.969s] Level 1:colcon.colcon_core.package_identification:_identify(src/ros_tutorials/turtlesim) by extensions ['colcon_meta']
[1.969s] Level 1:colcon.colcon_core.package_identification:_identify(src/ros_tutorials/turtlesim) by extension 'colcon_meta'
[1.970s] Level 1:colcon.colcon_core.package_identification:_identify(src/ros_tutorials/turtlesim) by extensions ['ros']
[1.970s] Level 1:colcon.colcon_core.package_identification:_identify(src/ros_tutorials/turtlesim) by extension 'ros'
[1.987s] DEBUG:colcon.colcon_core.package_identification:Package 'src/ros_tutorials/turtlesim' with type 'ros.ament_cmake' and name 'turtlesim'
[1.988s] Level 1:colcon.colcon_core.package_discovery:discover_packages(recursive) using defaults
[1.989s] Level 1:colcon.colcon_core.package_discovery:discover_packages(ignore) discover
[1.989s] Level 1:colcon.colcon_core.package_discovery:discover_packages(ignore) using defaults
[1.990s] Level 1:colcon.colcon_core.package_discovery:discover_packages(path) discover
[1.990s] Level 1:colcon.colcon_core.package_discovery:discover_packages(path) using defaults
[2.178s] Level 5:colcon.colcon_core.verb:set package 'turtlesim' build argument 'cmake_args' from command line to 'None'
[2.179s] Level 5:colcon.colcon_core.verb:set package 'turtlesim' build argument 'cmake_target' from command line to 'None'
[2.179s] Level 5:colcon.colcon_core.verb:set package 'turtlesim' build argument 'cmake_target_skip_unavailable' from command line to 'False'
[2.179s] Level 5:colcon.colcon_core.verb:set package 'turtlesim' build argument 'cmake_clean_cache' from command line to 'False'
[2.179s] Level 5:colcon.colcon_core.verb:set package 'turtlesim' build argument 'cmake_clean_first' from command line to 'False'
[2.179s] Level 5:colcon.colcon_core.verb:set package 'turtlesim' build argument 'cmake_force_configure' from command line to 'False'
[2.180s] Level 5:colcon.colcon_core.verb:set package 'turtlesim' build argument 'ament_cmake_args' from command line to 'None'
[2.180s] Level 5:colcon.colcon_core.verb:set package 'turtlesim' build argument 'catkin_cmake_args' from command line to 'None'
[2.180s] Level 5:colcon.colcon_core.verb:set package 'turtlesim' build argument 'catkin_skip_building_tests' from command line to 'False'
[2.180s] DEBUG:colcon.colcon_core.verb:Building package 'turtlesim' with the following arguments: {'ament_cmake_args': None, 'build_base': '/slambot/ros2/build/turtlesim', 'catkin_cmake_args': None, 'catkin_skip_building_tests': False, 'cmake_args': None, 'cmake_clean_cache': False, 'cmake_clean_first': False, 'cmake_force_configure': False, 'cmake_target': None, 'cmake_target_skip_unavailable': False, 'install_base': '/slambot/ros2/install/turtlesim', 'merge_install': False, 'path': '/slambot/ros2/src/ros_tutorials/turtlesim', 'symlink_install': False, 'test_result_base': None}
[2.182s] INFO:colcon.colcon_core.executor:Executing jobs using 'parallel' executor
[2.193s] DEBUG:colcon.colcon_parallel_executor.executor.parallel:run_until_complete
[2.194s] INFO:colcon.colcon_ros.task.ament_cmake.build:Building ROS package in '/slambot/ros2/src/ros_tutorials/turtlesim' with build type 'ament_cmake'
[2.194s] INFO:colcon.colcon_cmake.task.cmake.build:Building CMake package in '/slambot/ros2/src/ros_tutorials/turtlesim'
[2.220s] INFO:colcon.colcon_core.plugin_system:Skipping extension 'colcon_core.shell.bat': Not used on non-Windows systems
[2.221s] INFO:colcon.colcon_core.shell:Skip shell extension 'powershell' for command environment: Not usable outside of PowerShell
[2.221s] DEBUG:colcon.colcon_core.shell:Skip shell extension 'dsv' for command environment
[2.281s] DEBUG:colcon.colcon_core.event_handler.log_command:Invoking command in '/slambot/ros2/build/turtlesim': CMAKE_PREFIX_PATH=/workspace/install/jetbot_ros:${CMAKE_PREFIX_PATH} /usr/bin/cmake /slambot/ros2/src/ros_tutorials/turtlesim -DCMAKE_INSTALL_PREFIX=/slambot/ros2/install/turtlesim
[14.932s] DEBUG:colcon.colcon_core.event_handler.log_command:Invoked command in '/slambot/ros2/build/turtlesim' returned '0': CMAKE_PREFIX_PATH=/workspace/install/jetbot_ros:${CMAKE_PREFIX_PATH} /usr/bin/cmake /slambot/ros2/src/ros_tutorials/turtlesim -DCMAKE_INSTALL_PREFIX=/slambot/ros2/install/turtlesim
[14.935s] DEBUG:colcon.colcon_core.event_handler.log_command:Invoking command in '/slambot/ros2/build/turtlesim': CMAKE_PREFIX_PATH=/workspace/install/jetbot_ros:${CMAKE_PREFIX_PATH} /usr/bin/cmake --build /slambot/ros2/build/turtlesim -- -j4 -l4
[109.880s] DEBUG:colcon.colcon_core.event_handler.log_command:Invoked command in '/slambot/ros2/build/turtlesim' returned '0': CMAKE_PREFIX_PATH=/workspace/install/jetbot_ros:${CMAKE_PREFIX_PATH} /usr/bin/cmake --build /slambot/ros2/build/turtlesim -- -j4 -l4
[110.655s] DEBUG:colcon.colcon_core.event_handler.log_command:Invoking command in '/slambot/ros2/build/turtlesim': CMAKE_PREFIX_PATH=/workspace/install/jetbot_ros:${CMAKE_PREFIX_PATH} /usr/bin/cmake --build /slambot/ros2/build/turtlesim --target install -- -j4 -l4
[112.428s] Level 1:colcon.colcon_core.environment:create_environment_scripts_only(turtlesim)
[112.437s] DEBUG:colcon.colcon_core.event_handler.log_command:Invoked command in '/slambot/ros2/build/turtlesim' returned '0': CMAKE_PREFIX_PATH=/workspace/install/jetbot_ros:${CMAKE_PREFIX_PATH} /usr/bin/cmake --build /slambot/ros2/build/turtlesim --target install -- -j4 -l4
[112.459s] Level 1:colcon.colcon_core.environment:checking '/slambot/ros2/install/turtlesim' for CMake module files
[112.463s] Level 1:colcon.colcon_core.environment:checking '/slambot/ros2/install/turtlesim' for CMake config files
[112.467s] Level 1:colcon.colcon_core.shell:create_environment_hook('turtlesim', 'cmake_prefix_path')
[112.471s] INFO:colcon.colcon_core.shell:Creating environment hook '/slambot/ros2/install/turtlesim/share/turtlesim/hook/cmake_prefix_path.ps1'
[112.475s] INFO:colcon.colcon_core.shell:Creating environment descriptor '/slambot/ros2/install/turtlesim/share/turtlesim/hook/cmake_prefix_path.dsv'
[112.478s] INFO:colcon.colcon_core.shell:Creating environment hook '/slambot/ros2/install/turtlesim/share/turtlesim/hook/cmake_prefix_path.sh'
[112.485s] Level 1:colcon.colcon_core.environment:checking '/slambot/ros2/install/turtlesim/lib'
[112.486s] Level 1:colcon.colcon_core.shell:create_environment_hook('turtlesim', 'ld_library_path_lib')
[112.490s] INFO:colcon.colcon_core.shell:Creating environment hook '/slambot/ros2/install/turtlesim/share/turtlesim/hook/ld_library_path_lib.ps1'
[112.493s] INFO:colcon.colcon_core.shell:Creating environment descriptor '/slambot/ros2/install/turtlesim/share/turtlesim/hook/ld_library_path_lib.dsv'
[112.495s] INFO:colcon.colcon_core.shell:Creating environment hook '/slambot/ros2/install/turtlesim/share/turtlesim/hook/ld_library_path_lib.sh'
[112.496s] Level 1:colcon.colcon_core.environment:checking '/slambot/ros2/install/turtlesim/bin'
[112.497s] Level 1:colcon.colcon_core.environment:checking '/slambot/ros2/install/turtlesim/lib/pkgconfig/turtlesim.pc'
[112.497s] Level 1:colcon.colcon_core.environment:checking '/slambot/ros2/install/turtlesim/lib/python3.6/site-packages'
[112.497s] Level 1:colcon.colcon_core.shell:create_environment_hook('turtlesim', 'pythonpath')
[112.501s] INFO:colcon.colcon_core.shell:Creating environment hook '/slambot/ros2/install/turtlesim/share/turtlesim/hook/pythonpath.ps1'
[112.502s] INFO:colcon.colcon_core.shell:Creating environment descriptor '/slambot/ros2/install/turtlesim/share/turtlesim/hook/pythonpath.dsv'
[112.504s] INFO:colcon.colcon_core.shell:Creating environment hook '/slambot/ros2/install/turtlesim/share/turtlesim/hook/pythonpath.sh'
[112.509s] INFO:colcon.colcon_core.shell:Creating package script '/slambot/ros2/install/turtlesim/share/turtlesim/package.ps1'
[112.515s] INFO:colcon.colcon_core.shell:Creating package descriptor '/slambot/ros2/install/turtlesim/share/turtlesim/package.dsv'
[112.519s] INFO:colcon.colcon_core.shell:Creating package script '/slambot/ros2/install/turtlesim/share/turtlesim/package.sh'
[112.524s] INFO:colcon.colcon_core.shell:Creating package script '/slambot/ros2/install/turtlesim/share/turtlesim/package.bash'
[112.529s] INFO:colcon.colcon_core.shell:Creating package script '/slambot/ros2/install/turtlesim/share/turtlesim/package.zsh'
[112.536s] Level 1:colcon.colcon_core.environment:create_file_with_runtime_dependencies(/slambot/ros2/install/turtlesim/share/colcon-core/packages/turtlesim)
[113.249s] Level 1:colcon.colcon_core.environment:create_environment_scripts_only(turtlesim)
[113.254s] Level 1:colcon.colcon_core.environment:checking '/slambot/ros2/install/turtlesim' for CMake module files
[113.259s] Level 1:colcon.colcon_core.environment:checking '/slambot/ros2/install/turtlesim' for CMake config files
[113.262s] Level 1:colcon.colcon_core.shell:create_environment_hook('turtlesim', 'cmake_prefix_path')
[113.265s] INFO:colcon.colcon_core.shell:Creating environment hook '/slambot/ros2/install/turtlesim/share/turtlesim/hook/cmake_prefix_path.ps1'
[113.269s] INFO:colcon.colcon_core.shell:Creating environment descriptor '/slambot/ros2/install/turtlesim/share/turtlesim/hook/cmake_prefix_path.dsv'
[113.270s] INFO:colcon.colcon_core.shell:Creating environment hook '/slambot/ros2/install/turtlesim/share/turtlesim/hook/cmake_prefix_path.sh'
[113.274s] Level 1:colcon.colcon_core.environment:checking '/slambot/ros2/install/turtlesim/lib'
[113.274s] Level 1:colcon.colcon_core.shell:create_environment_hook('turtlesim', 'ld_library_path_lib')
[113.277s] INFO:colcon.colcon_core.shell:Creating environment hook '/slambot/ros2/install/turtlesim/share/turtlesim/hook/ld_library_path_lib.ps1'
[113.279s] INFO:colcon.colcon_core.shell:Creating environment descriptor '/slambot/ros2/install/turtlesim/share/turtlesim/hook/ld_library_path_lib.dsv'
[113.280s] INFO:colcon.colcon_core.shell:Creating environment hook '/slambot/ros2/install/turtlesim/share/turtlesim/hook/ld_library_path_lib.sh'
[113.282s] Level 1:colcon.colcon_core.environment:checking '/slambot/ros2/install/turtlesim/bin'
[113.282s] Level 1:colcon.colcon_core.environment:checking '/slambot/ros2/install/turtlesim/lib/pkgconfig/turtlesim.pc'
[113.283s] Level 1:colcon.colcon_core.environment:checking '/slambot/ros2/install/turtlesim/lib/python3.6/site-packages'
[113.283s] Level 1:colcon.colcon_core.shell:create_environment_hook('turtlesim', 'pythonpath')
[113.287s] INFO:colcon.colcon_core.shell:Creating environment hook '/slambot/ros2/install/turtlesim/share/turtlesim/hook/pythonpath.ps1'
[113.288s] INFO:colcon.colcon_core.shell:Creating environment descriptor '/slambot/ros2/install/turtlesim/share/turtlesim/hook/pythonpath.dsv'
[113.290s] INFO:colcon.colcon_core.shell:Creating environment hook '/slambot/ros2/install/turtlesim/share/turtlesim/hook/pythonpath.sh'
[113.295s] INFO:colcon.colcon_core.shell:Creating package script '/slambot/ros2/install/turtlesim/share/turtlesim/package.ps1'
[113.297s] INFO:colcon.colcon_core.shell:Creating package descriptor '/slambot/ros2/install/turtlesim/share/turtlesim/package.dsv'
[113.301s] INFO:colcon.colcon_core.shell:Creating package script '/slambot/ros2/install/turtlesim/share/turtlesim/package.sh'
[113.304s] INFO:colcon.colcon_core.shell:Creating package script '/slambot/ros2/install/turtlesim/share/turtlesim/package.bash'
[113.305s] INFO:colcon.colcon_core.shell:Creating package script '/slambot/ros2/install/turtlesim/share/turtlesim/package.zsh'
[113.307s] Level 1:colcon.colcon_core.environment:create_file_with_runtime_dependencies(/slambot/ros2/install/turtlesim/share/colcon-core/packages/turtlesim)
[113.310s] DEBUG:colcon.colcon_parallel_executor.executor.parallel:closing loop
[113.313s] DEBUG:colcon.colcon_parallel_executor.executor.parallel:loop closed
[113.313s] DEBUG:colcon.colcon_parallel_executor.executor.parallel:run_until_complete finished with '0'
[113.314s] DEBUG:colcon.colcon_core.event_reactor:joining thread
[113.354s] INFO:colcon.colcon_core.plugin_system:Skipping extension 'colcon_notification.desktop_notification.notify_send': Could not find 'notify-send'
[113.354s] INFO:colcon.colcon_core.plugin_system:Skipping extension 'colcon_notification.desktop_notification.terminal_notifier': Not used on non-Darwin systems
[113.355s] INFO:colcon.colcon_core.plugin_system:Skipping extension 'colcon_notification.desktop_notification.win32': Not used on non-Windows systems
[113.355s] INFO:colcon.colcon_notification.desktop_notification:Sending desktop notification using 'notify2'
[113.355s] DEBUG:colcon.colcon_notification.desktop_notification.notify2:Failed to initialize notify2: org.freedesktop.DBus.Error.NotSupported: Unable to autolaunch a dbus-daemon without a $DISPLAY for X11
[113.356s] DEBUG:colcon.colcon_core.event_reactor:joined thread
[113.359s] INFO:colcon.colcon_core.shell:Creating prefix script '/slambot/ros2/install/local_setup.ps1'
[113.367s] INFO:colcon.colcon_core.shell:Creating prefix util module '/slambot/ros2/install/_local_setup_util_ps1.py'
[113.377s] INFO:colcon.colcon_core.shell:Creating prefix chain script '/slambot/ros2/install/setup.ps1'
[113.396s] INFO:colcon.colcon_core.shell:Creating prefix script '/slambot/ros2/install/local_setup.sh'
[113.400s] INFO:colcon.colcon_core.shell:Creating prefix util module '/slambot/ros2/install/_local_setup_util_sh.py'
[113.402s] INFO:colcon.colcon_core.shell:Creating prefix chain script '/slambot/ros2/install/setup.sh'
[113.422s] INFO:colcon.colcon_core.shell:Creating prefix script '/slambot/ros2/install/local_setup.bash'
[113.425s] INFO:colcon.colcon_core.shell:Creating prefix chain script '/slambot/ros2/install/setup.bash'
[113.442s] INFO:colcon.colcon_core.shell:Creating prefix script '/slambot/ros2/install/local_setup.zsh'
[113.445s] INFO:colcon.colcon_core.shell:Creating prefix chain script '/slambot/ros2/install/setup.zsh'
