[1.636s] DEBUG:colcon:Command line arguments: ['/usr/bin/colcon', 'build']
[1.636s] DEBUG:colcon:Parsed command line arguments: Namespace(ament_cmake_args=None, base_paths=['.'], build_base='build', catkin_cmake_args=None, catkin_skip_building_tests=False, cmake_args=None, cmake_clean_cache=False, cmake_clean_first=False, cmake_force_configure=False, cmake_target=None, cmake_target_skip_unavailable=False, continue_on_error=False, event_handlers=None, executor='parallel', ignore_user_meta=False, install_base='install', log_base=None, log_level=None, main=<bound method BuildVerb.main of <colcon_core.verb.build.BuildVerb object at 0x7f90571588>>, merge_install=False, metas=['./colcon.meta'], packages_above=None, packages_above_and_dependencies=None, packages_above_depth=None, packages_end=None, packages_ignore=None, packages_ignore_regex=None, packages_select=None, packages_select_build_failed=False, packages_select_by_dep=None, packages_select_regex=None, packages_select_test_failures=False, packages_skip=None, packages_skip_build_finished=False, packages_skip_by_dep=None, packages_skip_regex=None, packages_skip_test_passed=False, packages_skip_up_to=None, packages_start=None, packages_up_to=None, packages_up_to_regex=None, parallel_workers=4, paths=None, symlink_install=False, test_result_base=None, verb_extension=<colcon_core.verb.build.BuildVerb object at 0x7f90571588>, verb_name='build', verb_parser=<colcon_defaults.argument_parser.defaults.DefaultArgumentsDecorator object at 0x7f905718d0>)
[1.667s] Level 1:colcon.colcon_core.package_discovery:discover_packages(colcon_meta) check parameters
[1.667s] Level 1:colcon.colcon_core.package_discovery:discover_packages(recursive) check parameters
[1.667s] Level 1:colcon.colcon_core.package_discovery:discover_packages(ignore) check parameters
[1.668s] Level 1:colcon.colcon_core.package_discovery:discover_packages(path) check parameters
[1.668s] Level 1:colcon.colcon_core.package_discovery:discover_packages(colcon_meta) discover
[1.669s] Level 1:colcon.colcon_core.package_discovery:discover_packages(recursive) discover
[1.670s] INFO:colcon.colcon_core.package_discovery:Crawling recursively for packages in '/slambot/ros2'
[1.670s] Level 1:colcon.colcon_core.package_identification:_identify(.) by extensions ['ignore', 'ignore_ament_install']
[1.671s] Level 1:colcon.colcon_core.package_identification:_identify(.) by extension 'ignore'
[1.671s] Level 1:colcon.colcon_core.package_identification:_identify(.) by extension 'ignore_ament_install'
[1.671s] Level 1:colcon.colcon_core.package_identification:_identify(.) by extensions ['colcon_pkg']
[1.671s] Level 1:colcon.colcon_core.package_identification:_identify(.) by extension 'colcon_pkg'
[1.672s] Level 1:colcon.colcon_core.package_identification:_identify(.) by extensions ['colcon_meta']
[1.672s] Level 1:colcon.colcon_core.package_identification:_identify(.) by extension 'colcon_meta'
[1.672s] Level 1:colcon.colcon_core.package_identification:_identify(.) by extensions ['ros']
[1.672s] Level 1:colcon.colcon_core.package_identification:_identify(.) by extension 'ros'
[1.740s] Level 1:colcon.colcon_core.package_identification:_identify(.) by extensions ['cmake', 'python']
[1.740s] Level 1:colcon.colcon_core.package_identification:_identify(.) by extension 'cmake'
[1.740s] Level 1:colcon.colcon_core.package_identification:_identify(.) by extension 'python'
[1.741s] Level 1:colcon.colcon_core.package_identification:_identify(.) by extensions ['python_setup_py']
[1.741s] Level 1:colcon.colcon_core.package_identification:_identify(.) by extension 'python_setup_py'
[1.742s] Level 1:colcon.colcon_core.package_identification:_identify(build) by extensions ['ignore', 'ignore_ament_install']
[1.742s] Level 1:colcon.colcon_core.package_identification:_identify(build) by extension 'ignore'
[1.742s] Level 1:colcon.colcon_core.package_identification:_identify(build) ignored
[1.744s] Level 1:colcon.colcon_core.package_identification:_identify(install) by extensions ['ignore', 'ignore_ament_install']
[1.745s] Level 1:colcon.colcon_core.package_identification:_identify(install) by extension 'ignore'
[1.745s] Level 1:colcon.colcon_core.package_identification:_identify(install) ignored
[1.745s] Level 1:colcon.colcon_core.package_identification:_identify(log) by extensions ['ignore', 'ignore_ament_install']
[1.746s] Level 1:colcon.colcon_core.package_identification:_identify(log) by extension 'ignore'
[1.746s] Level 1:colcon.colcon_core.package_identification:_identify(log) ignored
[1.747s] Level 1:colcon.colcon_core.package_identification:_identify(src) by extensions ['ignore', 'ignore_ament_install']
[1.747s] Level 1:colcon.colcon_core.package_identification:_identify(src) by extension 'ignore'
[1.747s] Level 1:colcon.colcon_core.package_identification:_identify(src) by extension 'ignore_ament_install'
[1.748s] Level 1:colcon.colcon_core.package_identification:_identify(src) by extensions ['colcon_pkg']
[1.748s] Level 1:colcon.colcon_core.package_identification:_identify(src) by extension 'colcon_pkg'
[1.748s] Level 1:colcon.colcon_core.package_identification:_identify(src) by extensions ['colcon_meta']
[1.748s] Level 1:colcon.colcon_core.package_identification:_identify(src) by extension 'colcon_meta'
[1.748s] Level 1:colcon.colcon_core.package_identification:_identify(src) by extensions ['ros']
[1.749s] Level 1:colcon.colcon_core.package_identification:_identify(src) by extension 'ros'
[1.749s] Level 1:colcon.colcon_core.package_identification:_identify(src) by extensions ['cmake', 'python']
[1.749s] Level 1:colcon.colcon_core.package_identification:_identify(src) by extension 'cmake'
[1.750s] Level 1:colcon.colcon_core.package_identification:_identify(src) by extension 'python'
[1.750s] Level 1:colcon.colcon_core.package_identification:_identify(src) by extensions ['python_setup_py']
[1.750s] Level 1:colcon.colcon_core.package_identification:_identify(src) by extension 'python_setup_py'
[1.751s] Level 1:colcon.colcon_core.package_identification:_identify(src/ros_tutorials) by extensions ['ignore', 'ignore_ament_install']
[1.751s] Level 1:colcon.colcon_core.package_identification:_identify(src/ros_tutorials) by extension 'ignore'
[1.751s] Level 1:colcon.colcon_core.package_identification:_identify(src/ros_tutorials) by extension 'ignore_ament_install'
[1.752s] Level 1:colcon.colcon_core.package_identification:_identify(src/ros_tutorials) by extensions ['colcon_pkg']
[1.752s] Level 1:colcon.colcon_core.package_identification:_identify(src/ros_tutorials) by extension 'colcon_pkg'
[1.752s] Level 1:colcon.colcon_core.package_identification:_identify(src/ros_tutorials) by extensions ['colcon_meta']
[1.752s] Level 1:colcon.colcon_core.package_identification:_identify(src/ros_tutorials) by extension 'colcon_meta'
[1.753s] Level 1:colcon.colcon_core.package_identification:_identify(src/ros_tutorials) by extensions ['ros']
[1.753s] Level 1:colcon.colcon_core.package_identification:_identify(src/ros_tutorials) by extension 'ros'
[1.753s] Level 1:colcon.colcon_core.package_identification:_identify(src/ros_tutorials) by extensions ['cmake', 'python']
[1.753s] Level 1:colcon.colcon_core.package_identification:_identify(src/ros_tutorials) by extension 'cmake'
[1.754s] Level 1:colcon.colcon_core.package_identification:_identify(src/ros_tutorials) by extension 'python'
[1.754s] Level 1:colcon.colcon_core.package_identification:_identify(src/ros_tutorials) by extensions ['python_setup_py']
[1.754s] Level 1:colcon.colcon_core.package_identification:_identify(src/ros_tutorials) by extension 'python_setup_py'
[1.755s] Level 1:colcon.colcon_core.package_identification:_identify(src/ros_tutorials/ros_tutorials) by extensions ['ignore', 'ignore_ament_install']
[1.755s] Level 1:colcon.colcon_core.package_identification:_identify(src/ros_tutorials/ros_tutorials) by extension 'ignore'
[1.755s] Level 1:colcon.colcon_core.package_identification:_identify(src/ros_tutorials/ros_tutorials) ignored
[1.756s] Level 1:colcon.colcon_core.package_identification:_identify(src/ros_tutorials/roscpp_tutorials) by extensions ['ignore', 'ignore_ament_install']
[1.756s] Level 1:colcon.colcon_core.package_identification:_identify(src/ros_tutorials/roscpp_tutorials) by extension 'ignore'
[1.757s] Level 1:colcon.colcon_core.package_identification:_identify(src/ros_tutorials/roscpp_tutorials) ignored
[1.757s] Level 1:colcon.colcon_core.package_identification:_identify(src/ros_tutorials/rospy_tutorials) by extensions ['ignore', 'ignore_ament_install']
[1.758s] Level 1:colcon.colcon_core.package_identification:_identify(src/ros_tutorials/rospy_tutorials) by extension 'ignore'
[1.758s] Level 1:colcon.colcon_core.package_identification:_identify(src/ros_tutorials/rospy_tutorials) ignored
[1.758s] Level 1:colcon.colcon_core.package_identification:_identify(src/ros_tutorials/turtlesim) by extensions ['ignore', 'ignore_ament_install']
[1.759s] Level 1:colcon.colcon_core.package_identification:_identify(src/ros_tutorials/turtlesim) by extension 'ignore'
[1.759s] Level 1:colcon.colcon_core.package_identification:_identify(src/ros_tutorials/turtlesim) by extension 'ignore_ament_install'
[1.759s] Level 1:colcon.colcon_core.package_identification:_identify(src/ros_tutorials/turtlesim) by extensions ['colcon_pkg']
[1.760s] Level 1:colcon.colcon_core.package_identification:_identify(src/ros_tutorials/turtlesim) by extension 'colcon_pkg'
[1.760s] Level 1:colcon.colcon_core.package_identification:_identify(src/ros_tutorials/turtlesim) by extensions ['colcon_meta']
[1.760s] Level 1:colcon.colcon_core.package_identification:_identify(src/ros_tutorials/turtlesim) by extension 'colcon_meta'
[1.760s] Level 1:colcon.colcon_core.package_identification:_identify(src/ros_tutorials/turtlesim) by extensions ['ros']
[1.761s] Level 1:colcon.colcon_core.package_identification:_identify(src/ros_tutorials/turtlesim) by extension 'ros'
[1.777s] DEBUG:colcon.colcon_core.package_identification:Package 'src/ros_tutorials/turtlesim' with type 'ros.ament_cmake' and name 'turtlesim'
[1.778s] Level 1:colcon.colcon_core.package_identification:_identify(src/rplidar_ros2) by extensions ['ignore', 'ignore_ament_install']
[1.779s] Level 1:colcon.colcon_core.package_identification:_identify(src/rplidar_ros2) by extension 'ignore'
[1.779s] Level 1:colcon.colcon_core.package_identification:_identify(src/rplidar_ros2) by extension 'ignore_ament_install'
[1.779s] Level 1:colcon.colcon_core.package_identification:_identify(src/rplidar_ros2) by extensions ['colcon_pkg']
[1.779s] Level 1:colcon.colcon_core.package_identification:_identify(src/rplidar_ros2) by extension 'colcon_pkg'
[1.780s] Level 1:colcon.colcon_core.package_identification:_identify(src/rplidar_ros2) by extensions ['colcon_meta']
[1.780s] Level 1:colcon.colcon_core.package_identification:_identify(src/rplidar_ros2) by extension 'colcon_meta'
[1.780s] Level 1:colcon.colcon_core.package_identification:_identify(src/rplidar_ros2) by extensions ['ros']
[1.780s] Level 1:colcon.colcon_core.package_identification:_identify(src/rplidar_ros2) by extension 'ros'
[1.783s] DEBUG:colcon.colcon_core.package_identification:Package 'src/rplidar_ros2' with type 'ros.ament_cmake' and name 'rplidar_ros'
[1.784s] Level 1:colcon.colcon_core.package_discovery:discover_packages(recursive) using defaults
[1.785s] Level 1:colcon.colcon_core.package_discovery:discover_packages(ignore) discover
[1.785s] Level 1:colcon.colcon_core.package_discovery:discover_packages(ignore) using defaults
[1.785s] Level 1:colcon.colcon_core.package_discovery:discover_packages(path) discover
[1.785s] Level 1:colcon.colcon_core.package_discovery:discover_packages(path) using defaults
[1.960s] Level 5:colcon.colcon_core.verb:set package 'rplidar_ros' build argument 'cmake_args' from command line to 'None'
[1.960s] Level 5:colcon.colcon_core.verb:set package 'rplidar_ros' build argument 'cmake_target' from command line to 'None'
[1.960s] Level 5:colcon.colcon_core.verb:set package 'rplidar_ros' build argument 'cmake_target_skip_unavailable' from command line to 'False'
[1.960s] Level 5:colcon.colcon_core.verb:set package 'rplidar_ros' build argument 'cmake_clean_cache' from command line to 'False'
[1.961s] Level 5:colcon.colcon_core.verb:set package 'rplidar_ros' build argument 'cmake_clean_first' from command line to 'False'
[1.961s] Level 5:colcon.colcon_core.verb:set package 'rplidar_ros' build argument 'cmake_force_configure' from command line to 'False'
[1.961s] Level 5:colcon.colcon_core.verb:set package 'rplidar_ros' build argument 'ament_cmake_args' from command line to 'None'
[1.961s] Level 5:colcon.colcon_core.verb:set package 'rplidar_ros' build argument 'catkin_cmake_args' from command line to 'None'
[1.961s] Level 5:colcon.colcon_core.verb:set package 'rplidar_ros' build argument 'catkin_skip_building_tests' from command line to 'False'
[1.962s] DEBUG:colcon.colcon_core.verb:Building package 'rplidar_ros' with the following arguments: {'ament_cmake_args': None, 'build_base': '/slambot/ros2/build/rplidar_ros', 'catkin_cmake_args': None, 'catkin_skip_building_tests': False, 'cmake_args': None, 'cmake_clean_cache': False, 'cmake_clean_first': False, 'cmake_force_configure': False, 'cmake_target': None, 'cmake_target_skip_unavailable': False, 'install_base': '/slambot/ros2/install/rplidar_ros', 'merge_install': False, 'path': '/slambot/ros2/src/rplidar_ros2', 'symlink_install': False, 'test_result_base': None}
[1.983s] Level 5:colcon.colcon_core.verb:set package 'turtlesim' build argument 'cmake_args' from command line to 'None'
[1.983s] Level 5:colcon.colcon_core.verb:set package 'turtlesim' build argument 'cmake_target' from command line to 'None'
[1.984s] Level 5:colcon.colcon_core.verb:set package 'turtlesim' build argument 'cmake_target_skip_unavailable' from command line to 'False'
[1.984s] Level 5:colcon.colcon_core.verb:set package 'turtlesim' build argument 'cmake_clean_cache' from command line to 'False'
[1.984s] Level 5:colcon.colcon_core.verb:set package 'turtlesim' build argument 'cmake_clean_first' from command line to 'False'
[1.984s] Level 5:colcon.colcon_core.verb:set package 'turtlesim' build argument 'cmake_force_configure' from command line to 'False'
[1.984s] Level 5:colcon.colcon_core.verb:set package 'turtlesim' build argument 'ament_cmake_args' from command line to 'None'
[1.984s] Level 5:colcon.colcon_core.verb:set package 'turtlesim' build argument 'catkin_cmake_args' from command line to 'None'
[1.985s] Level 5:colcon.colcon_core.verb:set package 'turtlesim' build argument 'catkin_skip_building_tests' from command line to 'False'
[1.985s] DEBUG:colcon.colcon_core.verb:Building package 'turtlesim' with the following arguments: {'ament_cmake_args': None, 'build_base': '/slambot/ros2/build/turtlesim', 'catkin_cmake_args': None, 'catkin_skip_building_tests': False, 'cmake_args': None, 'cmake_clean_cache': False, 'cmake_clean_first': False, 'cmake_force_configure': False, 'cmake_target': None, 'cmake_target_skip_unavailable': False, 'install_base': '/slambot/ros2/install/turtlesim', 'merge_install': False, 'path': '/slambot/ros2/src/ros_tutorials/turtlesim', 'symlink_install': False, 'test_result_base': None}
[1.987s] INFO:colcon.colcon_core.executor:Executing jobs using 'parallel' executor
[2.000s] DEBUG:colcon.colcon_parallel_executor.executor.parallel:run_until_complete
[2.001s] INFO:colcon.colcon_ros.task.ament_cmake.build:Building ROS package in '/slambot/ros2/src/rplidar_ros2' with build type 'ament_cmake'
[2.002s] INFO:colcon.colcon_cmake.task.cmake.build:Building CMake package in '/slambot/ros2/src/rplidar_ros2'
[2.025s] INFO:colcon.colcon_core.plugin_system:Skipping extension 'colcon_core.shell.bat': Not used on non-Windows systems
[2.027s] INFO:colcon.colcon_core.shell:Skip shell extension 'powershell' for command environment: Not usable outside of PowerShell
[2.027s] DEBUG:colcon.colcon_core.shell:Skip shell extension 'dsv' for command environment
[2.071s] INFO:colcon.colcon_ros.task.ament_cmake.build:Building ROS package in '/slambot/ros2/src/ros_tutorials/turtlesim' with build type 'ament_cmake'
[2.073s] INFO:colcon.colcon_cmake.task.cmake.build:Building CMake package in '/slambot/ros2/src/ros_tutorials/turtlesim'
[2.077s] INFO:colcon.colcon_core.shell:Skip shell extension 'powershell' for command environment: Not usable outside of PowerShell
[2.078s] DEBUG:colcon.colcon_core.shell:Skip shell extension 'dsv' for command environment
[2.137s] DEBUG:colcon.colcon_core.event_handler.log_command:Invoking command in '/slambot/ros2/build/rplidar_ros': CMAKE_PREFIX_PATH=/workspace/install/jetbot_ros:${CMAKE_PREFIX_PATH} /usr/bin/cmake --build /slambot/ros2/build/rplidar_ros -- -j4 -l4
[2.165s] DEBUG:colcon.colcon_core.event_handler.log_command:Invoking command in '/slambot/ros2/build/turtlesim': CMAKE_PREFIX_PATH=/workspace/install/jetbot_ros:${CMAKE_PREFIX_PATH} /usr/bin/cmake --build /slambot/ros2/build/turtlesim -- -j4 -l4
[2.653s] DEBUG:colcon.colcon_core.event_handler.log_command:Invoked command in '/slambot/ros2/build/rplidar_ros' returned '0': CMAKE_PREFIX_PATH=/workspace/install/jetbot_ros:${CMAKE_PREFIX_PATH} /usr/bin/cmake --build /slambot/ros2/build/rplidar_ros -- -j4 -l4
[2.886s] DEBUG:colcon.colcon_core.event_handler.log_command:Invoking command in '/slambot/ros2/build/rplidar_ros': CMAKE_PREFIX_PATH=/workspace/install/jetbot_ros:${CMAKE_PREFIX_PATH} /usr/bin/cmake --build /slambot/ros2/build/rplidar_ros --target install -- -j4 -l4
[3.422s] DEBUG:colcon.colcon_core.event_handler.log_command:Invoked command in '/slambot/ros2/build/turtlesim' returned '0': CMAKE_PREFIX_PATH=/workspace/install/jetbot_ros:${CMAKE_PREFIX_PATH} /usr/bin/cmake --build /slambot/ros2/build/turtlesim -- -j4 -l4
[3.634s] Level 1:colcon.colcon_core.environment:create_environment_scripts_only(rplidar_ros)
[3.654s] DEBUG:colcon.colcon_core.event_handler.log_command:Invoked command in '/slambot/ros2/build/rplidar_ros' returned '0': CMAKE_PREFIX_PATH=/workspace/install/jetbot_ros:${CMAKE_PREFIX_PATH} /usr/bin/cmake --build /slambot/ros2/build/rplidar_ros --target install -- -j4 -l4
[3.667s] Level 1:colcon.colcon_core.environment:checking '/slambot/ros2/install/rplidar_ros' for CMake module files
[3.671s] Level 1:colcon.colcon_core.environment:checking '/slambot/ros2/install/rplidar_ros' for CMake config files
[3.672s] Level 1:colcon.colcon_core.shell:create_environment_hook('rplidar_ros', 'cmake_prefix_path')
[3.676s] INFO:colcon.colcon_core.shell:Creating environment hook '/slambot/ros2/install/rplidar_ros/share/rplidar_ros/hook/cmake_prefix_path.ps1'
[3.679s] INFO:colcon.colcon_core.shell:Creating environment descriptor '/slambot/ros2/install/rplidar_ros/share/rplidar_ros/hook/cmake_prefix_path.dsv'
[3.682s] INFO:colcon.colcon_core.shell:Creating environment hook '/slambot/ros2/install/rplidar_ros/share/rplidar_ros/hook/cmake_prefix_path.sh'
[3.688s] Level 1:colcon.colcon_core.environment:checking '/slambot/ros2/install/rplidar_ros/lib'
[3.689s] Level 1:colcon.colcon_core.shell:create_environment_hook('rplidar_ros', 'ld_library_path_lib')
[3.693s] INFO:colcon.colcon_core.shell:Creating environment hook '/slambot/ros2/install/rplidar_ros/share/rplidar_ros/hook/ld_library_path_lib.ps1'
[3.695s] INFO:colcon.colcon_core.shell:Creating environment descriptor '/slambot/ros2/install/rplidar_ros/share/rplidar_ros/hook/ld_library_path_lib.dsv'
[3.697s] INFO:colcon.colcon_core.shell:Creating environment hook '/slambot/ros2/install/rplidar_ros/share/rplidar_ros/hook/ld_library_path_lib.sh'
[3.699s] Level 1:colcon.colcon_core.environment:checking '/slambot/ros2/install/rplidar_ros/bin'
[3.699s] Level 1:colcon.colcon_core.environment:checking '/slambot/ros2/install/rplidar_ros/lib/pkgconfig/rplidar_ros.pc'
[3.700s] Level 1:colcon.colcon_core.environment:checking '/slambot/ros2/install/rplidar_ros/lib/python3.6/site-packages'
[3.704s] INFO:colcon.colcon_core.shell:Creating package script '/slambot/ros2/install/rplidar_ros/share/rplidar_ros/package.ps1'
[3.711s] INFO:colcon.colcon_core.shell:Creating package descriptor '/slambot/ros2/install/rplidar_ros/share/rplidar_ros/package.dsv'
[3.715s] INFO:colcon.colcon_core.shell:Creating package script '/slambot/ros2/install/rplidar_ros/share/rplidar_ros/package.sh'
[3.721s] INFO:colcon.colcon_core.shell:Creating package script '/slambot/ros2/install/rplidar_ros/share/rplidar_ros/package.bash'
[3.726s] INFO:colcon.colcon_core.shell:Creating package script '/slambot/ros2/install/rplidar_ros/share/rplidar_ros/package.zsh'
[3.731s] Level 1:colcon.colcon_core.environment:create_file_with_runtime_dependencies(/slambot/ros2/install/rplidar_ros/share/colcon-core/packages/rplidar_ros)
[3.888s] Level 1:colcon.colcon_core.environment:create_environment_scripts_only(rplidar_ros)
[3.894s] Level 1:colcon.colcon_core.environment:checking '/slambot/ros2/install/rplidar_ros' for CMake module files
[3.898s] Level 1:colcon.colcon_core.environment:checking '/slambot/ros2/install/rplidar_ros' for CMake config files
[3.899s] Level 1:colcon.colcon_core.shell:create_environment_hook('rplidar_ros', 'cmake_prefix_path')
[3.903s] INFO:colcon.colcon_core.shell:Creating environment hook '/slambot/ros2/install/rplidar_ros/share/rplidar_ros/hook/cmake_prefix_path.ps1'
[3.905s] INFO:colcon.colcon_core.shell:Creating environment descriptor '/slambot/ros2/install/rplidar_ros/share/rplidar_ros/hook/cmake_prefix_path.dsv'
[3.907s] INFO:colcon.colcon_core.shell:Creating environment hook '/slambot/ros2/install/rplidar_ros/share/rplidar_ros/hook/cmake_prefix_path.sh'
[3.911s] Level 1:colcon.colcon_core.environment:checking '/slambot/ros2/install/rplidar_ros/lib'
[3.911s] Level 1:colcon.colcon_core.shell:create_environment_hook('rplidar_ros', 'ld_library_path_lib')
[3.915s] INFO:colcon.colcon_core.shell:Creating environment hook '/slambot/ros2/install/rplidar_ros/share/rplidar_ros/hook/ld_library_path_lib.ps1'
[3.918s] INFO:colcon.colcon_core.shell:Creating environment descriptor '/slambot/ros2/install/rplidar_ros/share/rplidar_ros/hook/ld_library_path_lib.dsv'
[3.920s] INFO:colcon.colcon_core.shell:Creating environment hook '/slambot/ros2/install/rplidar_ros/share/rplidar_ros/hook/ld_library_path_lib.sh'
[3.922s] Level 1:colcon.colcon_core.environment:checking '/slambot/ros2/install/rplidar_ros/bin'
[3.923s] Level 1:colcon.colcon_core.environment:checking '/slambot/ros2/install/rplidar_ros/lib/pkgconfig/rplidar_ros.pc'
[3.923s] Level 1:colcon.colcon_core.environment:checking '/slambot/ros2/install/rplidar_ros/lib/python3.6/site-packages'
[3.927s] INFO:colcon.colcon_core.shell:Creating package script '/slambot/ros2/install/rplidar_ros/share/rplidar_ros/package.ps1'
[3.930s] INFO:colcon.colcon_core.shell:Creating package descriptor '/slambot/ros2/install/rplidar_ros/share/rplidar_ros/package.dsv'
[3.933s] INFO:colcon.colcon_core.shell:Creating package script '/slambot/ros2/install/rplidar_ros/share/rplidar_ros/package.sh'
[3.936s] INFO:colcon.colcon_core.shell:Creating package script '/slambot/ros2/install/rplidar_ros/share/rplidar_ros/package.bash'
[3.938s] INFO:colcon.colcon_core.shell:Creating package script '/slambot/ros2/install/rplidar_ros/share/rplidar_ros/package.zsh'
[3.940s] Level 1:colcon.colcon_core.environment:create_file_with_runtime_dependencies(/slambot/ros2/install/rplidar_ros/share/colcon-core/packages/rplidar_ros)
[4.094s] DEBUG:colcon.colcon_core.event_handler.log_command:Invoking command in '/slambot/ros2/build/turtlesim': CMAKE_PREFIX_PATH=/workspace/install/jetbot_ros:${CMAKE_PREFIX_PATH} /usr/bin/cmake --build /slambot/ros2/build/turtlesim --target install -- -j4 -l4
[5.502s] Level 1:colcon.colcon_core.environment:create_environment_scripts_only(turtlesim)
[5.508s] Level 1:colcon.colcon_core.environment:checking '/slambot/ros2/install/turtlesim' for CMake module files
[5.513s] Level 1:colcon.colcon_core.environment:checking '/slambot/ros2/install/turtlesim' for CMake config files
[5.527s] Level 1:colcon.colcon_core.shell:create_environment_hook('turtlesim', 'cmake_prefix_path')
[5.531s] INFO:colcon.colcon_core.shell:Creating environment hook '/slambot/ros2/install/turtlesim/share/turtlesim/hook/cmake_prefix_path.ps1'
[5.553s] INFO:colcon.colcon_core.shell:Creating environment descriptor '/slambot/ros2/install/turtlesim/share/turtlesim/hook/cmake_prefix_path.dsv'
[5.556s] INFO:colcon.colcon_core.shell:Creating environment hook '/slambot/ros2/install/turtlesim/share/turtlesim/hook/cmake_prefix_path.sh'
[5.558s] DEBUG:colcon.colcon_core.event_handler.log_command:Invoked command in '/slambot/ros2/build/turtlesim' returned '0': CMAKE_PREFIX_PATH=/workspace/install/jetbot_ros:${CMAKE_PREFIX_PATH} /usr/bin/cmake --build /slambot/ros2/build/turtlesim --target install -- -j4 -l4
[5.561s] Level 1:colcon.colcon_core.environment:checking '/slambot/ros2/install/turtlesim/lib'
[5.561s] Level 1:colcon.colcon_core.shell:create_environment_hook('turtlesim', 'ld_library_path_lib')
[5.565s] INFO:colcon.colcon_core.shell:Creating environment hook '/slambot/ros2/install/turtlesim/share/turtlesim/hook/ld_library_path_lib.ps1'
[5.567s] INFO:colcon.colcon_core.shell:Creating environment descriptor '/slambot/ros2/install/turtlesim/share/turtlesim/hook/ld_library_path_lib.dsv'
[5.568s] INFO:colcon.colcon_core.shell:Creating environment hook '/slambot/ros2/install/turtlesim/share/turtlesim/hook/ld_library_path_lib.sh'
[5.569s] Level 1:colcon.colcon_core.environment:checking '/slambot/ros2/install/turtlesim/bin'
[5.570s] Level 1:colcon.colcon_core.environment:checking '/slambot/ros2/install/turtlesim/lib/pkgconfig/turtlesim.pc'
[5.570s] Level 1:colcon.colcon_core.environment:checking '/slambot/ros2/install/turtlesim/lib/python3.6/site-packages'
[5.570s] Level 1:colcon.colcon_core.shell:create_environment_hook('turtlesim', 'pythonpath')
[5.574s] INFO:colcon.colcon_core.shell:Creating environment hook '/slambot/ros2/install/turtlesim/share/turtlesim/hook/pythonpath.ps1'
[5.575s] INFO:colcon.colcon_core.shell:Creating environment descriptor '/slambot/ros2/install/turtlesim/share/turtlesim/hook/pythonpath.dsv'
[5.577s] INFO:colcon.colcon_core.shell:Creating environment hook '/slambot/ros2/install/turtlesim/share/turtlesim/hook/pythonpath.sh'
[5.582s] INFO:colcon.colcon_core.shell:Creating package script '/slambot/ros2/install/turtlesim/share/turtlesim/package.ps1'
[5.585s] INFO:colcon.colcon_core.shell:Creating package descriptor '/slambot/ros2/install/turtlesim/share/turtlesim/package.dsv'
[5.587s] INFO:colcon.colcon_core.shell:Creating package script '/slambot/ros2/install/turtlesim/share/turtlesim/package.sh'
[5.589s] INFO:colcon.colcon_core.shell:Creating package script '/slambot/ros2/install/turtlesim/share/turtlesim/package.bash'
[5.590s] INFO:colcon.colcon_core.shell:Creating package script '/slambot/ros2/install/turtlesim/share/turtlesim/package.zsh'
[5.592s] Level 1:colcon.colcon_core.environment:create_file_with_runtime_dependencies(/slambot/ros2/install/turtlesim/share/colcon-core/packages/turtlesim)
[6.269s] Level 1:colcon.colcon_core.environment:create_environment_scripts_only(turtlesim)
[6.274s] Level 1:colcon.colcon_core.environment:checking '/slambot/ros2/install/turtlesim' for CMake module files
[6.279s] Level 1:colcon.colcon_core.environment:checking '/slambot/ros2/install/turtlesim' for CMake config files
[6.282s] Level 1:colcon.colcon_core.shell:create_environment_hook('turtlesim', 'cmake_prefix_path')
[6.286s] INFO:colcon.colcon_core.shell:Creating environment hook '/slambot/ros2/install/turtlesim/share/turtlesim/hook/cmake_prefix_path.ps1'
[6.288s] INFO:colcon.colcon_core.shell:Creating environment descriptor '/slambot/ros2/install/turtlesim/share/turtlesim/hook/cmake_prefix_path.dsv'
[6.289s] INFO:colcon.colcon_core.shell:Creating environment hook '/slambot/ros2/install/turtlesim/share/turtlesim/hook/cmake_prefix_path.sh'
[6.293s] Level 1:colcon.colcon_core.environment:checking '/slambot/ros2/install/turtlesim/lib'
[6.293s] Level 1:colcon.colcon_core.shell:create_environment_hook('turtlesim', 'ld_library_path_lib')
[6.297s] INFO:colcon.colcon_core.shell:Creating environment hook '/slambot/ros2/install/turtlesim/share/turtlesim/hook/ld_library_path_lib.ps1'
[6.298s] INFO:colcon.colcon_core.shell:Creating environment descriptor '/slambot/ros2/install/turtlesim/share/turtlesim/hook/ld_library_path_lib.dsv'
[6.300s] INFO:colcon.colcon_core.shell:Creating environment hook '/slambot/ros2/install/turtlesim/share/turtlesim/hook/ld_library_path_lib.sh'
[6.301s] Level 1:colcon.colcon_core.environment:checking '/slambot/ros2/install/turtlesim/bin'
[6.302s] Level 1:colcon.colcon_core.environment:checking '/slambot/ros2/install/turtlesim/lib/pkgconfig/turtlesim.pc'
[6.302s] Level 1:colcon.colcon_core.environment:checking '/slambot/ros2/install/turtlesim/lib/python3.6/site-packages'
[6.302s] Level 1:colcon.colcon_core.shell:create_environment_hook('turtlesim', 'pythonpath')
[6.305s] INFO:colcon.colcon_core.shell:Creating environment hook '/slambot/ros2/install/turtlesim/share/turtlesim/hook/pythonpath.ps1'
[6.307s] INFO:colcon.colcon_core.shell:Creating environment descriptor '/slambot/ros2/install/turtlesim/share/turtlesim/hook/pythonpath.dsv'
[6.309s] INFO:colcon.colcon_core.shell:Creating environment hook '/slambot/ros2/install/turtlesim/share/turtlesim/hook/pythonpath.sh'
[6.314s] INFO:colcon.colcon_core.shell:Creating package script '/slambot/ros2/install/turtlesim/share/turtlesim/package.ps1'
[6.316s] INFO:colcon.colcon_core.shell:Creating package descriptor '/slambot/ros2/install/turtlesim/share/turtlesim/package.dsv'
[6.319s] INFO:colcon.colcon_core.shell:Creating package script '/slambot/ros2/install/turtlesim/share/turtlesim/package.sh'
[6.321s] INFO:colcon.colcon_core.shell:Creating package script '/slambot/ros2/install/turtlesim/share/turtlesim/package.bash'
[6.323s] INFO:colcon.colcon_core.shell:Creating package script '/slambot/ros2/install/turtlesim/share/turtlesim/package.zsh'
[6.325s] Level 1:colcon.colcon_core.environment:create_file_with_runtime_dependencies(/slambot/ros2/install/turtlesim/share/colcon-core/packages/turtlesim)
[6.326s] DEBUG:colcon.colcon_parallel_executor.executor.parallel:closing loop
[6.328s] DEBUG:colcon.colcon_parallel_executor.executor.parallel:loop closed
[6.329s] DEBUG:colcon.colcon_parallel_executor.executor.parallel:run_until_complete finished with '0'
[6.330s] DEBUG:colcon.colcon_core.event_reactor:joining thread
[6.359s] INFO:colcon.colcon_core.plugin_system:Skipping extension 'colcon_notification.desktop_notification.notify_send': Could not find 'notify-send'
[6.359s] INFO:colcon.colcon_core.plugin_system:Skipping extension 'colcon_notification.desktop_notification.terminal_notifier': Not used on non-Darwin systems
[6.360s] INFO:colcon.colcon_core.plugin_system:Skipping extension 'colcon_notification.desktop_notification.win32': Not used on non-Windows systems
[6.360s] INFO:colcon.colcon_notification.desktop_notification:Sending desktop notification using 'notify2'
[6.360s] DEBUG:colcon.colcon_notification.desktop_notification.notify2:Failed to initialize notify2: org.freedesktop.DBus.Error.NotSupported: Unable to autolaunch a dbus-daemon without a $DISPLAY for X11
[6.361s] DEBUG:colcon.colcon_core.event_reactor:joined thread
[6.364s] INFO:colcon.colcon_core.shell:Creating prefix script '/slambot/ros2/install/local_setup.ps1'
[6.370s] INFO:colcon.colcon_core.shell:Creating prefix util module '/slambot/ros2/install/_local_setup_util_ps1.py'
[6.379s] INFO:colcon.colcon_core.shell:Creating prefix chain script '/slambot/ros2/install/setup.ps1'
[6.395s] INFO:colcon.colcon_core.shell:Creating prefix script '/slambot/ros2/install/local_setup.sh'
[6.398s] INFO:colcon.colcon_core.shell:Creating prefix util module '/slambot/ros2/install/_local_setup_util_sh.py'
[6.400s] INFO:colcon.colcon_core.shell:Creating prefix chain script '/slambot/ros2/install/setup.sh'
[6.418s] INFO:colcon.colcon_core.shell:Creating prefix script '/slambot/ros2/install/local_setup.bash'
[6.421s] INFO:colcon.colcon_core.shell:Creating prefix chain script '/slambot/ros2/install/setup.bash'
[6.436s] INFO:colcon.colcon_core.shell:Creating prefix script '/slambot/ros2/install/local_setup.zsh'
[6.439s] INFO:colcon.colcon_core.shell:Creating prefix chain script '/slambot/ros2/install/setup.zsh'
