[0.119s] Invoking command in '/slambot/ros2/build/rplidar_ros': CMAKE_PREFIX_PATH=/workspace/install/jetbot_ros:${CMAKE_PREFIX_PATH} /usr/bin/cmake /slambot/ros2/src/rplidar_ros2 -DCMAKE_INSTALL_PREFIX=/slambot/ros2/install/rplidar_ros
[0.347s] -- The C compiler identification is GNU 7.5.0
[0.639s] -- The CXX compiler identification is GNU 7.5.0
[0.654s] -- Check for working C compiler: /usr/bin/cc
[0.925s] -- Check for working C compiler: /usr/bin/cc -- works
[0.929s] -- Detecting C compiler ABI info
[1.233s] -- Detecting C compiler ABI info - done
[1.254s] -- Detecting C compile features
[2.049s] -- Detecting C compile features - done
[2.057s] -- Check for working CXX compiler: /usr/bin/c++
[2.341s] -- Check for working CXX compiler: /usr/bin/c++ -- works
[2.343s] -- Detecting CXX compiler ABI info
[2.708s] -- Detecting CXX compiler ABI info - done
[2.732s] -- Detecting CXX compile features
[4.207s] -- Detecting CXX compile features - done
[4.221s] -- Found ament_cmake_auto: 0.9.9 (/opt/ros/foxy/install/share/ament_cmake_auto/cmake)
[4.377s] -- Found PythonInterp: /usr/bin/python3 (found suitable version "3.6.9", minimum required is "3") 
[4.378s] -- Using PYTHON_EXECUTABLE: /usr/bin/python3
[5.525s] -- Found ament_cmake_ros: 0.9.2 (/opt/ros/foxy/install/share/ament_cmake_ros/cmake)
[6.081s] -- Using all available rosidl_typesupport_c: rosidl_typesupport_fastrtps_c;rosidl_typesupport_introspection_c
[6.119s] -- Found rosidl_adapter: 1.2.1 (/opt/ros/foxy/install/share/rosidl_adapter/cmake)
[6.431s] -- Found OpenSSL: /usr/lib/aarch64-linux-gnu/libcrypto.so (found version "1.1.1") 
[6.527s] -- Found FastRTPS: /opt/ros/foxy/install/include  
[6.874s] -- Using all available rosidl_typesupport_cpp: rosidl_typesupport_fastrtps_cpp;rosidl_typesupport_introspection_cpp
[7.129s] -- Found rmw_implementation_cmake: 1.0.3 (/opt/ros/foxy/install/share/rmw_implementation_cmake/cmake)
[7.135s] -- Using RMW implementation 'rmw_cyclonedds_cpp' as default
[7.139s] -- Looking for pthread.h
[7.405s] -- Looking for pthread.h - found
[7.406s] -- Looking for pthread_create
[7.668s] -- Looking for pthread_create - not found
[7.669s] -- Looking for pthread_create in pthreads
[7.892s] -- Looking for pthread_create in pthreads - not found
[7.893s] -- Looking for pthread_create in pthread
[8.141s] -- Looking for pthread_create in pthread - found
[8.145s] -- Found Threads: TRUE  
[9.720s] -- Configuring done
[10.112s] -- Generating done
[10.121s] -- Build files have been written to: /slambot/ros2/build/rplidar_ros
[10.142s] Invoked command in '/slambot/ros2/build/rplidar_ros' returned '0': CMAKE_PREFIX_PATH=/workspace/install/jetbot_ros:${CMAKE_PREFIX_PATH} /usr/bin/cmake /slambot/ros2/src/rplidar_ros2 -DCMAKE_INSTALL_PREFIX=/slambot/ros2/install/rplidar_ros
[10.150s] Invoking command in '/slambot/ros2/build/rplidar_ros': CMAKE_PREFIX_PATH=/workspace/install/jetbot_ros:${CMAKE_PREFIX_PATH} /usr/bin/cmake --build /slambot/ros2/build/rplidar_ros -- -j4 -l4
[10.320s] [35m[1mScanning dependencies of target rplidarNodeClient[0m
[10.321s] [35m[1mScanning dependencies of target rplidar_composition_node[0m
[10.328s] [35m[1mScanning dependencies of target rplidarNode[0m
[10.496s] [  5%] [32mBuilding CXX object CMakeFiles/rplidarNodeClient.dir/src/client.cpp.o[0m
[10.559s] [ 11%] [32mBuilding CXX object CMakeFiles/rplidarNode.dir/src/node.cpp.o[0m
[10.561s] [ 16%] [32mBuilding CXX object CMakeFiles/rplidar_composition_node.dir/src/rplidar_node.cpp.o[0m
[10.590s] [ 22%] [32mBuilding CXX object CMakeFiles/rplidarNode.dir/sdk/src/arch/linux/net_serial.cpp.o[0m
[10.925s] [01m[K/slambot/ros2/src/rplidar_ros2/src/client.cpp:43:0:[m[K [01;35m[Kwarning: [m[K"M_PI" redefined
[10.926s]  #define M_PI 3.1415926535897932384626433832795
[10.928s]  
[10.929s] In file included from [01m[K/usr/include/c++/7/cmath:45:0[m[K,
[10.930s]                  from [01m[K/opt/ros/foxy/install/include/libstatistics_collector/moving_average_statistics/types.hpp:18[m[K,
[10.931s]                  from [01m[K/opt/ros/foxy/install/include/libstatistics_collector/collector/generate_statistics_message.hpp:24[m[K,
[10.932s]                  from [01m[K/opt/ros/foxy/install/include/rclcpp/topic_statistics/subscription_topic_statistics.hpp:23[m[K,
[10.933s]                  from [01m[K/opt/ros/foxy/install/include/rclcpp/subscription.hpp:50[m[K,
[10.934s]                  from [01m[K/opt/ros/foxy/install/include/rclcpp/any_executable.hpp:25[m[K,
[10.935s]                  from [01m[K/opt/ros/foxy/install/include/rclcpp/memory_strategy.hpp:24[m[K,
[10.936s]                  from [01m[K/opt/ros/foxy/install/include/rclcpp/memory_strategies.hpp:18[m[K,
[10.937s]                  from [01m[K/opt/ros/foxy/install/include/rclcpp/executor_options.hpp:20[m[K,
[10.945s]                  from [01m[K/opt/ros/foxy/install/include/rclcpp/executor.hpp:33[m[K,
[10.946s]                  from [01m[K/opt/ros/foxy/install/include/rclcpp/executors/multi_threaded_executor.hpp:26[m[K,
[10.947s]                  from [01m[K/opt/ros/foxy/install/include/rclcpp/executors.hpp:21[m[K,
[10.948s]                  from [01m[K/opt/ros/foxy/install/include/rclcpp/rclcpp.hpp:146[m[K,
[10.949s]                  from [01m[K/slambot/ros2/src/rplidar_ros2/src/client.cpp:38[m[K:
[10.950s] [01m[K/usr/include/math.h:777:0:[m[K [01;36m[Knote: [m[Kthis is the location of the previous definition
[10.951s]  # define M_PI  3.14159265358979323846 /* pi */
[10.952s]  
[10.991s] In file included from [01m[K/slambot/ros2/src/rplidar_ros2/src/rplidar_node.cpp:36:0[m[K:
[10.994s] [01m[K/slambot/ros2/src/rplidar_ros2/include/rplidar_node.hpp:50:0:[m[K [01;35m[Kwarning: [m[K"M_PI" redefined
[10.996s]  #define M_PI 3.1415926535897932384626433832795
[10.997s]  
[10.998s] In file included from [01m[K/usr/include/c++/7/cmath:45:0[m[K,
[11.000s]                  from [01m[K/opt/ros/foxy/install/include/libstatistics_collector/moving_average_statistics/types.hpp:18[m[K,
[11.001s]                  from [01m[K/opt/ros/foxy/install/include/libstatistics_collector/collector/generate_statistics_message.hpp:24[m[K,
[11.002s]                  from [01m[K/opt/ros/foxy/install/include/rclcpp/topic_statistics/subscription_topic_statistics.hpp:23[m[K,
[11.003s]                  from [01m[K/opt/ros/foxy/install/include/rclcpp/subscription.hpp:50[m[K,
[11.005s]                  from [01m[K/opt/ros/foxy/install/include/rclcpp/any_executable.hpp:25[m[K,
[11.016s]                  from [01m[K/opt/ros/foxy/install/include/rclcpp/memory_strategy.hpp:24[m[K,
[11.017s]                  from [01m[K/opt/ros/foxy/install/include/rclcpp/memory_strategies.hpp:18[m[K,
[11.018s]                  from [01m[K/opt/ros/foxy/install/include/rclcpp/executor_options.hpp:20[m[K,
[11.019s]                  from [01m[K/opt/ros/foxy/install/include/rclcpp/executor.hpp:33[m[K,
[11.021s]                  from [01m[K/opt/ros/foxy/install/include/rclcpp/executors/multi_threaded_executor.hpp:26[m[K,
[11.022s]                  from [01m[K/opt/ros/foxy/install/include/rclcpp/executors.hpp:21[m[K,
[11.023s]                  from [01m[K/opt/ros/foxy/install/include/rclcpp/rclcpp.hpp:146[m[K,
[11.024s]                  from [01m[K/slambot/ros2/src/rplidar_ros2/include/rplidar_node.hpp:34[m[K,
[11.025s]                  from [01m[K/slambot/ros2/src/rplidar_ros2/src/rplidar_node.cpp:36[m[K:
[11.026s] [01m[K/usr/include/math.h:777:0:[m[K [01;36m[Knote: [m[Kthis is the location of the previous definition
[11.027s]  # define M_PI  3.14159265358979323846 /* pi */
[11.028s]  
[11.039s] [01m[K/slambot/ros2/src/rplidar_ros2/src/node.cpp:51:0:[m[K [01;35m[Kwarning: [m[K"M_PI" redefined
[11.040s]  #define M_PI 3.1415926535897932384626433832795
[11.042s]  
[11.043s] In file included from [01m[K/usr/include/c++/7/cmath:45:0[m[K,
[11.044s]                  from [01m[K/opt/ros/foxy/install/include/libstatistics_collector/moving_average_statistics/types.hpp:18[m[K,
[11.045s]                  from [01m[K/opt/ros/foxy/install/include/libstatistics_collector/collector/generate_statistics_message.hpp:24[m[K,
[11.047s]                  from [01m[K/opt/ros/foxy/install/include/rclcpp/topic_statistics/subscription_topic_statistics.hpp:23[m[K,
[11.048s]                  from [01m[K/opt/ros/foxy/install/include/rclcpp/subscription.hpp:50[m[K,
[11.049s]                  from [01m[K/opt/ros/foxy/install/include/rclcpp/any_executable.hpp:25[m[K,
[11.050s]                  from [01m[K/opt/ros/foxy/install/include/rclcpp/memory_strategy.hpp:24[m[K,
[11.052s]                  from [01m[K/opt/ros/foxy/install/include/rclcpp/memory_strategies.hpp:18[m[K,
[11.064s]                  from [01m[K/opt/ros/foxy/install/include/rclcpp/executor_options.hpp:20[m[K,
[11.065s]                  from [01m[K/opt/ros/foxy/install/include/rclcpp/executor.hpp:33[m[K,
[11.066s]                  from [01m[K/opt/ros/foxy/install/include/rclcpp/executors/multi_threaded_executor.hpp:26[m[K,
[11.068s]                  from [01m[K/opt/ros/foxy/install/include/rclcpp/executors.hpp:21[m[K,
[11.069s]                  from [01m[K/opt/ros/foxy/install/include/rclcpp/rclcpp.hpp:146[m[K,
[11.070s]                  from [01m[K/slambot/ros2/src/rplidar_ros2/src/node.cpp:36[m[K:
[11.072s] [01m[K/usr/include/math.h:777:0:[m[K [01;36m[Knote: [m[Kthis is the location of the previous definition
[11.073s]  # define M_PI  3.14159265358979323846 /* pi */
[11.074s]  
[11.075s] [01m[K/slambot/ros2/src/rplidar_ros2/src/node.cpp:231:14:[m[K [01;35m[Kwarning: [m[Kinvalid suffix on literal; C++11 requires a space between literal and string macro [[01;35m[K-Wliteral-suffix[m[K]
[11.076s]      ROS_INFO([01;35m[K"[m[KRPLIDAR running on ROS package rplidar_ros. SDK Version:"RPLIDAR_SDK_VERSION"");
[11.077s]               [01;35m[K^[m[K
[11.963s] [01m[K/slambot/ros2/src/rplidar_ros2/sdk/src/arch/linux/net_serial.cpp:[m[K In member function ‘[01m[Kbool rp::arch::net::raw_serial::open(const char*, uint32_t, uint32_t)[m[K’:
[11.964s] [01m[K/slambot/ros2/src/rplidar_ros2/sdk/src/arch/linux/net_serial.cpp:97:74:[m[K [01;35m[Kwarning: [m[Kunused parameter ‘[01m[Kflags[m[K’ [[01;35m[K-Wunused-parameter[m[K]
[11.965s]  bool raw_serial::open(const char * portname, uint32_t baudrate, uint32_t [01;35m[Kflags[m[K)
[11.966s]                                                                           [01;35m[K^~~~~[m[K
[11.966s] [01m[K/slambot/ros2/src/rplidar_ros2/sdk/src/arch/linux/net_serial.cpp:[m[K In member function ‘[01m[Kvirtual void rp::arch::net::raw_serial::flush(_u32)[m[K’:
[11.968s] [01m[K/slambot/ros2/src/rplidar_ros2/sdk/src/arch/linux/net_serial.cpp:281:30:[m[K [01;35m[Kwarning: [m[Kunused parameter ‘[01m[Kflags[m[K’ [[01;35m[K-Wunused-parameter[m[K]
[11.968s]  void raw_serial::flush( _u32 [01;35m[Kflags[m[K)
[11.969s]                               [01;35m[K^~~~~[m[K
[11.970s] [01m[K/slambot/ros2/src/rplidar_ros2/sdk/src/arch/linux/net_serial.cpp:[m[K In member function ‘[01m[Kvirtual int rp::arch::net::raw_serial::waitforsent(_u32, size_t*)[m[K’:
[11.971s] [01m[K/slambot/ros2/src/rplidar_ros2/sdk/src/arch/linux/net_serial.cpp:286:34:[m[K [01;35m[Kwarning: [m[Kunused parameter ‘[01m[Ktimeout[m[K’ [[01;35m[K-Wunused-parameter[m[K]
[11.972s]  int raw_serial::waitforsent(_u32 [01;35m[Ktimeout[m[K, size_t * returned_size)
[11.972s]                                   [01;35m[K^~~~~~~[m[K
[11.973s] [01m[K/slambot/ros2/src/rplidar_ros2/sdk/src/arch/linux/net_serial.cpp:[m[K In member function ‘[01m[Kvirtual int rp::arch::net::raw_serial::waitforrecv(_u32, size_t*)[m[K’:
[11.974s] [01m[K/slambot/ros2/src/rplidar_ros2/sdk/src/arch/linux/net_serial.cpp:292:34:[m[K [01;35m[Kwarning: [m[Kunused parameter ‘[01m[Ktimeout[m[K’ [[01;35m[K-Wunused-parameter[m[K]
[11.974s]  int raw_serial::waitforrecv(_u32 [01;35m[Ktimeout[m[K, size_t * returned_size)
[11.986s]                                   [01;35m[K^~~~~~~[m[K
[12.416s] [ 27%] [32mBuilding CXX object CMakeFiles/rplidar_composition_node.dir/sdk/src/arch/linux/net_serial.cpp.o[0m
[13.674s] [01m[K/slambot/ros2/src/rplidar_ros2/sdk/src/arch/linux/net_serial.cpp:[m[K In member function ‘[01m[Kbool rp::arch::net::raw_serial::open(const char*, uint32_t, uint32_t)[m[K’:
[13.675s] [01m[K/slambot/ros2/src/rplidar_ros2/sdk/src/arch/linux/net_serial.cpp:97:74:[m[K [01;35m[Kwarning: [m[Kunused parameter ‘[01m[Kflags[m[K’ [[01;35m[K-Wunused-parameter[m[K]
[13.675s]  bool raw_serial::open(const char * portname, uint32_t baudrate, uint32_t [01;35m[Kflags[m[K)
[13.676s]                                                                           [01;35m[K^~~~~[m[K
[13.678s] [01m[K/slambot/ros2/src/rplidar_ros2/sdk/src/arch/linux/net_serial.cpp:[m[K In member function ‘[01m[Kvirtual void rp::arch::net::raw_serial::flush(_u32)[m[K’:
[13.680s] [01m[K/slambot/ros2/src/rplidar_ros2/sdk/src/arch/linux/net_serial.cpp:281:30:[m[K [01;35m[Kwarning: [m[Kunused parameter ‘[01m[Kflags[m[K’ [[01;35m[K-Wunused-parameter[m[K]
[13.681s]  void raw_serial::flush( _u32 [01;35m[Kflags[m[K)
[13.681s]                               [01;35m[K^~~~~[m[K
[13.682s] [01m[K/slambot/ros2/src/rplidar_ros2/sdk/src/arch/linux/net_serial.cpp:[m[K In member function ‘[01m[Kvirtual int rp::arch::net::raw_serial::waitforsent(_u32, size_t*)[m[K’:
[13.684s] [01m[K/slambot/ros2/src/rplidar_ros2/sdk/src/arch/linux/net_serial.cpp:286:34:[m[K [01;35m[Kwarning: [m[Kunused parameter ‘[01m[Ktimeout[m[K’ [[01;35m[K-Wunused-parameter[m[K]
[13.685s]  int raw_serial::waitforsent(_u32 [01;35m[Ktimeout[m[K, size_t * returned_size)
[13.685s]                                   [01;35m[K^~~~~~~[m[K
[13.699s] [01m[K/slambot/ros2/src/rplidar_ros2/sdk/src/arch/linux/net_serial.cpp:[m[K In member function ‘[01m[Kvirtual int rp::arch::net::raw_serial::waitforrecv(_u32, size_t*)[m[K’:
[13.700s] [01m[K/slambot/ros2/src/rplidar_ros2/sdk/src/arch/linux/net_serial.cpp:292:34:[m[K [01;35m[Kwarning: [m[Kunused parameter ‘[01m[Ktimeout[m[K’ [[01;35m[K-Wunused-parameter[m[K]
[13.700s]  int raw_serial::waitforrecv(_u32 [01;35m[Ktimeout[m[K, size_t * returned_size)
[13.701s]                                   [01;35m[K^~~~~~~[m[K
[14.135s] [ 33%] [32mBuilding CXX object CMakeFiles/rplidar_composition_node.dir/sdk/src/arch/linux/net_socket.cpp.o[0m
[15.438s] In file included from [01m[K/slambot/ros2/src/rplidar_ros2/./sdk/include/rplidar.h:39:0[m[K,
[15.440s]                  from [01m[K/slambot/ros2/src/rplidar_ros2/./sdk/src/sdkcommon.h:48[m[K,
[15.442s]                  from [01m[K/slambot/ros2/src/rplidar_ros2/sdk/src/arch/linux/net_socket.cpp:10[m[K:
[15.443s] [01m[K/slambot/ros2/src/rplidar_ros2/./sdk/include/rplidar_protocol.h:59:15:[m[K [01;35m[Kwarning: [m[KISO C++ forbids zero-size array ‘[01m[Kdata[m[K’ [[01;35m[K-Wpedantic[m[K]
[15.445s]      _u8 data[0[01;35m[K][m[K;
[15.446s]                [01;35m[K^[m[K
[15.450s] In file included from [01m[K/slambot/ros2/src/rplidar_ros2/./sdk/include/rplidar.h:40:0[m[K,
[15.451s]                  from [01m[K/slambot/ros2/src/rplidar_ros2/./sdk/src/sdkcommon.h:48[m[K,
[15.453s]                  from [01m[K/slambot/ros2/src/rplidar_ros2/sdk/src/arch/linux/net_socket.cpp:10[m[K:
[15.455s] [01m[K/slambot/ros2/src/rplidar_ros2/./sdk/include/rplidar_cmd.h:260:19:[m[K [01;35m[Kwarning: [m[KISO C++ forbids zero-size array ‘[01m[Kpayload[m[K’ [[01;35m[K-Wpedantic[m[K]
[15.456s]      _u8  payload[0[01;35m[K][m[K;
[15.463s]                    [01;35m[K^[m[K
[15.482s] [01m[K/slambot/ros2/src/rplidar_ros2/sdk/src/arch/linux/net_socket.cpp:[m[K In member function ‘[01m[Kvirtual u_result rp::net::SocketAddress::getAddressAsString(char*, size_t) const[m[K’:
[15.483s] [01m[K/slambot/ros2/src/rplidar_ros2/sdk/src/arch/linux/net_socket.cpp:170:17:[m[K [01;35m[Kwarning: [m[Kordered comparison of pointer with integer zero [[01;35m[K-Wextra[m[K]
[15.485s]      return ans<=[01;35m[K0[m[K?RESULT_OPERATION_FAIL:RESULT_OK;
[15.487s]                  [01;35m[K^[m[K
[15.509s] [01m[K/slambot/ros2/src/rplidar_ros2/sdk/src/arch/linux/net_socket.cpp:[m[K In member function ‘[01m[Kvirtual u_result rp::arch::net::StreamSocketImpl::send(const void*, size_t)[m[K’:
[15.509s] [01m[K/slambot/ros2/src/rplidar_ros2/sdk/src/arch/linux/net_socket.cpp:438:17:[m[K [01;35m[Kwarning: [m[Kcomparison between signed and unsigned integer expressions [[01;35m[K-Wsign-compare[m[K]
[15.510s]          if ([01;35m[Kans == (int)len[m[K) {
[15.511s]              [01;35m[K~~~~^~~~~~~~~~~[m[K
[15.522s] In file included from [01m[K/slambot/ros2/src/rplidar_ros2/./sdk/src/arch/linux/arch_linux.h:42:0[m[K,
[15.523s]                  from [01m[K/slambot/ros2/src/rplidar_ros2/./sdk/src/sdkcommon.h:40[m[K,
[15.523s]                  from [01m[K/slambot/ros2/src/rplidar_ros2/sdk/src/arch/linux/net_socket.cpp:10[m[K:
[15.524s] [01m[K/slambot/ros2/src/rplidar_ros2/sdk/src/arch/linux/net_socket.cpp:[m[K In member function ‘[01m[Kvirtual u_result rp::arch::net::DGramSocketImpl::sendTo(const rp::net::SocketAddress&, const void*, size_t)[m[K’:
[15.525s] [01m[K/slambot/ros2/src/rplidar_ros2/sdk/src/arch/linux/net_socket.cpp:726:24:[m[K [01;35m[Kwarning: [m[Kcomparison between signed and unsigned integer expressions [[01;35m[K-Wsign-compare[m[K]
[15.525s]              assert([01;35m[Kans == (int)l[m[Ken);
[15.526s]                     [01;35m[K~~~~^~~~~~~~~[m[K
[16.255s] [ 38%] [32mBuilding CXX object CMakeFiles/rplidar_composition_node.dir/sdk/src/arch/linux/timer.cpp.o[0m
[17.911s] [ 44%] [32mBuilding CXX object CMakeFiles/rplidar_composition_node.dir/sdk/src/hal/thread.cpp.o[0m
[17.917s] In file included from [01m[K/slambot/ros2/src/rplidar_ros2/./sdk/include/rplidar.h:39:0[m[K,
[17.918s]                  from [01m[K/slambot/ros2/src/rplidar_ros2/src/node.cpp:45[m[K:
[17.919s] [01m[K/slambot/ros2/src/rplidar_ros2/./sdk/include/rplidar_protocol.h:59:15:[m[K [01;35m[Kwarning: [m[KISO C++ forbids zero-size array ‘[01m[Kdata[m[K’ [[01;35m[K-Wpedantic[m[K]
[17.920s]      _u8 data[0[01;35m[K][m[K;
[17.921s]                [01;35m[K^[m[K
[17.924s] In file included from [01m[K/slambot/ros2/src/rplidar_ros2/./sdk/include/rplidar.h:40:0[m[K,
[17.925s]                  from [01m[K/slambot/ros2/src/rplidar_ros2/src/node.cpp:45[m[K:
[17.926s] [01m[K/slambot/ros2/src/rplidar_ros2/./sdk/include/rplidar_cmd.h:260:19:[m[K [01;35m[Kwarning: [m[KISO C++ forbids zero-size array ‘[01m[Kpayload[m[K’ [[01;35m[K-Wpedantic[m[K]
[17.928s]      _u8  payload[0[01;35m[K][m[K;
[17.929s]                    [01;35m[K^[m[K
[17.957s] In file included from [01m[K/slambot/ros2/src/rplidar_ros2/./sdk/include/rplidar.h:39:0[m[K,
[17.958s]                  from [01m[K/slambot/ros2/src/rplidar_ros2/include/rplidar_node.hpp:41[m[K,
[17.959s]                  from [01m[K/slambot/ros2/src/rplidar_ros2/src/rplidar_node.cpp:36[m[K:
[17.960s] [01m[K/slambot/ros2/src/rplidar_ros2/./sdk/include/rplidar_protocol.h:59:15:[m[K [01;35m[Kwarning: [m[KISO C++ forbids zero-size array ‘[01m[Kdata[m[K’ [[01;35m[K-Wpedantic[m[K]
[17.961s]      _u8 data[0[01;35m[K][m[K;
[17.962s]                [01;35m[K^[m[K
[17.965s] In file included from [01m[K/slambot/ros2/src/rplidar_ros2/./sdk/include/rplidar.h:40:0[m[K,
[17.966s]                  from [01m[K/slambot/ros2/src/rplidar_ros2/include/rplidar_node.hpp:41[m[K,
[17.967s]                  from [01m[K/slambot/ros2/src/rplidar_ros2/src/rplidar_node.cpp:36[m[K:
[17.968s] [01m[K/slambot/ros2/src/rplidar_ros2/./sdk/include/rplidar_cmd.h:260:19:[m[K [01;35m[Kwarning: [m[KISO C++ forbids zero-size array ‘[01m[Kpayload[m[K’ [[01;35m[K-Wpedantic[m[K]
[17.972s]      _u8  payload[0[01;35m[K][m[K;
[17.973s]                    [01;35m[K^[m[K
[18.020s] [01m[K/slambot/ros2/src/rplidar_ros2/src/node.cpp:[m[K In function ‘[01m[Kbool stop_motor(std::shared_ptr<std_srvs::srv::Empty_Request_<std::allocator<void> > >, std::shared_ptr<std_srvs::srv::Empty_Response_<std::allocator<void> > >)[m[K’:
[18.022s] [01m[K/slambot/ros2/src/rplidar_ros2/src/node.cpp:166:70:[m[K [01;35m[Kwarning: [m[Kunused parameter ‘[01m[Kreq[m[K’ [[01;35m[K-Wunused-parameter[m[K]
[18.023s]  bool stop_motor(const std::shared_ptr<std_srvs::srv::Empty::Request> [01;35m[Kreq[m[K,
[18.024s]                                                                       [01;35m[K^~~[m[K
[18.025s] [01m[K/slambot/ros2/src/rplidar_ros2/src/node.cpp:167:65:[m[K [01;35m[Kwarning: [m[Kunused parameter ‘[01m[Kres[m[K’ [[01;35m[K-Wunused-parameter[m[K]
[18.026s]                  std::shared_ptr<std_srvs::srv::Empty::Response> [01;35m[Kres[m[K)
[18.027s]                                                                  [01;35m[K^~~[m[K
[18.030s] [01m[K/slambot/ros2/src/rplidar_ros2/src/node.cpp:[m[K In function ‘[01m[Kbool start_motor(std::shared_ptr<std_srvs::srv::Empty_Request_<std::allocator<void> > >, std::shared_ptr<std_srvs::srv::Empty_Response_<std::allocator<void> > >)[m[K’:
[18.031s] [01m[K/slambot/ros2/src/rplidar_ros2/src/node.cpp:178:71:[m[K [01;35m[Kwarning: [m[Kunused parameter ‘[01m[Kreq[m[K’ [[01;35m[K-Wunused-parameter[m[K]
[18.032s]  bool start_motor(const std::shared_ptr<std_srvs::srv::Empty::Request> [01;35m[Kreq[m[K,
[18.033s]                                                                        [01;35m[K^~~[m[K
[18.034s] [01m[K/slambot/ros2/src/rplidar_ros2/src/node.cpp:179:66:[m[K [01;35m[Kwarning: [m[Kunused parameter ‘[01m[Kres[m[K’ [[01;35m[K-Wunused-parameter[m[K]
[18.035s]                   std::shared_ptr<std_srvs::srv::Empty::Response> [01;35m[Kres[m[K)
[18.036s]                                                                   [01;35m[K^~~[m[K
[18.217s] [01m[K/slambot/ros2/src/rplidar_ros2/src/node.cpp:[m[K In function ‘[01m[Kint main(int, char**)[m[K’:
[18.218s] [01m[K/slambot/ros2/src/rplidar_ros2/src/node.cpp:356:111:[m[K [01;35m[Kwarning: [m[KISO C++ forbids variable length array ‘[01m[Kangle_compensate_nodes[m[K’ [[01;35m[K-Wvla[m[K]
[18.219s]                      rplidar_response_measurement_node_hq_t angle_compensate_nodes[angle_compensate_nodes_count[01;35m[K][m[K;
[18.220s]                                                                                                                [01;35m[K^[m[K
[18.221s] [01m[K/slambot/ros2/src/rplidar_ros2/src/node.cpp:360:30:[m[K [01;35m[Kwarning: [m[Kcomparison between signed and unsigned integer expressions [[01;35m[K-Wsign-compare[m[K]
[18.222s]                      for( ; [01;35m[Ki < count[m[K; i++ ) {
[18.223s]                             [01;35m[K~~^~~~~~~[m[K
[18.338s] [01m[K/slambot/ros2/src/rplidar_ros2/src/rplidar_node.cpp:[m[K In member function ‘[01m[Kvoid rplidar_ros::rplidar_node::stop_motor({anonymous}::EmptyRequest, {anonymous}::EmptyResponse)[m[K’:
[18.340s] [01m[K/slambot/ros2/src/rplidar_ros2/src/rplidar_node.cpp:245:50:[m[K [01;35m[Kwarning: [m[Kunused parameter ‘[01m[Kreq[m[K’ [[01;35m[K-Wunused-parameter[m[K]
[18.341s]  void rplidar_node::stop_motor(const EmptyRequest [01;35m[Kreq[m[K, EmptyResponse res)
[18.342s]                                                   [01;35m[K^~~[m[K
[18.343s] [01m[K/slambot/ros2/src/rplidar_ros2/src/rplidar_node.cpp:245:69:[m[K [01;35m[Kwarning: [m[Kunused parameter ‘[01m[Kres[m[K’ [[01;35m[K-Wunused-parameter[m[K]
[18.344s]  void rplidar_node::stop_motor(const EmptyRequest req, EmptyResponse [01;35m[Kres[m[K)
[18.345s]                                                                      [01;35m[K^~~[m[K
[18.349s] [01m[K/slambot/ros2/src/rplidar_ros2/src/rplidar_node.cpp:[m[K In member function ‘[01m[Kvoid rplidar_ros::rplidar_node::start_motor({anonymous}::EmptyRequest, {anonymous}::EmptyResponse)[m[K’:
[18.350s] [01m[K/slambot/ros2/src/rplidar_ros2/src/rplidar_node.cpp:256:51:[m[K [01;35m[Kwarning: [m[Kunused parameter ‘[01m[Kreq[m[K’ [[01;35m[K-Wunused-parameter[m[K]
[18.351s]  void rplidar_node::start_motor(const EmptyRequest [01;35m[Kreq[m[K, EmptyResponse res)
[18.352s]                                                    [01;35m[K^~~[m[K
[18.354s] [01m[K/slambot/ros2/src/rplidar_ros2/src/rplidar_node.cpp:256:70:[m[K [01;35m[Kwarning: [m[Kunused parameter ‘[01m[Kres[m[K’ [[01;35m[K-Wunused-parameter[m[K]
[18.355s]  void rplidar_node::start_motor(const EmptyRequest req, EmptyResponse [01;35m[Kres[m[K)
[18.356s]                                                                       [01;35m[K^~~[m[K
[18.382s] [01m[K/slambot/ros2/src/rplidar_ros2/src/rplidar_node.cpp:[m[K In member function ‘[01m[Kvoid rplidar_ros::rplidar_node::publish_loop()[m[K’:
[18.382s] [01m[K/slambot/ros2/src/rplidar_ros2/src/rplidar_node.cpp:343:97:[m[K [01;35m[Kwarning: [m[KISO C++ forbids variable length array ‘[01m[Kangle_compensate_nodes[m[K’ [[01;35m[K-Wvla[m[K]
[18.383s]        rplidar_response_measurement_node_hq_t angle_compensate_nodes[angle_compensate_nodes_count[01;35m[K][m[K;
[18.384s]                                                                                                  [01;35m[K^[m[K
[18.385s] [01m[K/slambot/ros2/src/rplidar_ros2/src/rplidar_node.cpp:353:25:[m[K [01;35m[Kwarning: [m[Kcomparison between signed and unsigned integer expressions [[01;35m[K-Wsign-compare[m[K]
[18.385s]            for (j = 0; [01;35m[Kj < m_angle_compensate_multiple[m[K; j++) {
[18.386s]                        [01;35m[K~~^~~~~~~~~~~~~~~~~~~~~~~~~~~~~[m[K
[18.390s] [01m[K/slambot/ros2/src/rplidar_ros2/src/rplidar_node.cpp:374:44:[m[K [01;35m[Kwarning: [m[Kcomparison between signed and unsigned integer expressions [[01;35m[K-Wsign-compare[m[K]
[18.391s]        for (size_t x = start_node, y = 0; [01;35m[Kx < end_node[m[K; ++x, ++y) {
[18.393s]                                           [01;35m[K~~^~~~~~~~~~[m[K
[18.395s] [01m[K/slambot/ros2/src/rplidar_ros2/src/rplidar_node.cpp:381:11:[m[K [01;35m[Kwarning: [m[Kunused variable ‘[01m[Kangle_min[m[K’ [[01;35m[K-Wunused-variable[m[K]
[18.396s]      float [01;35m[Kangle_min[m[K = deg_2_rad(0.0f);
[18.397s]            [01;35m[K^~~~~~~~~[m[K
[18.398s] [01m[K/slambot/ros2/src/rplidar_ros2/src/rplidar_node.cpp:382:11:[m[K [01;35m[Kwarning: [m[Kunused variable ‘[01m[Kangle_max[m[K’ [[01;35m[K-Wunused-variable[m[K]
[18.399s]      float [01;35m[Kangle_max[m[K = deg_2_rad(359.0f);
[18.400s]            [01;35m[K^~~~~~~~~[m[K
[19.198s] In file included from [01m[K/slambot/ros2/src/rplidar_ros2/./sdk/include/rplidar.h:39:0[m[K,
[19.199s]                  from [01m[K/slambot/ros2/src/rplidar_ros2/./sdk/src/sdkcommon.h:48[m[K,
[19.201s]                  from [01m[K/slambot/ros2/src/rplidar_ros2/sdk/src/hal/thread.cpp:35[m[K:
[19.202s] [01m[K/slambot/ros2/src/rplidar_ros2/./sdk/include/rplidar_protocol.h:59:15:[m[K [01;35m[Kwarning: [m[KISO C++ forbids zero-size array ‘[01m[Kdata[m[K’ [[01;35m[K-Wpedantic[m[K]
[19.204s]      _u8 data[0[01;35m[K][m[K;
[19.206s]                [01;35m[K^[m[K
[19.209s] In file included from [01m[K/slambot/ros2/src/rplidar_ros2/./sdk/include/rplidar.h:40:0[m[K,
[19.210s]                  from [01m[K/slambot/ros2/src/rplidar_ros2/./sdk/src/sdkcommon.h:48[m[K,
[19.212s]                  from [01m[K/slambot/ros2/src/rplidar_ros2/sdk/src/hal/thread.cpp:35[m[K:
[19.214s] [01m[K/slambot/ros2/src/rplidar_ros2/./sdk/include/rplidar_cmd.h:260:19:[m[K [01;35m[Kwarning: [m[KISO C++ forbids zero-size array ‘[01m[Kpayload[m[K’ [[01;35m[K-Wpedantic[m[K]
[19.215s]      _u8  payload[0[01;35m[K][m[K;
[19.222s]                    [01;35m[K^[m[K
[19.227s] In file included from [01m[K/slambot/ros2/src/rplidar_ros2/sdk/src/hal/thread.cpp:43:0[m[K:
[19.228s] [01m[K/slambot/ros2/src/rplidar_ros2/./sdk/src/arch/linux/thread.hpp:[m[K In member function ‘[01m[Ku_result rp::hal::Thread::join(long unsigned int)[m[K’:
[19.230s] [01m[K/slambot/ros2/src/rplidar_ros2/./sdk/src/arch/linux/thread.hpp:129:37:[m[K [01;35m[Kwarning: [m[Kunused parameter ‘[01m[Ktimeout[m[K’ [[01;35m[K-Wunused-parameter[m[K]
[19.232s]  u_result Thread::join(unsigned long [01;35m[Ktimeout[m[K)
[19.233s]                                      [01;35m[K^~~~~~~[m[K
[19.609s] [ 50%] [32mBuilding CXX object CMakeFiles/rplidar_composition_node.dir/sdk/src/rplidar_driver.cpp.o[0m
[20.892s] In file included from [01m[K/slambot/ros2/src/rplidar_ros2/./sdk/include/rplidar.h:39:0[m[K,
[20.893s]                  from [01m[K/slambot/ros2/src/rplidar_ros2/sdk/src/sdkcommon.h:48[m[K,
[20.907s]                  from [01m[K/slambot/ros2/src/rplidar_ros2/sdk/src/rplidar_driver.cpp:35[m[K:
[20.908s] [01m[K/slambot/ros2/src/rplidar_ros2/./sdk/include/rplidar_protocol.h:59:15:[m[K [01;35m[Kwarning: [m[KISO C++ forbids zero-size array ‘[01m[Kdata[m[K’ [[01;35m[K-Wpedantic[m[K]
[20.916s]      _u8 data[0[01;35m[K][m[K;
[20.917s]                [01;35m[K^[m[K
[20.927s] In file included from [01m[K/slambot/ros2/src/rplidar_ros2/./sdk/include/rplidar.h:40:0[m[K,
[20.929s]                  from [01m[K/slambot/ros2/src/rplidar_ros2/sdk/src/sdkcommon.h:48[m[K,
[20.932s]                  from [01m[K/slambot/ros2/src/rplidar_ros2/sdk/src/rplidar_driver.cpp:35[m[K:
[20.934s] [01m[K/slambot/ros2/src/rplidar_ros2/./sdk/include/rplidar_cmd.h:260:19:[m[K [01;35m[Kwarning: [m[KISO C++ forbids zero-size array ‘[01m[Kpayload[m[K’ [[01;35m[K-Wpedantic[m[K]
[20.938s]      _u8  payload[0[01;35m[K][m[K;
[20.941s]                    [01;35m[K^[m[K
[21.047s] [01m[K/slambot/ros2/src/rplidar_ros2/sdk/src/rplidar_driver.cpp:[m[K In member function ‘[01m[Kvirtual u_result rp::standalone::rplidar::RPlidarDriverImplCommon::reset(_u32)[m[K’:
[21.049s] [01m[K/slambot/ros2/src/rplidar_ros2/sdk/src/rplidar_driver.cpp:121:46:[m[K [01;35m[Kwarning: [m[Kunused parameter ‘[01m[Ktimeout[m[K’ [[01;35m[K-Wunused-parameter[m[K]
[21.050s]  u_result RPlidarDriverImplCommon::reset(_u32 [01;35m[Ktimeout[m[K)
[21.052s]                                               [01;35m[K^~~~~~~[m[K
[21.058s] [01m[K/slambot/ros2/src/rplidar_ros2/sdk/src/rplidar_driver.cpp:[m[K In member function ‘[01m[Kvirtual u_result rp::standalone::rplidar::RPlidarDriverImplCommon::checkIfTofLidar(bool&, _u32)[m[K’:
[21.060s] [01m[K/slambot/ros2/src/rplidar_ros2/sdk/src/rplidar_driver.cpp:274:75:[m[K [01;35m[Kwarning: [m[Kunused parameter ‘[01m[Ktimeout[m[K’ [[01;35m[K-Wunused-parameter[m[K]
[21.062s]  u_result RPlidarDriverImplCommon::checkIfTofLidar(bool & isTofLidar, _u32 [01;35m[Ktimeout[m[K)
[21.064s]                                                                            [01;35m[K^~~~~~~[m[K
[21.090s] [01m[K/slambot/ros2/src/rplidar_ros2/sdk/src/rplidar_driver.cpp:[m[K In function ‘[01m[K_u32 rp::standalone::rplidar::_crc32cal(_u32, void*, _u16)[m[K’:
[21.092s] [01m[K/slambot/ros2/src/rplidar_ros2/sdk/src/rplidar_driver.cpp:996:23:[m[K [01;35m[Kwarning: [m[Ksuggest parentheses around ‘[01m[K-[m[K’ in operand of ‘[01m[K&[m[K’ [[01;35m[K-Wparentheses[m[K]
[21.094s]      _u8 leftBytes = [01;35m[K4 - len[m[K & 0x3;
[21.095s]                      [01;35m[K~~^~~~~[m[K
[21.103s] [01m[K/slambot/ros2/src/rplidar_ros2/sdk/src/rplidar_driver.cpp:[m[K In member function ‘[01m[Kvirtual void rp::standalone::rplidar::RPlidarDriverImplCommon::_ultraCapsuleToNormal(const rplidar_response_ultra_capsule_measurement_nodes_t&, rplidar_response_measurement_node_hq_t*, size_t&)[m[K’:
[21.105s] [01m[K/slambot/ros2/src/rplidar_ros2/sdk/src/rplidar_driver.cpp:1207:32:[m[K [01;35m[Kwarning: [m[Kcomparison between signed and unsigned integer expressions [[01;35m[K-Wsign-compare[m[K]
[21.106s]              if (([01;35m[Kdist_predict1 == 0xFFFFFE00[m[K) || (dist_predict1 == 0x1FF)) {
[21.108s]                   [01;35m[K~~~~~~~~~~~~~~^~~~~~~~~~~~~[m[K
[21.110s] [01m[K/slambot/ros2/src/rplidar_ros2/sdk/src/rplidar_driver.cpp:1215:32:[m[K [01;35m[Kwarning: [m[Kcomparison between signed and unsigned integer expressions [[01;35m[K-Wsign-compare[m[K]
[21.112s]              if (([01;35m[Kdist_predict2 == 0xFFFFFE00[m[K) || (dist_predict2 == 0x1FF)) {
[21.113s]                   [01;35m[K~~~~~~~~~~~~~~^~~~~~~~~~~~~[m[K
[21.138s] [01m[K/slambot/ros2/src/rplidar_ros2/sdk/src/rplidar_driver.cpp:[m[K In member function ‘[01m[Kvirtual u_result rp::standalone::rplidar::RPlidarDriverImplCommon::getAllSupportedScanModes(std::vector<rp::standalone::rplidar::RplidarScanMode>&, _u32)[m[K’:
[21.140s] [01m[K/slambot/ros2/src/rplidar_ros2/sdk/src/rplidar_driver.cpp:1453:105:[m[K [01;35m[Kwarning: [m[Kunused parameter ‘[01m[KtimeoutInMs[m[K’ [[01;35m[K-Wunused-parameter[m[K]
[21.142s]  u_result RPlidarDriverImplCommon::getAllSupportedScanModes(std::vector<RplidarScanMode>& outModes, _u32 [01;35m[KtimeoutInMs[m[K)
[21.144s]                                                                                                          [01;35m[K^~~~~~~~~~~[m[K
[21.149s] [01m[K/slambot/ros2/src/rplidar_ros2/sdk/src/rplidar_driver.cpp:[m[K In member function ‘[01m[Kvirtual u_result rp::standalone::rplidar::RPlidarDriverImplCommon::startScan(bool, bool, _u32, rp::standalone::rplidar::RplidarScanMode*)[m[K’:
[21.151s] [01m[K/slambot/ros2/src/rplidar_ros2/sdk/src/rplidar_driver.cpp:1550:83:[m[K [01;35m[Kwarning: [m[Kunused parameter ‘[01m[Koptions[m[K’ [[01;35m[K-Wunused-parameter[m[K]
[21.153s]  u_result RPlidarDriverImplCommon::startScan(bool force, bool useTypicalScan, _u32 [01;35m[Koptions[m[K, RplidarScanMode* outUsedScanMode)
[21.154s]                                                                                    [01;35m[K^~~~~~~[m[K
[21.162s] [01m[K/slambot/ros2/src/rplidar_ros2/sdk/src/rplidar_driver.cpp:[m[K In member function ‘[01m[Kvirtual u_result rp::standalone::rplidar::RPlidarDriverImplCommon::stop(_u32)[m[K’:
[21.164s] [01m[K/slambot/ros2/src/rplidar_ros2/sdk/src/rplidar_driver.cpp:1774:45:[m[K [01;35m[Kwarning: [m[Kunused parameter ‘[01m[Ktimeout[m[K’ [[01;35m[K-Wunused-parameter[m[K]
[21.165s]  u_result RPlidarDriverImplCommon::stop(_u32 [01;35m[Ktimeout[m[K)
[21.167s]                                              [01;35m[K^~~~~~~[m[K
[21.182s] [01m[K/slambot/ros2/src/rplidar_ros2/sdk/src/rplidar_driver.cpp:[m[K In member function ‘[01m[Kvirtual u_result rp::standalone::rplidar::RPlidarDriverImplCommon::setLidarSpinSpeed(_u16, _u32)[m[K’:
[21.183s] [01m[K/slambot/ros2/src/rplidar_ros2/sdk/src/rplidar_driver.cpp:2162:68:[m[K [01;35m[Kwarning: [m[Kunused parameter ‘[01m[Ktimeout[m[K’ [[01;35m[K-Wunused-parameter[m[K]
[21.185s]  u_result RPlidarDriverImplCommon::setLidarSpinSpeed(_u16 rpm, _u32 [01;35m[Ktimeout[m[K)
[21.187s]                                                                     [01;35m[K^~~~~~~[m[K
[21.192s] [01m[K/slambot/ros2/src/rplidar_ros2/sdk/src/rplidar_driver.cpp:[m[K In member function ‘[01m[Kvirtual u_result rp::standalone::rplidar::RPlidarDriverSerial::connect(const char*, _u32, _u32)[m[K’:
[21.194s] [01m[K/slambot/ros2/src/rplidar_ros2/sdk/src/rplidar_driver.cpp:2240:83:[m[K [01;35m[Kwarning: [m[Kunused parameter ‘[01m[Kflag[m[K’ [[01;35m[K-Wunused-parameter[m[K]
[21.196s]  u_result RPlidarDriverSerial::connect(const char * port_path, _u32 baudrate, _u32 [01;35m[Kflag[m[K)
[21.197s]                                                                                    [01;35m[K^~~~[m[K
[21.201s] [01m[K/slambot/ros2/src/rplidar_ros2/sdk/src/rplidar_driver.cpp:[m[K In member function ‘[01m[Kvirtual u_result rp::standalone::rplidar::RPlidarDriverTCP::connect(const char*, _u32, _u32)[m[K’:
[21.203s] [01m[K/slambot/ros2/src/rplidar_ros2/sdk/src/rplidar_driver.cpp:2282:72:[m[K [01;35m[Kwarning: [m[Kunused parameter ‘[01m[Kflag[m[K’ [[01;35m[K-Wunused-parameter[m[K]
[21.205s]  u_result RPlidarDriverTCP::connect(const char * ipStr, _u32 port, _u32 [01;35m[Kflag[m[K)
[21.207s]                                                                         [01;35m[K^~~~[m[K
[22.968s] [ 55%] [32mBuilding CXX object CMakeFiles/rplidarNode.dir/sdk/src/arch/linux/net_socket.cpp.o[0m
[24.313s] In file included from [01m[K/slambot/ros2/src/rplidar_ros2/./sdk/include/rplidar.h:39:0[m[K,
[24.315s]                  from [01m[K/slambot/ros2/src/rplidar_ros2/./sdk/src/sdkcommon.h:48[m[K,
[24.316s]                  from [01m[K/slambot/ros2/src/rplidar_ros2/sdk/src/arch/linux/net_socket.cpp:10[m[K:
[24.318s] [01m[K/slambot/ros2/src/rplidar_ros2/./sdk/include/rplidar_protocol.h:59:15:[m[K [01;35m[Kwarning: [m[KISO C++ forbids zero-size array ‘[01m[Kdata[m[K’ [[01;35m[K-Wpedantic[m[K]
[24.320s]      _u8 data[0[01;35m[K][m[K;
[24.321s]                [01;35m[K^[m[K
[24.327s] In file included from [01m[K/slambot/ros2/src/rplidar_ros2/./sdk/include/rplidar.h:40:0[m[K,
[24.329s]                  from [01m[K/slambot/ros2/src/rplidar_ros2/./sdk/src/sdkcommon.h:48[m[K,
[24.331s]                  from [01m[K/slambot/ros2/src/rplidar_ros2/sdk/src/arch/linux/net_socket.cpp:10[m[K:
[24.332s] [01m[K/slambot/ros2/src/rplidar_ros2/./sdk/include/rplidar_cmd.h:260:19:[m[K [01;35m[Kwarning: [m[KISO C++ forbids zero-size array ‘[01m[Kpayload[m[K’ [[01;35m[K-Wpedantic[m[K]
[24.336s]      _u8  payload[0[01;35m[K][m[K;
[24.348s]                    [01;35m[K^[m[K
[24.363s] [01m[K/slambot/ros2/src/rplidar_ros2/sdk/src/arch/linux/net_socket.cpp:[m[K In member function ‘[01m[Kvirtual u_result rp::net::SocketAddress::getAddressAsString(char*, size_t) const[m[K’:
[24.365s] [01m[K/slambot/ros2/src/rplidar_ros2/sdk/src/arch/linux/net_socket.cpp:170:17:[m[K [01;35m[Kwarning: [m[Kordered comparison of pointer with integer zero [[01;35m[K-Wextra[m[K]
[24.366s]      return ans<=[01;35m[K0[m[K?RESULT_OPERATION_FAIL:RESULT_OK;
[24.368s]                  [01;35m[K^[m[K
[24.390s] [01m[K/slambot/ros2/src/rplidar_ros2/sdk/src/arch/linux/net_socket.cpp:[m[K In member function ‘[01m[Kvirtual u_result rp::arch::net::StreamSocketImpl::send(const void*, size_t)[m[K’:
[24.392s] [01m[K/slambot/ros2/src/rplidar_ros2/sdk/src/arch/linux/net_socket.cpp:438:17:[m[K [01;35m[Kwarning: [m[Kcomparison between signed and unsigned integer expressions [[01;35m[K-Wsign-compare[m[K]
[24.394s]          if ([01;35m[Kans == (int)len[m[K) {
[24.395s]              [01;35m[K~~~~^~~~~~~~~~~[m[K
[24.410s] In file included from [01m[K/slambot/ros2/src/rplidar_ros2/./sdk/src/arch/linux/arch_linux.h:42:0[m[K,
[24.412s]                  from [01m[K/slambot/ros2/src/rplidar_ros2/./sdk/src/sdkcommon.h:40[m[K,
[24.413s]                  from [01m[K/slambot/ros2/src/rplidar_ros2/sdk/src/arch/linux/net_socket.cpp:10[m[K:
[24.415s] [01m[K/slambot/ros2/src/rplidar_ros2/sdk/src/arch/linux/net_socket.cpp:[m[K In member function ‘[01m[Kvirtual u_result rp::arch::net::DGramSocketImpl::sendTo(const rp::net::SocketAddress&, const void*, size_t)[m[K’:
[24.417s] [01m[K/slambot/ros2/src/rplidar_ros2/sdk/src/arch/linux/net_socket.cpp:726:24:[m[K [01;35m[Kwarning: [m[Kcomparison between signed and unsigned integer expressions [[01;35m[K-Wsign-compare[m[K]
[24.419s]              assert([01;35m[Kans == (int)l[m[Ken);
[24.421s]                     [01;35m[K~~~~^~~~~~~~~[m[K
[25.241s] [ 61%] [32mBuilding CXX object CMakeFiles/rplidarNode.dir/sdk/src/arch/linux/timer.cpp.o[0m
[26.945s] [ 66%] [32mBuilding CXX object CMakeFiles/rplidarNode.dir/sdk/src/hal/thread.cpp.o[0m
[26.988s] [ 72%] [32mBuilding CXX object CMakeFiles/rplidarNode.dir/sdk/src/rplidar_driver.cpp.o[0m
[28.270s] In file included from [01m[K/slambot/ros2/src/rplidar_ros2/./sdk/include/rplidar.h:39:0[m[K,
[28.272s]                  from [01m[K/slambot/ros2/src/rplidar_ros2/./sdk/src/sdkcommon.h:48[m[K,
[28.274s]                  from [01m[K/slambot/ros2/src/rplidar_ros2/sdk/src/hal/thread.cpp:35[m[K:
[28.279s] [01m[K/slambot/ros2/src/rplidar_ros2/./sdk/include/rplidar_protocol.h:59:15:[m[K [01;35m[Kwarning: [m[KISO C++ forbids zero-size array ‘[01m[Kdata[m[K’ [[01;35m[K-Wpedantic[m[K]
[28.282s]      _u8 data[0[01;35m[K][m[K;
[28.284s]                [01;35m[K^[m[K
[28.288s] In file included from [01m[K/slambot/ros2/src/rplidar_ros2/./sdk/include/rplidar.h:40:0[m[K,
[28.290s]                  from [01m[K/slambot/ros2/src/rplidar_ros2/./sdk/src/sdkcommon.h:48[m[K,
[28.291s]                  from [01m[K/slambot/ros2/src/rplidar_ros2/sdk/src/hal/thread.cpp:35[m[K:
[28.296s] [01m[K/slambot/ros2/src/rplidar_ros2/./sdk/include/rplidar_cmd.h:260:19:[m[K [01;35m[Kwarning: [m[KISO C++ forbids zero-size array ‘[01m[Kpayload[m[K’ [[01;35m[K-Wpedantic[m[K]
[28.297s]      _u8  payload[0[01;35m[K][m[K;
[28.301s]                    [01;35m[K^[m[K
[28.307s] In file included from [01m[K/slambot/ros2/src/rplidar_ros2/sdk/src/hal/thread.cpp:43:0[m[K:
[28.309s] [01m[K/slambot/ros2/src/rplidar_ros2/./sdk/src/arch/linux/thread.hpp:[m[K In member function ‘[01m[Ku_result rp::hal::Thread::join(long unsigned int)[m[K’:
[28.311s] [01m[K/slambot/ros2/src/rplidar_ros2/./sdk/src/arch/linux/thread.hpp:129:37:[m[K [01;35m[Kwarning: [m[Kunused parameter ‘[01m[Ktimeout[m[K’ [[01;35m[K-Wunused-parameter[m[K]
[28.312s]  u_result Thread::join(unsigned long [01;35m[Ktimeout[m[K)
[28.314s]                                      [01;35m[K^~~~~~~[m[K
[28.323s] In file included from [01m[K/slambot/ros2/src/rplidar_ros2/./sdk/include/rplidar.h:39:0[m[K,
[28.324s]                  from [01m[K/slambot/ros2/src/rplidar_ros2/sdk/src/sdkcommon.h:48[m[K,
[28.336s]                  from [01m[K/slambot/ros2/src/rplidar_ros2/sdk/src/rplidar_driver.cpp:35[m[K:
[28.337s] [01m[K/slambot/ros2/src/rplidar_ros2/./sdk/include/rplidar_protocol.h:59:15:[m[K [01;35m[Kwarning: [m[KISO C++ forbids zero-size array ‘[01m[Kdata[m[K’ [[01;35m[K-Wpedantic[m[K]
[28.339s]      _u8 data[0[01;35m[K][m[K;
[28.340s]                [01;35m[K^[m[K
[28.342s] In file included from [01m[K/slambot/ros2/src/rplidar_ros2/./sdk/include/rplidar.h:40:0[m[K,
[28.343s]                  from [01m[K/slambot/ros2/src/rplidar_ros2/sdk/src/sdkcommon.h:48[m[K,
[28.344s]                  from [01m[K/slambot/ros2/src/rplidar_ros2/sdk/src/rplidar_driver.cpp:35[m[K:
[28.345s] [01m[K/slambot/ros2/src/rplidar_ros2/./sdk/include/rplidar_cmd.h:260:19:[m[K [01;35m[Kwarning: [m[KISO C++ forbids zero-size array ‘[01m[Kpayload[m[K’ [[01;35m[K-Wpedantic[m[K]
[28.347s]      _u8  payload[0[01;35m[K][m[K;
[28.348s]                    [01;35m[K^[m[K
[28.445s] [01m[K/slambot/ros2/src/rplidar_ros2/sdk/src/rplidar_driver.cpp:[m[K In member function ‘[01m[Kvirtual u_result rp::standalone::rplidar::RPlidarDriverImplCommon::reset(_u32)[m[K’:
[28.446s] [01m[K/slambot/ros2/src/rplidar_ros2/sdk/src/rplidar_driver.cpp:121:46:[m[K [01;35m[Kwarning: [m[Kunused parameter ‘[01m[Ktimeout[m[K’ [[01;35m[K-Wunused-parameter[m[K]
[28.447s]  u_result RPlidarDriverImplCommon::reset(_u32 [01;35m[Ktimeout[m[K)
[28.449s]                                               [01;35m[K^~~~~~~[m[K
[28.456s] [01m[K/slambot/ros2/src/rplidar_ros2/sdk/src/rplidar_driver.cpp:[m[K In member function ‘[01m[Kvirtual u_result rp::standalone::rplidar::RPlidarDriverImplCommon::checkIfTofLidar(bool&, _u32)[m[K’:
[28.457s] [01m[K/slambot/ros2/src/rplidar_ros2/sdk/src/rplidar_driver.cpp:274:75:[m[K [01;35m[Kwarning: [m[Kunused parameter ‘[01m[Ktimeout[m[K’ [[01;35m[K-Wunused-parameter[m[K]
[28.458s]  u_result RPlidarDriverImplCommon::checkIfTofLidar(bool & isTofLidar, _u32 [01;35m[Ktimeout[m[K)
[28.460s]                                                                            [01;35m[K^~~~~~~[m[K
[28.489s] [01m[K/slambot/ros2/src/rplidar_ros2/sdk/src/rplidar_driver.cpp:[m[K In function ‘[01m[K_u32 rp::standalone::rplidar::_crc32cal(_u32, void*, _u16)[m[K’:
[28.491s] [01m[K/slambot/ros2/src/rplidar_ros2/sdk/src/rplidar_driver.cpp:996:23:[m[K [01;35m[Kwarning: [m[Ksuggest parentheses around ‘[01m[K-[m[K’ in operand of ‘[01m[K&[m[K’ [[01;35m[K-Wparentheses[m[K]
[28.492s]      _u8 leftBytes = [01;35m[K4 - len[m[K & 0x3;
[28.494s]                      [01;35m[K~~^~~~~[m[K
[28.502s] [01m[K/slambot/ros2/src/rplidar_ros2/sdk/src/rplidar_driver.cpp:[m[K In member function ‘[01m[Kvirtual void rp::standalone::rplidar::RPlidarDriverImplCommon::_ultraCapsuleToNormal(const rplidar_response_ultra_capsule_measurement_nodes_t&, rplidar_response_measurement_node_hq_t*, size_t&)[m[K’:
[28.503s] [01m[K/slambot/ros2/src/rplidar_ros2/sdk/src/rplidar_driver.cpp:1207:32:[m[K [01;35m[Kwarning: [m[Kcomparison between signed and unsigned integer expressions [[01;35m[K-Wsign-compare[m[K]
[28.505s]              if (([01;35m[Kdist_predict1 == 0xFFFFFE00[m[K) || (dist_predict1 == 0x1FF)) {
[28.506s]                   [01;35m[K~~~~~~~~~~~~~~^~~~~~~~~~~~~[m[K
[28.508s] [01m[K/slambot/ros2/src/rplidar_ros2/sdk/src/rplidar_driver.cpp:1215:32:[m[K [01;35m[Kwarning: [m[Kcomparison between signed and unsigned integer expressions [[01;35m[K-Wsign-compare[m[K]
[28.509s]              if (([01;35m[Kdist_predict2 == 0xFFFFFE00[m[K) || (dist_predict2 == 0x1FF)) {
[28.510s]                   [01;35m[K~~~~~~~~~~~~~~^~~~~~~~~~~~~[m[K
[28.535s] [01m[K/slambot/ros2/src/rplidar_ros2/sdk/src/rplidar_driver.cpp:[m[K In member function ‘[01m[Kvirtual u_result rp::standalone::rplidar::RPlidarDriverImplCommon::getAllSupportedScanModes(std::vector<rp::standalone::rplidar::RplidarScanMode>&, _u32)[m[K’:
[28.536s] [01m[K/slambot/ros2/src/rplidar_ros2/sdk/src/rplidar_driver.cpp:1453:105:[m[K [01;35m[Kwarning: [m[Kunused parameter ‘[01m[KtimeoutInMs[m[K’ [[01;35m[K-Wunused-parameter[m[K]
[28.538s]  u_result RPlidarDriverImplCommon::getAllSupportedScanModes(std::vector<RplidarScanMode>& outModes, _u32 [01;35m[KtimeoutInMs[m[K)
[28.539s]                                                                                                          [01;35m[K^~~~~~~~~~~[m[K
[28.544s] [01m[K/slambot/ros2/src/rplidar_ros2/sdk/src/rplidar_driver.cpp:[m[K In member function ‘[01m[Kvirtual u_result rp::standalone::rplidar::RPlidarDriverImplCommon::startScan(bool, bool, _u32, rp::standalone::rplidar::RplidarScanMode*)[m[K’:
[28.546s] [01m[K/slambot/ros2/src/rplidar_ros2/sdk/src/rplidar_driver.cpp:1550:83:[m[K [01;35m[Kwarning: [m[Kunused parameter ‘[01m[Koptions[m[K’ [[01;35m[K-Wunused-parameter[m[K]
[28.547s]  u_result RPlidarDriverImplCommon::startScan(bool force, bool useTypicalScan, _u32 [01;35m[Koptions[m[K, RplidarScanMode* outUsedScanMode)
[28.549s]                                                                                    [01;35m[K^~~~~~~[m[K
[28.556s] [01m[K/slambot/ros2/src/rplidar_ros2/sdk/src/rplidar_driver.cpp:[m[K In member function ‘[01m[Kvirtual u_result rp::standalone::rplidar::RPlidarDriverImplCommon::stop(_u32)[m[K’:
[28.558s] [01m[K/slambot/ros2/src/rplidar_ros2/sdk/src/rplidar_driver.cpp:1774:45:[m[K [01;35m[Kwarning: [m[Kunused parameter ‘[01m[Ktimeout[m[K’ [[01;35m[K-Wunused-parameter[m[K]
[28.559s]  u_result RPlidarDriverImplCommon::stop(_u32 [01;35m[Ktimeout[m[K)
[28.560s]                                              [01;35m[K^~~~~~~[m[K
[28.575s] [01m[K/slambot/ros2/src/rplidar_ros2/sdk/src/rplidar_driver.cpp:[m[K In member function ‘[01m[Kvirtual u_result rp::standalone::rplidar::RPlidarDriverImplCommon::setLidarSpinSpeed(_u16, _u32)[m[K’:
[28.578s] [01m[K/slambot/ros2/src/rplidar_ros2/sdk/src/rplidar_driver.cpp:2162:68:[m[K [01;35m[Kwarning: [m[Kunused parameter ‘[01m[Ktimeout[m[K’ [[01;35m[K-Wunused-parameter[m[K]
[28.579s]  u_result RPlidarDriverImplCommon::setLidarSpinSpeed(_u16 rpm, _u32 [01;35m[Ktimeout[m[K)
[28.580s]                                                                     [01;35m[K^~~~~~~[m[K
[28.586s] [01m[K/slambot/ros2/src/rplidar_ros2/sdk/src/rplidar_driver.cpp:[m[K In member function ‘[01m[Kvirtual u_result rp::standalone::rplidar::RPlidarDriverSerial::connect(const char*, _u32, _u32)[m[K’:
[28.588s] [01m[K/slambot/ros2/src/rplidar_ros2/sdk/src/rplidar_driver.cpp:2240:83:[m[K [01;35m[Kwarning: [m[Kunused parameter ‘[01m[Kflag[m[K’ [[01;35m[K-Wunused-parameter[m[K]
[28.589s]  u_result RPlidarDriverSerial::connect(const char * port_path, _u32 baudrate, _u32 [01;35m[Kflag[m[K)
[28.590s]                                                                                    [01;35m[K^~~~[m[K
[28.592s] [01m[K/slambot/ros2/src/rplidar_ros2/sdk/src/rplidar_driver.cpp:[m[K In member function ‘[01m[Kvirtual u_result rp::standalone::rplidar::RPlidarDriverTCP::connect(const char*, _u32, _u32)[m[K’:
[28.593s] [01m[K/slambot/ros2/src/rplidar_ros2/sdk/src/rplidar_driver.cpp:2282:72:[m[K [01;35m[Kwarning: [m[Kunused parameter ‘[01m[Kflag[m[K’ [[01;35m[K-Wunused-parameter[m[K]
[28.594s]  u_result RPlidarDriverTCP::connect(const char * ipStr, _u32 port, _u32 [01;35m[Kflag[m[K)
[28.599s]                                                                         [01;35m[K^~~~[m[K
[29.775s] [ 77%] [32m[1mLinking CXX shared library librplidar_composition_node.so[0m
[30.087s] [ 83%] [32m[1mLinking CXX executable rplidarNode[0m
[31.913s] [ 83%] Built target rplidar_composition_node
[31.968s] [35m[1mScanning dependencies of target rplidar_composition[0m
[32.126s] [ 83%] Built target rplidarNode
[32.161s] [ 88%] [32mBuilding CXX object CMakeFiles/rplidar_composition.dir/src/standalone_rplidar.cpp.o[0m
[32.567s] In file included from [01m[K/slambot/ros2/src/rplidar_ros2/src/standalone_rplidar.cpp:16:0[m[K:
[32.568s] [01m[K/slambot/ros2/src/rplidar_ros2/include/rplidar_node.hpp:50:0:[m[K [01;35m[Kwarning: [m[K"M_PI" redefined
[32.569s]  #define M_PI 3.1415926535897932384626433832795
[32.569s]  
[32.570s] In file included from [01m[K/usr/include/c++/7/cmath:45:0[m[K,
[32.570s]                  from [01m[K/opt/ros/foxy/install/include/libstatistics_collector/moving_average_statistics/types.hpp:18[m[K,
[32.573s]                  from [01m[K/opt/ros/foxy/install/include/libstatistics_collector/collector/generate_statistics_message.hpp:24[m[K,
[32.574s]                  from [01m[K/opt/ros/foxy/install/include/rclcpp/topic_statistics/subscription_topic_statistics.hpp:23[m[K,
[32.575s]                  from [01m[K/opt/ros/foxy/install/include/rclcpp/subscription.hpp:50[m[K,
[32.575s]                  from [01m[K/opt/ros/foxy/install/include/rclcpp/any_executable.hpp:25[m[K,
[32.576s]                  from [01m[K/opt/ros/foxy/install/include/rclcpp/memory_strategy.hpp:24[m[K,
[32.577s]                  from [01m[K/opt/ros/foxy/install/include/rclcpp/memory_strategies.hpp:18[m[K,
[32.577s]                  from [01m[K/opt/ros/foxy/install/include/rclcpp/executor_options.hpp:20[m[K,
[32.578s]                  from [01m[K/opt/ros/foxy/install/include/rclcpp/executor.hpp:33[m[K,
[32.578s]                  from [01m[K/opt/ros/foxy/install/include/rclcpp/executors/multi_threaded_executor.hpp:26[m[K,
[32.579s]                  from [01m[K/opt/ros/foxy/install/include/rclcpp/executors.hpp:21[m[K,
[32.579s]                  from [01m[K/opt/ros/foxy/install/include/rclcpp/rclcpp.hpp:146[m[K,
[32.580s]                  from [01m[K/slambot/ros2/src/rplidar_ros2/include/rplidar_node.hpp:34[m[K,
[32.580s]                  from [01m[K/slambot/ros2/src/rplidar_ros2/src/standalone_rplidar.cpp:16[m[K:
[32.581s] [01m[K/usr/include/math.h:777:0:[m[K [01;36m[Knote: [m[Kthis is the location of the previous definition
[32.581s]  # define M_PI  3.14159265358979323846 /* pi */
[32.582s]  
[33.687s] [ 94%] [32m[1mLinking CXX executable rplidarNodeClient[0m
[35.682s] [ 94%] Built target rplidarNodeClient
[38.488s] In file included from [01m[K/slambot/ros2/src/rplidar_ros2/./sdk/include/rplidar.h:39:0[m[K,
[38.489s]                  from [01m[K/slambot/ros2/src/rplidar_ros2/include/rplidar_node.hpp:41[m[K,
[38.489s]                  from [01m[K/slambot/ros2/src/rplidar_ros2/src/standalone_rplidar.cpp:16[m[K:
[38.490s] [01m[K/slambot/ros2/src/rplidar_ros2/./sdk/include/rplidar_protocol.h:59:15:[m[K [01;35m[Kwarning: [m[KISO C++ forbids zero-size array ‘[01m[Kdata[m[K’ [[01;35m[K-Wpedantic[m[K]
[38.491s]      _u8 data[0[01;35m[K][m[K;
[38.492s]                [01;35m[K^[m[K
[38.492s] In file included from [01m[K/slambot/ros2/src/rplidar_ros2/./sdk/include/rplidar.h:40:0[m[K,
[38.493s]                  from [01m[K/slambot/ros2/src/rplidar_ros2/include/rplidar_node.hpp:41[m[K,
[38.493s]                  from [01m[K/slambot/ros2/src/rplidar_ros2/src/standalone_rplidar.cpp:16[m[K:
[38.494s] [01m[K/slambot/ros2/src/rplidar_ros2/./sdk/include/rplidar_cmd.h:260:19:[m[K [01;35m[Kwarning: [m[KISO C++ forbids zero-size array ‘[01m[Kpayload[m[K’ [[01;35m[K-Wpedantic[m[K]
[38.495s]      _u8  payload[0[01;35m[K][m[K;
[38.495s]                    [01;35m[K^[m[K
[40.033s] In file included from [01m[K/slambot/ros2/src/rplidar_ros2/src/standalone_rplidar.cpp:16:0[m[K:
[40.033s] [01m[K/slambot/ros2/src/rplidar_ros2/include/rplidar_node.hpp:76:14:[m[K [01;35m[Kwarning: [m[K‘[01m[Kfloat rplidar_ros::getAngle(const rplidar_response_measurement_node_hq_t&)[m[K’ defined but not used [[01;35m[K-Wunused-function[m[K]
[40.034s]  static float [01;35m[KgetAngle[m[K(const rplidar_response_measurement_node_hq_t& node)
[40.035s]               [01;35m[K^~~~~~~~[m[K
[40.488s] [100%] [32m[1mLinking CXX executable rplidar_composition[0m
[41.913s] [100%] Built target rplidar_composition
[41.957s] Invoked command in '/slambot/ros2/build/rplidar_ros' returned '0': CMAKE_PREFIX_PATH=/workspace/install/jetbot_ros:${CMAKE_PREFIX_PATH} /usr/bin/cmake --build /slambot/ros2/build/rplidar_ros -- -j4 -l4
[42.117s] Invoking command in '/slambot/ros2/build/rplidar_ros': CMAKE_PREFIX_PATH=/workspace/install/jetbot_ros:${CMAKE_PREFIX_PATH} /usr/bin/cmake --build /slambot/ros2/build/rplidar_ros --target install -- -j4 -l4
[42.363s] [ 11%] Built target rplidarNodeClient
[42.367s] [ 50%] Built target rplidarNode
[42.369s] [ 88%] Built target rplidar_composition_node
[42.490s] [100%] Built target rplidar_composition
[42.562s] [36mInstall the project...[0m
[42.597s] -- Install configuration: ""
[42.598s] -- Installing: /slambot/ros2/install/rplidar_ros/lib/rplidar_ros/rplidarNode
[42.605s] -- Set runtime path of "/slambot/ros2/install/rplidar_ros/lib/rplidar_ros/rplidarNode" to ""
[42.606s] -- Installing: /slambot/ros2/install/rplidar_ros/lib/rplidar_ros/rplidarNodeClient
[42.615s] -- Set runtime path of "/slambot/ros2/install/rplidar_ros/lib/rplidar_ros/rplidarNodeClient" to ""
[42.616s] -- Installing: /slambot/ros2/install/rplidar_ros/lib/rplidar_ros/rplidar_composition
[42.617s] -- Set runtime path of "/slambot/ros2/install/rplidar_ros/lib/rplidar_ros/rplidar_composition" to ""
[42.619s] -- Installing: /slambot/ros2/install/rplidar_ros/share/rplidar_ros/launch
[42.620s] -- Installing: /slambot/ros2/install/rplidar_ros/share/rplidar_ros/launch/rplidar.launch.py
[42.621s] -- Installing: /slambot/ros2/install/rplidar_ros/share/rplidar_ros/launch/rplidar_a3.launch.py
[42.621s] -- Installing: /slambot/ros2/install/rplidar_ros/share/rplidar_ros/launch/rplidar_s1_tcp.launch.py
[42.622s] -- Installing: /slambot/ros2/install/rplidar_ros/share/rplidar_ros/launch/rplidar_s1.launch.py
[42.622s] -- Installing: /slambot/ros2/install/rplidar_ros/share/rplidar_ros/launch/test_rplidar_a3.launch.py
[42.623s] -- Installing: /slambot/ros2/install/rplidar_ros/share/rplidar_ros/launch/test_rplidar.launch.py
[42.624s] -- Installing: /slambot/ros2/install/rplidar_ros/share/rplidar_ros/launch/view_rplidar_a3.launch.py
[42.624s] -- Installing: /slambot/ros2/install/rplidar_ros/share/rplidar_ros/launch/view_rplidar_s1_tcp.launch.py
[42.625s] -- Installing: /slambot/ros2/install/rplidar_ros/share/rplidar_ros/launch/view_rplidar.launch.py
[42.625s] -- Installing: /slambot/ros2/install/rplidar_ros/share/rplidar_ros/launch/view_rplidar_s1.launch.py
[42.626s] -- Installing: /slambot/ros2/install/rplidar_ros/share/rplidar_ros/rviz
[42.626s] -- Installing: /slambot/ros2/install/rplidar_ros/share/rplidar_ros/rviz/rplidar.rviz
[42.627s] -- Installing: /slambot/ros2/install/rplidar_ros/lib/librplidar_composition_node.so
[42.631s] -- Set runtime path of "/slambot/ros2/install/rplidar_ros/lib/librplidar_composition_node.so" to ""
[42.632s] -- Installing: /slambot/ros2/install/rplidar_ros/include
[42.632s] -- Installing: /slambot/ros2/install/rplidar_ros/include/visibility.h
[42.633s] -- Installing: /slambot/ros2/install/rplidar_ros/include/rplidar_node.hpp
[42.633s] -- Up-to-date: /slambot/ros2/install/rplidar_ros/lib/rplidar_ros/rplidarNode
[42.634s] -- Up-to-date: /slambot/ros2/install/rplidar_ros/lib/rplidar_ros/rplidarNodeClient
[42.635s] -- Up-to-date: /slambot/ros2/install/rplidar_ros/lib/rplidar_ros/rplidar_composition
[42.636s] -- Installing: /slambot/ros2/install/rplidar_ros/share/ament_index/resource_index/package_run_dependencies/rplidar_ros
[42.637s] -- Installing: /slambot/ros2/install/rplidar_ros/share/ament_index/resource_index/parent_prefix_path/rplidar_ros
[42.638s] -- Installing: /slambot/ros2/install/rplidar_ros/share/rplidar_ros/environment/ament_prefix_path.sh
[42.639s] -- Installing: /slambot/ros2/install/rplidar_ros/share/rplidar_ros/environment/ament_prefix_path.dsv
[42.640s] -- Installing: /slambot/ros2/install/rplidar_ros/share/rplidar_ros/environment/path.sh
[42.641s] -- Installing: /slambot/ros2/install/rplidar_ros/share/rplidar_ros/environment/path.dsv
[42.642s] -- Installing: /slambot/ros2/install/rplidar_ros/share/rplidar_ros/local_setup.bash
[42.642s] -- Installing: /slambot/ros2/install/rplidar_ros/share/rplidar_ros/local_setup.sh
[42.643s] -- Installing: /slambot/ros2/install/rplidar_ros/share/rplidar_ros/local_setup.zsh
[42.644s] -- Installing: /slambot/ros2/install/rplidar_ros/share/rplidar_ros/local_setup.dsv
[42.644s] -- Installing: /slambot/ros2/install/rplidar_ros/share/rplidar_ros/package.dsv
[42.645s] -- Installing: /slambot/ros2/install/rplidar_ros/share/ament_index/resource_index/packages/rplidar_ros
[42.646s] -- Installing: /slambot/ros2/install/rplidar_ros/share/rplidar_ros/cmake/ament_cmake_export_dependencies-extras.cmake
[42.646s] -- Installing: /slambot/ros2/install/rplidar_ros/share/rplidar_ros/cmake/ament_cmake_export_include_directories-extras.cmake
[42.647s] -- Installing: /slambot/ros2/install/rplidar_ros/share/rplidar_ros/cmake/rplidar_rosConfig.cmake
[42.647s] -- Installing: /slambot/ros2/install/rplidar_ros/share/rplidar_ros/cmake/rplidar_rosConfig-version.cmake
[42.648s] -- Installing: /slambot/ros2/install/rplidar_ros/share/rplidar_ros/package.xml
[42.660s] Invoked command in '/slambot/ros2/build/rplidar_ros' returned '0': CMAKE_PREFIX_PATH=/workspace/install/jetbot_ros:${CMAKE_PREFIX_PATH} /usr/bin/cmake --build /slambot/ros2/build/rplidar_ros --target install -- -j4 -l4
